0 verbose cli C:\Program Files\nodejs\node.exe C:\Program Files\nodejs\node_modules\npm\bin\npm-cli.js
1 info using npm@10.9.2
2 info using node@v22.16.0
3 silly config load:file:C:\Program Files\nodejs\node_modules\npm\npmrc
4 silly config load:file:D:\musicnew\ResVibesync\.npmrc
5 silly config load:file:C:\Users\ThinkPad\.npmrc
6 silly config load:file:C:\Users\ThinkPad\AppData\Roaming\npm\etc\npmrc
7 verbose title npm install
8 verbose argv "install"
9 verbose logfile logs-max:10 dir:D:\musicnew\ResVibesync\.npm-cache\_logs\2025-07-24T12_31_49_929Z-
10 verbose logfile D:\musicnew\ResVibesync\.npm-cache\_logs\2025-07-24T12_31_49_929Z-debug-0.log
11 silly logfile done cleaning log files
12 silly packumentCache heap:4345298944 maxSize:1086324736 maxEntrySize:543162368
13 silly idealTree buildDeps
14 verbose shrinkwrap failed to load node_modules/.package-lock.json missing from node_modules: node_modules/@babel/code-frame
15 silly reify moves {}
16 silly audit bulk request {
16 silly audit   '@babel/code-frame': [ '7.27.1' ],
16 silly audit   '@babel/generator': [ '7.28.0' ],
16 silly audit   '@babel/helper-globals': [ '7.28.0' ],
16 silly audit   '@babel/helper-module-imports': [ '7.27.1' ],
16 silly audit   '@babel/helper-string-parser': [ '7.27.1' ],
16 silly audit   '@babel/helper-validator-identifier': [ '7.27.1' ],
16 silly audit   '@babel/parser': [ '7.28.0' ],
16 silly audit   '@babel/runtime': [ '7.27.6' ],
16 silly audit   '@babel/template': [ '7.27.2' ],
16 silly audit   '@babel/traverse': [ '7.28.0' ],
16 silly audit   '@babel/types': [ '7.28.0' ],
16 silly audit   '@emotion/babel-plugin': [ '11.13.5' ],
16 silly audit   '@emotion/cache': [ '11.14.0' ],
16 silly audit   '@emotion/hash': [ '0.9.2' ],
16 silly audit   '@emotion/memoize': [ '0.9.0' ],
16 silly audit   '@emotion/react': [ '11.14.0' ],
16 silly audit   '@emotion/serialize': [ '1.3.3' ],
16 silly audit   '@emotion/sheet': [ '1.4.0' ],
16 silly audit   '@emotion/unitless': [ '0.10.0' ],
16 silly audit   '@emotion/use-insertion-effect-with-fallbacks': [ '1.2.0' ],
16 silly audit   '@emotion/utils': [ '1.4.2' ],
16 silly audit   '@emotion/weak-memoize': [ '0.4.0' ],
16 silly audit   '@floating-ui/core': [ '1.7.2' ],
16 silly audit   '@floating-ui/dom': [ '1.7.2' ],
16 silly audit   '@floating-ui/utils': [ '0.2.10' ],
16 silly audit   '@jridgewell/gen-mapping': [ '0.3.12' ],
16 silly audit   '@jridgewell/resolve-uri': [ '3.1.2' ],
16 silly audit   '@jridgewell/sourcemap-codec': [ '1.5.4' ],
16 silly audit   '@jridgewell/trace-mapping': [ '0.3.29' ],
16 silly audit   '@kurkle/color': [ '0.3.4' ],
16 silly audit   '@reduxjs/toolkit': [ '2.8.2' ],
16 silly audit   '@standard-schema/spec': [ '1.0.0' ],
16 silly audit   '@standard-schema/utils': [ '0.3.0' ],
16 silly audit   '@tanstack/query-core': [ '5.81.2' ],
16 silly audit   '@tanstack/react-query': [ '5.81.2' ],
16 silly audit   '@types/d3-array': [ '3.2.1' ],
16 silly audit   '@types/d3-color': [ '3.1.3' ],
16 silly audit   '@types/d3-ease': [ '3.0.2' ],
16 silly audit   '@types/d3-interpolate': [ '3.0.4' ],
16 silly audit   '@types/d3-path': [ '3.1.1' ],
16 silly audit   '@types/d3-scale': [ '4.0.9' ],
16 silly audit   '@types/d3-shape': [ '3.1.7' ],
16 silly audit   '@types/d3-time': [ '3.0.4' ],
16 silly audit   '@types/d3-timer': [ '3.0.2' ],
16 silly audit   '@types/parse-json': [ '4.0.2' ],
16 silly audit   '@types/react': [ '19.1.8' ],
16 silly audit   '@types/react-transition-group': [ '4.4.12' ],
16 silly audit   '@types/use-sync-external-store': [ '0.0.6' ],
16 silly audit   asynckit: [ '0.4.0' ],
16 silly audit   'attr-accept': [ '2.2.5' ],
16 silly audit   axios: [ '1.10.0' ],
16 silly audit   'axios-retry': [ '4.5.0' ],
16 silly audit   'babel-plugin-macros': [ '3.1.0' ],
16 silly audit   'call-bind-apply-helpers': [ '1.0.2' ],
16 silly audit   callsites: [ '3.1.0' ],
16 silly audit   'chart.js': [ '4.5.0' ],
16 silly audit   clsx: [ '2.1.1' ],
16 silly audit   'combined-stream': [ '1.0.8' ],
16 silly audit   'convert-source-map': [ '1.9.0' ],
16 silly audit   cosmiconfig: [ '7.1.0' ],
16 silly audit   csstype: [ '3.1.3' ],
16 silly audit   'd3-array': [ '3.2.4' ],
16 silly audit   'd3-color': [ '3.1.0' ],
16 silly audit   'd3-ease': [ '3.0.1' ],
16 silly audit   'd3-format': [ '3.1.0' ],
16 silly audit   'd3-interpolate': [ '3.0.1' ],
16 silly audit   'd3-path': [ '3.1.0' ],
16 silly audit   'd3-scale': [ '4.0.2' ],
16 silly audit   'd3-shape': [ '3.2.0' ],
16 silly audit   'd3-time': [ '3.1.0' ],
16 silly audit   'd3-time-format': [ '4.1.0' ],
16 silly audit   'd3-timer': [ '3.0.1' ],
16 silly audit   debug: [ '4.4.1' ],
16 silly audit   'decimal.js-light': [ '2.5.1' ],
16 silly audit   'delayed-stream': [ '1.0.0' ],
16 silly audit   'dom-helpers': [ '5.2.1' ],
16 silly audit   'dunder-proto': [ '1.0.1' ],
16 silly audit   'error-ex': [ '1.3.2' ],
16 silly audit   'es-define-property': [ '1.0.1' ],
16 silly audit   'es-errors': [ '1.3.0' ],
16 silly audit   'es-object-atoms': [ '1.1.1' ],
16 silly audit   'es-set-tostringtag': [ '2.1.0' ],
16 silly audit   'es-toolkit': [ '1.39.5' ],
16 silly audit   'escape-string-regexp': [ '4.0.0' ],
16 silly audit   eventemitter3: [ '5.0.1' ],
16 silly audit   'file-selector': [ '2.1.2' ],
16 silly audit   'find-root': [ '1.1.0' ],
16 silly audit   'follow-redirects': [ '1.15.9' ],
16 silly audit   'form-data': [ '4.0.3' ],
16 silly audit   'framer-motion': [ '12.19.2' ],
16 silly audit   'function-bind': [ '1.1.2' ],
16 silly audit   'get-intrinsic': [ '1.3.0' ],
16 silly audit   'get-proto': [ '1.0.1' ],
16 silly audit   gopd: [ '1.2.0' ],
16 silly audit   'has-symbols': [ '1.1.0' ],
16 silly audit   'has-tostringtag': [ '1.0.2' ],
16 silly audit   hasown: [ '2.0.2' ],
16 silly audit   'hoist-non-react-statics': [ '3.3.2' ],
16 silly audit   immer: [ '10.1.1' ],
16 silly audit   'import-fresh': [ '3.3.1' ],
16 silly audit   internmap: [ '2.0.3' ],
16 silly audit   'is-arrayish': [ '0.2.1' ],
16 silly audit   'is-core-module': [ '2.16.1' ],
16 silly audit   'is-retry-allowed': [ '2.2.0' ],
16 silly audit   'js-tokens': [ '4.0.0' ],
16 silly audit   jsesc: [ '3.1.0' ],
16 silly audit   'json-parse-even-better-errors': [ '2.3.1' ],
16 silly audit   'lines-and-columns': [ '1.2.4' ],
16 silly audit   'loose-envify': [ '1.4.0' ],
16 silly audit   'math-intrinsics': [ '1.1.0' ],
16 silly audit   'memoize-one': [ '6.0.0' ],
16 silly audit   'mime-db': [ '1.52.0' ],
16 silly audit   'mime-types': [ '2.1.35' ],
16 silly audit   'motion-dom': [ '12.19.0' ],
16 silly audit   'motion-utils': [ '12.19.0' ],
16 silly audit   ms: [ '2.1.3' ],
16 silly audit   'object-assign': [ '4.1.1' ],
16 silly audit   'parent-module': [ '1.0.1' ],
16 silly audit   'parse-json': [ '5.2.0' ],
16 silly audit   'path-parse': [ '1.0.7' ],
16 silly audit   'path-type': [ '4.0.0' ],
16 silly audit   picocolors: [ '1.1.1' ],
16 silly audit   'prop-types': [ '15.8.1' ],
16 silly audit   'proxy-from-env': [ '1.1.0' ],
16 silly audit   react: [ '19.1.0' ],
16 silly audit   'react-chartjs-2': [ '5.3.0' ],
16 silly audit   'react-dom': [ '19.1.0' ],
16 silly audit   'react-dropzone': [ '14.3.8' ],
16 silly audit   'react-icons': [ '4.10.1' ],
16 silly audit   'react-is': [ '16.13.1' ],
16 silly audit   'react-redux': [ '9.2.0' ],
16 silly audit   'react-select': [ '5.10.1' ],
16 silly audit   'react-transition-group': [ '4.4.5' ],
16 silly audit   recharts: [ '3.0.2' ],
16 silly audit   redux: [ '5.0.1' ],
16 silly audit   'redux-thunk': [ '3.1.0' ],
16 silly audit   reselect: [ '5.1.1' ],
16 silly audit   resolve: [ '1.22.10' ],
16 silly audit   'resolve-from': [ '4.0.0' ],
16 silly audit   scheduler: [ '0.26.0' ],
16 silly audit   'source-map': [ '0.5.7' ],
16 silly audit   stylis: [ '4.2.0' ],
16 silly audit   'supports-preserve-symlinks-flag': [ '1.0.0' ],
16 silly audit   'tailwind-merge': [ '3.3.1' ],
16 silly audit   'tiny-invariant': [ '1.3.3' ],
16 silly audit   tslib: [ '2.8.1' ],
16 silly audit   'use-isomorphic-layout-effect': [ '1.2.1' ],
16 silly audit   'use-sync-external-store': [ '1.5.0' ],
16 silly audit   'victory-vendor': [ '37.3.6' ],
16 silly audit   yaml: [ '1.10.2' ]
16 silly audit }
17 http cache yaml@https://registry.npmjs.org/yaml/-/yaml-1.10.2.tgz 1ms (cache hit)
18 http cache victory-vendor@https://registry.npmjs.org/victory-vendor/-/victory-vendor-37.3.6.tgz 0ms (cache hit)
19 http cache use-sync-external-store@https://registry.npmjs.org/use-sync-external-store/-/use-sync-external-store-1.5.0.tgz 0ms (cache hit)
20 http cache tslib@https://registry.npmjs.org/tslib/-/tslib-2.8.1.tgz 0ms (cache hit)
21 http cache use-isomorphic-layout-effect@https://registry.npmjs.org/use-isomorphic-layout-effect/-/use-isomorphic-layout-effect-1.2.1.tgz 0ms (cache hit)
22 http cache tiny-invariant@https://registry.npmjs.org/tiny-invariant/-/tiny-invariant-1.3.3.tgz 0ms (cache hit)
23 http cache tailwind-merge@https://registry.npmjs.org/tailwind-merge/-/tailwind-merge-3.3.1.tgz 0ms (cache hit)
24 http cache supports-preserve-symlinks-flag@https://registry.npmjs.org/supports-preserve-symlinks-flag/-/supports-preserve-symlinks-flag-1.0.0.tgz 0ms (cache hit)
25 http cache stylis@https://registry.npmjs.org/stylis/-/stylis-4.2.0.tgz 1ms (cache hit)
26 http cache source-map@https://registry.npmjs.org/source-map/-/source-map-0.5.7.tgz 0ms (cache hit)
27 http cache scheduler@https://registry.npmjs.org/scheduler/-/scheduler-0.26.0.tgz 0ms (cache hit)
28 http cache reselect@https://registry.npmjs.org/reselect/-/reselect-5.1.1.tgz 0ms (cache hit)
29 http cache resolve-from@https://registry.npmjs.org/resolve-from/-/resolve-from-4.0.0.tgz 0ms (cache hit)
30 http cache resolve@https://registry.npmjs.org/resolve/-/resolve-1.22.10.tgz 0ms (cache hit)
31 http cache redux@https://registry.npmjs.org/redux/-/redux-5.0.1.tgz 0ms (cache hit)
32 http cache recharts@https://registry.npmjs.org/recharts/-/recharts-3.0.2.tgz 0ms (cache hit)
33 http cache redux-thunk@https://registry.npmjs.org/redux-thunk/-/redux-thunk-3.1.0.tgz 0ms (cache hit)
34 http cache react-transition-group@https://registry.npmjs.org/react-transition-group/-/react-transition-group-4.4.5.tgz 0ms (cache hit)
35 http cache react-redux@https://registry.npmjs.org/react-redux/-/react-redux-9.2.0.tgz 0ms (cache hit)
36 http cache react-select@https://registry.npmjs.org/react-select/-/react-select-5.10.1.tgz 0ms (cache hit)
37 http cache react-is@https://registry.npmjs.org/react-is/-/react-is-16.13.1.tgz 0ms (cache hit)
38 http cache react-dom@https://registry.npmjs.org/react-dom/-/react-dom-19.1.0.tgz 0ms (cache hit)
39 http cache react-icons@https://registry.npmjs.org/react-icons/-/react-icons-4.10.1.tgz 0ms (cache hit)
40 http cache react-dropzone@https://registry.npmjs.org/react-dropzone/-/react-dropzone-14.3.8.tgz 1ms (cache hit)
41 http cache react@https://registry.npmjs.org/react/-/react-19.1.0.tgz 0ms (cache hit)
42 http cache prop-types@https://registry.npmjs.org/prop-types/-/prop-types-15.8.1.tgz 0ms (cache hit)
43 http cache proxy-from-env@https://registry.npmjs.org/proxy-from-env/-/proxy-from-env-1.1.0.tgz 0ms (cache hit)
44 http cache react-chartjs-2@https://registry.npmjs.org/react-chartjs-2/-/react-chartjs-2-5.3.0.tgz 0ms (cache hit)
45 http cache picocolors@https://registry.npmjs.org/picocolors/-/picocolors-1.1.1.tgz 0ms (cache hit)
46 http cache path-type@https://registry.npmjs.org/path-type/-/path-type-4.0.0.tgz 0ms (cache hit)
47 http cache parent-module@https://registry.npmjs.org/parent-module/-/parent-module-1.0.1.tgz 0ms (cache hit)
48 http cache parse-json@https://registry.npmjs.org/parse-json/-/parse-json-5.2.0.tgz 0ms (cache hit)
49 http cache object-assign@https://registry.npmjs.org/object-assign/-/object-assign-4.1.1.tgz 0ms (cache hit)
50 http cache path-parse@https://registry.npmjs.org/path-parse/-/path-parse-1.0.7.tgz 0ms (cache hit)
51 http cache motion-utils@https://registry.npmjs.org/motion-utils/-/motion-utils-12.19.0.tgz 0ms (cache hit)
52 http cache motion-dom@https://registry.npmjs.org/motion-dom/-/motion-dom-12.19.0.tgz 0ms (cache hit)
53 http cache ms@https://registry.npmjs.org/ms/-/ms-2.1.3.tgz 0ms (cache hit)
54 http cache mime-db@https://registry.npmjs.org/mime-db/-/mime-db-1.52.0.tgz 0ms (cache hit)
55 http cache memoize-one@https://registry.npmjs.org/memoize-one/-/memoize-one-6.0.0.tgz 0ms (cache hit)
56 http cache math-intrinsics@https://registry.npmjs.org/math-intrinsics/-/math-intrinsics-1.1.0.tgz 0ms (cache hit)
57 http cache mime-types@https://registry.npmjs.org/mime-types/-/mime-types-2.1.35.tgz 0ms (cache hit)
58 http cache loose-envify@https://registry.npmjs.org/loose-envify/-/loose-envify-1.4.0.tgz 0ms (cache hit)
59 http cache lines-and-columns@https://registry.npmjs.org/lines-and-columns/-/lines-and-columns-1.2.4.tgz 0ms (cache hit)
60 http cache json-parse-even-better-errors@https://registry.npmjs.org/json-parse-even-better-errors/-/json-parse-even-better-errors-2.3.1.tgz 0ms (cache hit)
61 http cache js-tokens@https://registry.npmjs.org/js-tokens/-/js-tokens-4.0.0.tgz 0ms (cache hit)
62 http cache is-core-module@https://registry.npmjs.org/is-core-module/-/is-core-module-2.16.1.tgz 0ms (cache hit)
63 http cache is-retry-allowed@https://registry.npmjs.org/is-retry-allowed/-/is-retry-allowed-2.2.0.tgz 0ms (cache hit)
64 http cache jsesc@https://registry.npmjs.org/jsesc/-/jsesc-3.1.0.tgz 0ms (cache hit)
65 http cache is-arrayish@https://registry.npmjs.org/is-arrayish/-/is-arrayish-0.2.1.tgz 0ms (cache hit)
66 http cache internmap@https://registry.npmjs.org/internmap/-/internmap-2.0.3.tgz 0ms (cache hit)
67 http cache import-fresh@https://registry.npmjs.org/import-fresh/-/import-fresh-3.3.1.tgz 0ms (cache hit)
68 http cache hoist-non-react-statics@https://registry.npmjs.org/hoist-non-react-statics/-/hoist-non-react-statics-3.3.2.tgz 0ms (cache hit)
69 http cache immer@https://registry.npmjs.org/immer/-/immer-10.1.1.tgz 0ms (cache hit)
70 http cache hasown@https://registry.npmjs.org/hasown/-/hasown-2.0.2.tgz 0ms (cache hit)
71 http cache has-tostringtag@https://registry.npmjs.org/has-tostringtag/-/has-tostringtag-1.0.2.tgz 0ms (cache hit)
72 http cache has-symbols@https://registry.npmjs.org/has-symbols/-/has-symbols-1.1.0.tgz 0ms (cache hit)
73 http cache get-proto@https://registry.npmjs.org/get-proto/-/get-proto-1.0.1.tgz 0ms (cache hit)
74 http cache get-intrinsic@https://registry.npmjs.org/get-intrinsic/-/get-intrinsic-1.3.0.tgz 0ms (cache hit)
75 http cache gopd@https://registry.npmjs.org/gopd/-/gopd-1.2.0.tgz 0ms (cache hit)
76 http cache function-bind@https://registry.npmjs.org/function-bind/-/function-bind-1.1.2.tgz 0ms (cache hit)
77 http cache framer-motion@https://registry.npmjs.org/framer-motion/-/framer-motion-12.19.2.tgz 0ms (cache hit)
78 http cache form-data@https://registry.npmjs.org/form-data/-/form-data-4.0.3.tgz 0ms (cache hit)
79 http cache file-selector@https://registry.npmjs.org/file-selector/-/file-selector-2.1.2.tgz 0ms (cache hit)
80 http cache find-root@https://registry.npmjs.org/find-root/-/find-root-1.1.0.tgz 0ms (cache hit)
81 http cache follow-redirects@https://registry.npmjs.org/follow-redirects/-/follow-redirects-1.15.9.tgz 0ms (cache hit)
82 http cache eventemitter3@https://registry.npmjs.org/eventemitter3/-/eventemitter3-5.0.1.tgz 0ms (cache hit)
83 http cache es-set-tostringtag@https://registry.npmjs.org/es-set-tostringtag/-/es-set-tostringtag-2.1.0.tgz 0ms (cache hit)
84 http cache escape-string-regexp@https://registry.npmjs.org/escape-string-regexp/-/escape-string-regexp-4.0.0.tgz 0ms (cache hit)
85 http cache es-object-atoms@https://registry.npmjs.org/es-object-atoms/-/es-object-atoms-1.1.1.tgz 0ms (cache hit)
86 http cache es-toolkit@https://registry.npmjs.org/es-toolkit/-/es-toolkit-1.39.5.tgz 0ms (cache hit)
87 http cache es-errors@https://registry.npmjs.org/es-errors/-/es-errors-1.3.0.tgz 0ms (cache hit)
88 http cache es-define-property@https://registry.npmjs.org/es-define-property/-/es-define-property-1.0.1.tgz 0ms (cache hit)
89 http cache error-ex@https://registry.npmjs.org/error-ex/-/error-ex-1.3.2.tgz 0ms (cache hit)
90 http cache dom-helpers@https://registry.npmjs.org/dom-helpers/-/dom-helpers-5.2.1.tgz 0ms (cache hit)
91 http cache dunder-proto@https://registry.npmjs.org/dunder-proto/-/dunder-proto-1.0.1.tgz 0ms (cache hit)
92 http cache delayed-stream@https://registry.npmjs.org/delayed-stream/-/delayed-stream-1.0.0.tgz 0ms (cache hit)
93 http cache decimal.js-light@https://registry.npmjs.org/decimal.js-light/-/decimal.js-light-2.5.1.tgz 0ms (cache hit)
94 http cache debug@https://registry.npmjs.org/debug/-/debug-4.4.1.tgz 0ms (cache hit)
95 http cache d3-shape@https://registry.npmjs.org/d3-shape/-/d3-shape-3.2.0.tgz 0ms (cache hit)
96 http cache d3-time-format@https://registry.npmjs.org/d3-time-format/-/d3-time-format-4.1.0.tgz 0ms (cache hit)
97 http cache d3-time@https://registry.npmjs.org/d3-time/-/d3-time-3.1.0.tgz 0ms (cache hit)
98 http cache d3-timer@https://registry.npmjs.org/d3-timer/-/d3-timer-3.0.1.tgz 0ms (cache hit)
99 http cache d3-scale@https://registry.npmjs.org/d3-scale/-/d3-scale-4.0.2.tgz 0ms (cache hit)
100 http cache d3-interpolate@https://registry.npmjs.org/d3-interpolate/-/d3-interpolate-3.0.1.tgz 0ms (cache hit)
101 http cache d3-path@https://registry.npmjs.org/d3-path/-/d3-path-3.1.0.tgz 0ms (cache hit)
102 http cache d3-format@https://registry.npmjs.org/d3-format/-/d3-format-3.1.0.tgz 0ms (cache hit)
103 http cache d3-ease@https://registry.npmjs.org/d3-ease/-/d3-ease-3.0.1.tgz 0ms (cache hit)
104 http cache d3-color@https://registry.npmjs.org/d3-color/-/d3-color-3.1.0.tgz 0ms (cache hit)
105 http cache d3-array@https://registry.npmjs.org/d3-array/-/d3-array-3.2.4.tgz 0ms (cache hit)
106 http cache cosmiconfig@https://registry.npmjs.org/cosmiconfig/-/cosmiconfig-7.1.0.tgz 0ms (cache hit)
107 http cache combined-stream@https://registry.npmjs.org/combined-stream/-/combined-stream-1.0.8.tgz 0ms (cache hit)
108 http cache csstype@https://registry.npmjs.org/csstype/-/csstype-3.1.3.tgz 0ms (cache hit)
109 http cache convert-source-map@https://registry.npmjs.org/convert-source-map/-/convert-source-map-1.9.0.tgz 0ms (cache hit)
110 http cache clsx@https://registry.npmjs.org/clsx/-/clsx-2.1.1.tgz 0ms (cache hit)
111 http cache chart.js@https://registry.npmjs.org/chart.js/-/chart.js-4.5.0.tgz 0ms (cache hit)
112 http cache callsites@https://registry.npmjs.org/callsites/-/callsites-3.1.0.tgz 0ms (cache hit)
113 http cache babel-plugin-macros@https://registry.npmjs.org/babel-plugin-macros/-/babel-plugin-macros-3.1.0.tgz 0ms (cache hit)
114 http cache call-bind-apply-helpers@https://registry.npmjs.org/call-bind-apply-helpers/-/call-bind-apply-helpers-1.0.2.tgz 0ms (cache hit)
115 http cache axios-retry@https://registry.npmjs.org/axios-retry/-/axios-retry-4.5.0.tgz 0ms (cache hit)
116 http cache axios@https://registry.npmjs.org/axios/-/axios-1.10.0.tgz 0ms (cache hit)
117 http cache attr-accept@https://registry.npmjs.org/attr-accept/-/attr-accept-2.2.5.tgz 0ms (cache hit)
118 http cache @types/use-sync-external-store@https://registry.npmjs.org/@types/use-sync-external-store/-/use-sync-external-store-0.0.6.tgz 0ms (cache hit)
119 http cache @types/react-transition-group@https://registry.npmjs.org/@types/react-transition-group/-/react-transition-group-4.4.12.tgz 0ms (cache hit)
120 http cache asynckit@https://registry.npmjs.org/asynckit/-/asynckit-0.4.0.tgz 0ms (cache hit)
121 http cache @types/react@https://registry.npmjs.org/@types/react/-/react-19.1.8.tgz 0ms (cache hit)
122 http cache @types/parse-json@https://registry.npmjs.org/@types/parse-json/-/parse-json-4.0.2.tgz 0ms (cache hit)
123 http cache @types/d3-timer@https://registry.npmjs.org/@types/d3-timer/-/d3-timer-3.0.2.tgz 0ms (cache hit)
124 http cache @types/d3-shape@https://registry.npmjs.org/@types/d3-shape/-/d3-shape-3.1.7.tgz 0ms (cache hit)
125 http cache @types/d3-time@https://registry.npmjs.org/@types/d3-time/-/d3-time-3.0.4.tgz 0ms (cache hit)
126 http cache @types/d3-scale@https://registry.npmjs.org/@types/d3-scale/-/d3-scale-4.0.9.tgz 0ms (cache hit)
127 http cache @types/d3-path@https://registry.npmjs.org/@types/d3-path/-/d3-path-3.1.1.tgz 0ms (cache hit)
128 http cache @types/d3-interpolate@https://registry.npmjs.org/@types/d3-interpolate/-/d3-interpolate-3.0.4.tgz 0ms (cache hit)
129 http cache @types/d3-array@https://registry.npmjs.org/@types/d3-array/-/d3-array-3.2.1.tgz 0ms (cache hit)
130 http cache @types/d3-ease@https://registry.npmjs.org/@types/d3-ease/-/d3-ease-3.0.2.tgz 0ms (cache hit)
131 http cache @tanstack/react-query@https://registry.npmjs.org/@tanstack/react-query/-/react-query-5.81.2.tgz 0ms (cache hit)
132 http cache @types/d3-color@https://registry.npmjs.org/@types/d3-color/-/d3-color-3.1.3.tgz 0ms (cache hit)
133 http cache @tanstack/query-core@https://registry.npmjs.org/@tanstack/query-core/-/query-core-5.81.2.tgz 0ms (cache hit)
134 http cache @standard-schema/utils@https://registry.npmjs.org/@standard-schema/utils/-/utils-0.3.0.tgz 0ms (cache hit)
135 http cache @reduxjs/toolkit@https://registry.npmjs.org/@reduxjs/toolkit/-/toolkit-2.8.2.tgz 0ms (cache hit)
136 http cache @jridgewell/trace-mapping@https://registry.npmjs.org/@jridgewell/trace-mapping/-/trace-mapping-0.3.29.tgz 0ms (cache hit)
137 http cache @kurkle/color@https://registry.npmjs.org/@kurkle/color/-/color-0.3.4.tgz 0ms (cache hit)
138 http cache @standard-schema/spec@https://registry.npmjs.org/@standard-schema/spec/-/spec-1.0.0.tgz 0ms (cache hit)
139 http cache @jridgewell/sourcemap-codec@https://registry.npmjs.org/@jridgewell/sourcemap-codec/-/sourcemap-codec-1.5.4.tgz 0ms (cache hit)
140 http cache @jridgewell/gen-mapping@https://registry.npmjs.org/@jridgewell/gen-mapping/-/gen-mapping-0.3.12.tgz 0ms (cache hit)
141 http cache @emotion/weak-memoize@https://registry.npmjs.org/@emotion/weak-memoize/-/weak-memoize-0.4.0.tgz 0ms (cache hit)
142 http cache @floating-ui/utils@https://registry.npmjs.org/@floating-ui/utils/-/utils-0.2.10.tgz 0ms (cache hit)
143 http cache @jridgewell/resolve-uri@https://registry.npmjs.org/@jridgewell/resolve-uri/-/resolve-uri-3.1.2.tgz 0ms (cache hit)
144 http cache @floating-ui/dom@https://registry.npmjs.org/@floating-ui/dom/-/dom-1.7.2.tgz 0ms (cache hit)
145 http cache @floating-ui/core@https://registry.npmjs.org/@floating-ui/core/-/core-1.7.2.tgz 0ms (cache hit)
146 http cache @emotion/utils@https://registry.npmjs.org/@emotion/utils/-/utils-1.4.2.tgz 0ms (cache hit)
147 http cache @emotion/use-insertion-effect-with-fallbacks@https://registry.npmjs.org/@emotion/use-insertion-effect-with-fallbacks/-/use-insertion-effect-with-fallbacks-1.2.0.tgz 0ms (cache hit)
148 http cache @emotion/unitless@https://registry.npmjs.org/@emotion/unitless/-/unitless-0.10.0.tgz 0ms (cache hit)
149 http cache @emotion/sheet@https://registry.npmjs.org/@emotion/sheet/-/sheet-1.4.0.tgz 0ms (cache hit)
150 http cache @emotion/serialize@https://registry.npmjs.org/@emotion/serialize/-/serialize-1.3.3.tgz 0ms (cache hit)
151 http cache @emotion/react@https://registry.npmjs.org/@emotion/react/-/react-11.14.0.tgz 0ms (cache hit)
152 http cache @emotion/cache@https://registry.npmjs.org/@emotion/cache/-/cache-11.14.0.tgz 0ms (cache hit)
153 http cache @emotion/hash@https://registry.npmjs.org/@emotion/hash/-/hash-0.9.2.tgz 0ms (cache hit)
154 http cache @emotion/memoize@https://registry.npmjs.org/@emotion/memoize/-/memoize-0.9.0.tgz 0ms (cache hit)
155 http cache @emotion/babel-plugin@https://registry.npmjs.org/@emotion/babel-plugin/-/babel-plugin-11.13.5.tgz 0ms (cache hit)
156 http cache @babel/types@https://registry.npmjs.org/@babel/types/-/types-7.28.0.tgz 0ms (cache hit)
157 http cache @babel/traverse@https://registry.npmjs.org/@babel/traverse/-/traverse-7.28.0.tgz 0ms (cache hit)
158 http cache @babel/template@https://registry.npmjs.org/@babel/template/-/template-7.27.2.tgz 0ms (cache hit)
159 http cache @babel/runtime@https://registry.npmjs.org/@babel/runtime/-/runtime-7.27.6.tgz 0ms (cache hit)
160 http cache @babel/parser@https://registry.npmjs.org/@babel/parser/-/parser-7.28.0.tgz 0ms (cache hit)
161 http cache @babel/helper-validator-identifier@https://registry.npmjs.org/@babel/helper-validator-identifier/-/helper-validator-identifier-7.27.1.tgz 0ms (cache hit)
162 http cache @babel/helper-module-imports@https://registry.npmjs.org/@babel/helper-module-imports/-/helper-module-imports-7.27.1.tgz 0ms (cache hit)
163 http cache @babel/helper-globals@https://registry.npmjs.org/@babel/helper-globals/-/helper-globals-7.28.0.tgz 0ms (cache hit)
164 http cache @babel/helper-string-parser@https://registry.npmjs.org/@babel/helper-string-parser/-/helper-string-parser-7.27.1.tgz 0ms (cache hit)
165 silly tarball no local data for yaml@https://registry.npmjs.org/yaml/-/yaml-1.10.2.tgz. Extracting by manifest.
166 silly tarball no local data for victory-vendor@https://registry.npmjs.org/victory-vendor/-/victory-vendor-37.3.6.tgz. Extracting by manifest.
167 silly tarball no local data for use-sync-external-store@https://registry.npmjs.org/use-sync-external-store/-/use-sync-external-store-1.5.0.tgz. Extracting by manifest.
168 silly tarball no local data for tslib@https://registry.npmjs.org/tslib/-/tslib-2.8.1.tgz. Extracting by manifest.
169 silly tarball no local data for use-isomorphic-layout-effect@https://registry.npmjs.org/use-isomorphic-layout-effect/-/use-isomorphic-layout-effect-1.2.1.tgz. Extracting by manifest.
170 silly tarball no local data for tiny-invariant@https://registry.npmjs.org/tiny-invariant/-/tiny-invariant-1.3.3.tgz. Extracting by manifest.
171 silly tarball no local data for tailwind-merge@https://registry.npmjs.org/tailwind-merge/-/tailwind-merge-3.3.1.tgz. Extracting by manifest.
172 silly tarball no local data for supports-preserve-symlinks-flag@https://registry.npmjs.org/supports-preserve-symlinks-flag/-/supports-preserve-symlinks-flag-1.0.0.tgz. Extracting by manifest.
173 http cache @babel/code-frame@https://registry.npmjs.org/@babel/code-frame/-/code-frame-7.27.1.tgz 0ms (cache hit)
174 http cache @babel/generator@https://registry.npmjs.org/@babel/generator/-/generator-7.28.0.tgz 0ms (cache hit)
175 silly tarball no local data for stylis@https://registry.npmjs.org/stylis/-/stylis-4.2.0.tgz. Extracting by manifest.
176 silly tarball no local data for source-map@https://registry.npmjs.org/source-map/-/source-map-0.5.7.tgz. Extracting by manifest.
177 silly tarball no local data for scheduler@https://registry.npmjs.org/scheduler/-/scheduler-0.26.0.tgz. Extracting by manifest.
178 silly tarball no local data for reselect@https://registry.npmjs.org/reselect/-/reselect-5.1.1.tgz. Extracting by manifest.
179 silly tarball no local data for resolve-from@https://registry.npmjs.org/resolve-from/-/resolve-from-4.0.0.tgz. Extracting by manifest.
180 silly tarball no local data for resolve@https://registry.npmjs.org/resolve/-/resolve-1.22.10.tgz. Extracting by manifest.
181 silly tarball no local data for redux@https://registry.npmjs.org/redux/-/redux-5.0.1.tgz. Extracting by manifest.
182 silly tarball no local data for recharts@https://registry.npmjs.org/recharts/-/recharts-3.0.2.tgz. Extracting by manifest.
183 silly tarball no local data for redux-thunk@https://registry.npmjs.org/redux-thunk/-/redux-thunk-3.1.0.tgz. Extracting by manifest.
184 silly tarball no local data for react-transition-group@https://registry.npmjs.org/react-transition-group/-/react-transition-group-4.4.5.tgz. Extracting by manifest.
185 silly tarball no local data for react-redux@https://registry.npmjs.org/react-redux/-/react-redux-9.2.0.tgz. Extracting by manifest.
186 silly tarball no local data for react-select@https://registry.npmjs.org/react-select/-/react-select-5.10.1.tgz. Extracting by manifest.
187 silly tarball no local data for react-is@https://registry.npmjs.org/react-is/-/react-is-16.13.1.tgz. Extracting by manifest.
188 silly tarball no local data for react-dom@https://registry.npmjs.org/react-dom/-/react-dom-19.1.0.tgz. Extracting by manifest.
189 silly tarball no local data for react-icons@https://registry.npmjs.org/react-icons/-/react-icons-4.10.1.tgz. Extracting by manifest.
190 silly tarball no local data for react-dropzone@https://registry.npmjs.org/react-dropzone/-/react-dropzone-14.3.8.tgz. Extracting by manifest.
191 silly tarball no local data for react@https://registry.npmjs.org/react/-/react-19.1.0.tgz. Extracting by manifest.
192 silly tarball no local data for prop-types@https://registry.npmjs.org/prop-types/-/prop-types-15.8.1.tgz. Extracting by manifest.
193 silly tarball no local data for proxy-from-env@https://registry.npmjs.org/proxy-from-env/-/proxy-from-env-1.1.0.tgz. Extracting by manifest.
194 silly tarball no local data for react-chartjs-2@https://registry.npmjs.org/react-chartjs-2/-/react-chartjs-2-5.3.0.tgz. Extracting by manifest.
195 silly tarball no local data for picocolors@https://registry.npmjs.org/picocolors/-/picocolors-1.1.1.tgz. Extracting by manifest.
196 silly tarball no local data for path-type@https://registry.npmjs.org/path-type/-/path-type-4.0.0.tgz. Extracting by manifest.
197 silly tarball no local data for parent-module@https://registry.npmjs.org/parent-module/-/parent-module-1.0.1.tgz. Extracting by manifest.
198 silly tarball no local data for parse-json@https://registry.npmjs.org/parse-json/-/parse-json-5.2.0.tgz. Extracting by manifest.
199 silly tarball no local data for object-assign@https://registry.npmjs.org/object-assign/-/object-assign-4.1.1.tgz. Extracting by manifest.
200 silly tarball no local data for path-parse@https://registry.npmjs.org/path-parse/-/path-parse-1.0.7.tgz. Extracting by manifest.
201 silly tarball no local data for motion-utils@https://registry.npmjs.org/motion-utils/-/motion-utils-12.19.0.tgz. Extracting by manifest.
202 silly tarball no local data for motion-dom@https://registry.npmjs.org/motion-dom/-/motion-dom-12.19.0.tgz. Extracting by manifest.
203 silly tarball no local data for ms@https://registry.npmjs.org/ms/-/ms-2.1.3.tgz. Extracting by manifest.
204 silly tarball no local data for mime-db@https://registry.npmjs.org/mime-db/-/mime-db-1.52.0.tgz. Extracting by manifest.
205 silly tarball no local data for memoize-one@https://registry.npmjs.org/memoize-one/-/memoize-one-6.0.0.tgz. Extracting by manifest.
206 silly tarball no local data for math-intrinsics@https://registry.npmjs.org/math-intrinsics/-/math-intrinsics-1.1.0.tgz. Extracting by manifest.
207 silly tarball no local data for mime-types@https://registry.npmjs.org/mime-types/-/mime-types-2.1.35.tgz. Extracting by manifest.
208 silly tarball no local data for loose-envify@https://registry.npmjs.org/loose-envify/-/loose-envify-1.4.0.tgz. Extracting by manifest.
209 silly tarball no local data for lines-and-columns@https://registry.npmjs.org/lines-and-columns/-/lines-and-columns-1.2.4.tgz. Extracting by manifest.
210 silly tarball no local data for json-parse-even-better-errors@https://registry.npmjs.org/json-parse-even-better-errors/-/json-parse-even-better-errors-2.3.1.tgz. Extracting by manifest.
211 silly tarball no local data for js-tokens@https://registry.npmjs.org/js-tokens/-/js-tokens-4.0.0.tgz. Extracting by manifest.
212 silly tarball no local data for is-core-module@https://registry.npmjs.org/is-core-module/-/is-core-module-2.16.1.tgz. Extracting by manifest.
213 silly tarball no local data for is-retry-allowed@https://registry.npmjs.org/is-retry-allowed/-/is-retry-allowed-2.2.0.tgz. Extracting by manifest.
214 silly tarball no local data for jsesc@https://registry.npmjs.org/jsesc/-/jsesc-3.1.0.tgz. Extracting by manifest.
215 silly tarball no local data for is-arrayish@https://registry.npmjs.org/is-arrayish/-/is-arrayish-0.2.1.tgz. Extracting by manifest.
216 silly tarball no local data for internmap@https://registry.npmjs.org/internmap/-/internmap-2.0.3.tgz. Extracting by manifest.
217 silly tarball no local data for import-fresh@https://registry.npmjs.org/import-fresh/-/import-fresh-3.3.1.tgz. Extracting by manifest.
218 silly tarball no local data for hoist-non-react-statics@https://registry.npmjs.org/hoist-non-react-statics/-/hoist-non-react-statics-3.3.2.tgz. Extracting by manifest.
219 silly tarball no local data for immer@https://registry.npmjs.org/immer/-/immer-10.1.1.tgz. Extracting by manifest.
220 silly tarball no local data for hasown@https://registry.npmjs.org/hasown/-/hasown-2.0.2.tgz. Extracting by manifest.
221 silly tarball no local data for has-tostringtag@https://registry.npmjs.org/has-tostringtag/-/has-tostringtag-1.0.2.tgz. Extracting by manifest.
222 silly tarball no local data for has-symbols@https://registry.npmjs.org/has-symbols/-/has-symbols-1.1.0.tgz. Extracting by manifest.
223 silly tarball no local data for get-proto@https://registry.npmjs.org/get-proto/-/get-proto-1.0.1.tgz. Extracting by manifest.
224 silly tarball no local data for get-intrinsic@https://registry.npmjs.org/get-intrinsic/-/get-intrinsic-1.3.0.tgz. Extracting by manifest.
225 silly tarball no local data for gopd@https://registry.npmjs.org/gopd/-/gopd-1.2.0.tgz. Extracting by manifest.
226 silly tarball no local data for function-bind@https://registry.npmjs.org/function-bind/-/function-bind-1.1.2.tgz. Extracting by manifest.
227 silly tarball no local data for framer-motion@https://registry.npmjs.org/framer-motion/-/framer-motion-12.19.2.tgz. Extracting by manifest.
228 silly tarball no local data for form-data@https://registry.npmjs.org/form-data/-/form-data-4.0.3.tgz. Extracting by manifest.
229 silly tarball no local data for file-selector@https://registry.npmjs.org/file-selector/-/file-selector-2.1.2.tgz. Extracting by manifest.
230 silly tarball no local data for find-root@https://registry.npmjs.org/find-root/-/find-root-1.1.0.tgz. Extracting by manifest.
231 silly tarball no local data for follow-redirects@https://registry.npmjs.org/follow-redirects/-/follow-redirects-1.15.9.tgz. Extracting by manifest.
232 silly tarball no local data for eventemitter3@https://registry.npmjs.org/eventemitter3/-/eventemitter3-5.0.1.tgz. Extracting by manifest.
233 silly tarball no local data for es-set-tostringtag@https://registry.npmjs.org/es-set-tostringtag/-/es-set-tostringtag-2.1.0.tgz. Extracting by manifest.
234 silly tarball no local data for escape-string-regexp@https://registry.npmjs.org/escape-string-regexp/-/escape-string-regexp-4.0.0.tgz. Extracting by manifest.
235 silly tarball no local data for es-object-atoms@https://registry.npmjs.org/es-object-atoms/-/es-object-atoms-1.1.1.tgz. Extracting by manifest.
236 silly tarball no local data for es-toolkit@https://registry.npmjs.org/es-toolkit/-/es-toolkit-1.39.5.tgz. Extracting by manifest.
237 silly tarball no local data for es-errors@https://registry.npmjs.org/es-errors/-/es-errors-1.3.0.tgz. Extracting by manifest.
238 silly tarball no local data for es-define-property@https://registry.npmjs.org/es-define-property/-/es-define-property-1.0.1.tgz. Extracting by manifest.
239 silly tarball no local data for error-ex@https://registry.npmjs.org/error-ex/-/error-ex-1.3.2.tgz. Extracting by manifest.
240 silly tarball no local data for dom-helpers@https://registry.npmjs.org/dom-helpers/-/dom-helpers-5.2.1.tgz. Extracting by manifest.
241 silly tarball no local data for dunder-proto@https://registry.npmjs.org/dunder-proto/-/dunder-proto-1.0.1.tgz. Extracting by manifest.
242 silly tarball no local data for delayed-stream@https://registry.npmjs.org/delayed-stream/-/delayed-stream-1.0.0.tgz. Extracting by manifest.
243 silly tarball no local data for decimal.js-light@https://registry.npmjs.org/decimal.js-light/-/decimal.js-light-2.5.1.tgz. Extracting by manifest.
244 silly tarball no local data for debug@https://registry.npmjs.org/debug/-/debug-4.4.1.tgz. Extracting by manifest.
245 silly tarball no local data for d3-shape@https://registry.npmjs.org/d3-shape/-/d3-shape-3.2.0.tgz. Extracting by manifest.
246 silly tarball no local data for d3-time-format@https://registry.npmjs.org/d3-time-format/-/d3-time-format-4.1.0.tgz. Extracting by manifest.
247 silly tarball no local data for d3-time@https://registry.npmjs.org/d3-time/-/d3-time-3.1.0.tgz. Extracting by manifest.
248 silly tarball no local data for d3-timer@https://registry.npmjs.org/d3-timer/-/d3-timer-3.0.1.tgz. Extracting by manifest.
249 silly tarball no local data for d3-scale@https://registry.npmjs.org/d3-scale/-/d3-scale-4.0.2.tgz. Extracting by manifest.
250 silly tarball no local data for d3-interpolate@https://registry.npmjs.org/d3-interpolate/-/d3-interpolate-3.0.1.tgz. Extracting by manifest.
251 silly tarball no local data for d3-path@https://registry.npmjs.org/d3-path/-/d3-path-3.1.0.tgz. Extracting by manifest.
252 silly tarball no local data for d3-format@https://registry.npmjs.org/d3-format/-/d3-format-3.1.0.tgz. Extracting by manifest.
253 silly tarball no local data for d3-ease@https://registry.npmjs.org/d3-ease/-/d3-ease-3.0.1.tgz. Extracting by manifest.
254 silly tarball no local data for d3-color@https://registry.npmjs.org/d3-color/-/d3-color-3.1.0.tgz. Extracting by manifest.
255 silly tarball no local data for d3-array@https://registry.npmjs.org/d3-array/-/d3-array-3.2.4.tgz. Extracting by manifest.
256 silly tarball no local data for cosmiconfig@https://registry.npmjs.org/cosmiconfig/-/cosmiconfig-7.1.0.tgz. Extracting by manifest.
257 silly tarball no local data for combined-stream@https://registry.npmjs.org/combined-stream/-/combined-stream-1.0.8.tgz. Extracting by manifest.
258 silly tarball no local data for csstype@https://registry.npmjs.org/csstype/-/csstype-3.1.3.tgz. Extracting by manifest.
259 silly tarball no local data for convert-source-map@https://registry.npmjs.org/convert-source-map/-/convert-source-map-1.9.0.tgz. Extracting by manifest.
260 silly tarball no local data for clsx@https://registry.npmjs.org/clsx/-/clsx-2.1.1.tgz. Extracting by manifest.
261 silly tarball no local data for chart.js@https://registry.npmjs.org/chart.js/-/chart.js-4.5.0.tgz. Extracting by manifest.
262 silly tarball no local data for callsites@https://registry.npmjs.org/callsites/-/callsites-3.1.0.tgz. Extracting by manifest.
263 silly tarball no local data for babel-plugin-macros@https://registry.npmjs.org/babel-plugin-macros/-/babel-plugin-macros-3.1.0.tgz. Extracting by manifest.
264 silly tarball no local data for call-bind-apply-helpers@https://registry.npmjs.org/call-bind-apply-helpers/-/call-bind-apply-helpers-1.0.2.tgz. Extracting by manifest.
265 silly tarball no local data for axios-retry@https://registry.npmjs.org/axios-retry/-/axios-retry-4.5.0.tgz. Extracting by manifest.
266 silly tarball no local data for axios@https://registry.npmjs.org/axios/-/axios-1.10.0.tgz. Extracting by manifest.
267 silly tarball no local data for attr-accept@https://registry.npmjs.org/attr-accept/-/attr-accept-2.2.5.tgz. Extracting by manifest.
268 silly tarball no local data for @types/use-sync-external-store@https://registry.npmjs.org/@types/use-sync-external-store/-/use-sync-external-store-0.0.6.tgz. Extracting by manifest.
269 silly tarball no local data for @types/react-transition-group@https://registry.npmjs.org/@types/react-transition-group/-/react-transition-group-4.4.12.tgz. Extracting by manifest.
270 silly tarball no local data for asynckit@https://registry.npmjs.org/asynckit/-/asynckit-0.4.0.tgz. Extracting by manifest.
271 silly tarball no local data for @types/react@https://registry.npmjs.org/@types/react/-/react-19.1.8.tgz. Extracting by manifest.
272 silly tarball no local data for @types/parse-json@https://registry.npmjs.org/@types/parse-json/-/parse-json-4.0.2.tgz. Extracting by manifest.
273 silly tarball no local data for @types/d3-timer@https://registry.npmjs.org/@types/d3-timer/-/d3-timer-3.0.2.tgz. Extracting by manifest.
274 silly tarball no local data for @types/d3-shape@https://registry.npmjs.org/@types/d3-shape/-/d3-shape-3.1.7.tgz. Extracting by manifest.
275 silly tarball no local data for @types/d3-time@https://registry.npmjs.org/@types/d3-time/-/d3-time-3.0.4.tgz. Extracting by manifest.
276 silly tarball no local data for @types/d3-scale@https://registry.npmjs.org/@types/d3-scale/-/d3-scale-4.0.9.tgz. Extracting by manifest.
277 silly tarball no local data for @types/d3-path@https://registry.npmjs.org/@types/d3-path/-/d3-path-3.1.1.tgz. Extracting by manifest.
278 silly tarball no local data for @types/d3-interpolate@https://registry.npmjs.org/@types/d3-interpolate/-/d3-interpolate-3.0.4.tgz. Extracting by manifest.
279 silly tarball no local data for @types/d3-array@https://registry.npmjs.org/@types/d3-array/-/d3-array-3.2.1.tgz. Extracting by manifest.
280 silly tarball no local data for @types/d3-ease@https://registry.npmjs.org/@types/d3-ease/-/d3-ease-3.0.2.tgz. Extracting by manifest.
281 silly tarball no local data for @tanstack/react-query@https://registry.npmjs.org/@tanstack/react-query/-/react-query-5.81.2.tgz. Extracting by manifest.
282 silly tarball no local data for @types/d3-color@https://registry.npmjs.org/@types/d3-color/-/d3-color-3.1.3.tgz. Extracting by manifest.
283 silly tarball no local data for @tanstack/query-core@https://registry.npmjs.org/@tanstack/query-core/-/query-core-5.81.2.tgz. Extracting by manifest.
284 silly tarball no local data for @standard-schema/utils@https://registry.npmjs.org/@standard-schema/utils/-/utils-0.3.0.tgz. Extracting by manifest.
285 silly tarball no local data for @reduxjs/toolkit@https://registry.npmjs.org/@reduxjs/toolkit/-/toolkit-2.8.2.tgz. Extracting by manifest.
286 silly tarball no local data for @jridgewell/trace-mapping@https://registry.npmjs.org/@jridgewell/trace-mapping/-/trace-mapping-0.3.29.tgz. Extracting by manifest.
287 silly tarball no local data for @kurkle/color@https://registry.npmjs.org/@kurkle/color/-/color-0.3.4.tgz. Extracting by manifest.
288 silly tarball no local data for @standard-schema/spec@https://registry.npmjs.org/@standard-schema/spec/-/spec-1.0.0.tgz. Extracting by manifest.
289 silly tarball no local data for @jridgewell/sourcemap-codec@https://registry.npmjs.org/@jridgewell/sourcemap-codec/-/sourcemap-codec-1.5.4.tgz. Extracting by manifest.
290 silly tarball no local data for @jridgewell/gen-mapping@https://registry.npmjs.org/@jridgewell/gen-mapping/-/gen-mapping-0.3.12.tgz. Extracting by manifest.
291 silly tarball no local data for @emotion/weak-memoize@https://registry.npmjs.org/@emotion/weak-memoize/-/weak-memoize-0.4.0.tgz. Extracting by manifest.
292 silly tarball no local data for @floating-ui/utils@https://registry.npmjs.org/@floating-ui/utils/-/utils-0.2.10.tgz. Extracting by manifest.
293 silly tarball no local data for @jridgewell/resolve-uri@https://registry.npmjs.org/@jridgewell/resolve-uri/-/resolve-uri-3.1.2.tgz. Extracting by manifest.
294 silly tarball no local data for @floating-ui/dom@https://registry.npmjs.org/@floating-ui/dom/-/dom-1.7.2.tgz. Extracting by manifest.
295 silly tarball no local data for @floating-ui/core@https://registry.npmjs.org/@floating-ui/core/-/core-1.7.2.tgz. Extracting by manifest.
296 silly tarball no local data for @emotion/utils@https://registry.npmjs.org/@emotion/utils/-/utils-1.4.2.tgz. Extracting by manifest.
297 silly tarball no local data for @emotion/use-insertion-effect-with-fallbacks@https://registry.npmjs.org/@emotion/use-insertion-effect-with-fallbacks/-/use-insertion-effect-with-fallbacks-1.2.0.tgz. Extracting by manifest.
298 silly tarball no local data for @emotion/unitless@https://registry.npmjs.org/@emotion/unitless/-/unitless-0.10.0.tgz. Extracting by manifest.
299 silly tarball no local data for @emotion/sheet@https://registry.npmjs.org/@emotion/sheet/-/sheet-1.4.0.tgz. Extracting by manifest.
300 silly tarball no local data for @emotion/serialize@https://registry.npmjs.org/@emotion/serialize/-/serialize-1.3.3.tgz. Extracting by manifest.
301 silly tarball no local data for @emotion/react@https://registry.npmjs.org/@emotion/react/-/react-11.14.0.tgz. Extracting by manifest.
302 silly tarball no local data for @emotion/cache@https://registry.npmjs.org/@emotion/cache/-/cache-11.14.0.tgz. Extracting by manifest.
303 silly tarball no local data for @emotion/hash@https://registry.npmjs.org/@emotion/hash/-/hash-0.9.2.tgz. Extracting by manifest.
304 silly tarball no local data for @emotion/memoize@https://registry.npmjs.org/@emotion/memoize/-/memoize-0.9.0.tgz. Extracting by manifest.
305 silly tarball no local data for @emotion/babel-plugin@https://registry.npmjs.org/@emotion/babel-plugin/-/babel-plugin-11.13.5.tgz. Extracting by manifest.
306 silly tarball no local data for @babel/types@https://registry.npmjs.org/@babel/types/-/types-7.28.0.tgz. Extracting by manifest.
307 silly tarball no local data for @babel/traverse@https://registry.npmjs.org/@babel/traverse/-/traverse-7.28.0.tgz. Extracting by manifest.
308 silly tarball no local data for @babel/template@https://registry.npmjs.org/@babel/template/-/template-7.27.2.tgz. Extracting by manifest.
309 silly tarball no local data for @babel/runtime@https://registry.npmjs.org/@babel/runtime/-/runtime-7.27.6.tgz. Extracting by manifest.
310 silly tarball no local data for @babel/parser@https://registry.npmjs.org/@babel/parser/-/parser-7.28.0.tgz. Extracting by manifest.
311 silly tarball no local data for @babel/helper-validator-identifier@https://registry.npmjs.org/@babel/helper-validator-identifier/-/helper-validator-identifier-7.27.1.tgz. Extracting by manifest.
312 silly tarball no local data for @babel/helper-module-imports@https://registry.npmjs.org/@babel/helper-module-imports/-/helper-module-imports-7.27.1.tgz. Extracting by manifest.
313 silly tarball no local data for @babel/helper-globals@https://registry.npmjs.org/@babel/helper-globals/-/helper-globals-7.28.0.tgz. Extracting by manifest.
314 silly tarball no local data for @babel/helper-string-parser@https://registry.npmjs.org/@babel/helper-string-parser/-/helper-string-parser-7.27.1.tgz. Extracting by manifest.
315 silly tarball no local data for @babel/code-frame@https://registry.npmjs.org/@babel/code-frame/-/code-frame-7.27.1.tgz. Extracting by manifest.
316 silly tarball no local data for @babel/generator@https://registry.npmjs.org/@babel/generator/-/generator-7.28.0.tgz. Extracting by manifest.
317 http fetch GET 200 https://registry.npmjs.org/npm 532ms
318 http fetch POST 200 https://registry.npmjs.org/-/npm/v1/security/advisories/bulk 747ms
319 silly audit report {
319 silly audit report   axios: [
319 silly audit report     {
319 silly audit report       id: 1106660,
319 silly audit report       url: 'https://github.com/advisories/GHSA-rm8p-cx58-hcvx',
319 silly audit report       title: 'Axios has Transitive Critical Vulnerability via form-data — Predictable Boundary Values (CVE-2025-7783)',
319 silly audit report       severity: 'high',
319 silly audit report       vulnerable_versions: '=1.10.0',
319 silly audit report       cwe: [],
319 silly audit report       cvss: [Object]
319 silly audit report     }
319 silly audit report   ],
319 silly audit report   'form-data': [
319 silly audit report     {
319 silly audit report       id: 1106507,
319 silly audit report       url: 'https://github.com/advisories/GHSA-fjxv-7rqg-78g4',
319 silly audit report       title: 'form-data uses unsafe random function in form-data for choosing boundary',
319 silly audit report       severity: 'critical',
319 silly audit report       vulnerable_versions: '>=4.0.0 <4.0.4',
319 silly audit report       cwe: [Array],
319 silly audit report       cvss: [Object]
319 silly audit report     }
319 silly audit report   ]
319 silly audit report }
320 silly packumentCache corgi:https://registry.npmjs.org/axios cache-miss
321 silly packumentCache corgi:https://registry.npmjs.org/form-data cache-miss
322 http fetch GET 200 https://registry.npmjs.org/resolve-from/-/resolve-from-4.0.0.tgz 900ms (cache miss)
323 http fetch GET 200 https://registry.npmjs.org/path-type/-/path-type-4.0.0.tgz 1070ms (cache miss)
324 http fetch GET 200 https://registry.npmjs.org/parent-module/-/parent-module-1.0.1.tgz 1070ms (cache miss)
325 http fetch GET 200 https://registry.npmjs.org/object-assign/-/object-assign-4.1.1.tgz 1102ms (cache miss)
326 http fetch GET 200 https://registry.npmjs.org/parse-json/-/parse-json-5.2.0.tgz 1103ms (cache miss)
327 http fetch GET 200 https://registry.npmjs.org/path-parse/-/path-parse-1.0.7.tgz 1128ms (cache miss)
328 http fetch GET 200 https://registry.npmjs.org/is-core-module/-/is-core-module-2.16.1.tgz 1225ms (cache miss)
329 http fetch GET 200 https://registry.npmjs.org/ms/-/ms-2.1.3.tgz 1292ms (cache miss)
330 http fetch GET 200 https://registry.npmjs.org/lines-and-columns/-/lines-and-columns-1.2.4.tgz 1290ms (cache miss)
331 http fetch GET 200 https://registry.npmjs.org/loose-envify/-/loose-envify-1.4.0.tgz 1293ms (cache miss)
332 http fetch GET 200 https://registry.npmjs.org/mime-types/-/mime-types-2.1.35.tgz 1330ms (cache miss)
333 http fetch GET 200 https://registry.npmjs.org/js-tokens/-/js-tokens-4.0.0.tgz 1328ms (cache miss)
334 http fetch GET 200 https://registry.npmjs.org/is-retry-allowed/-/is-retry-allowed-2.2.0.tgz 1328ms (cache miss)
335 http fetch GET 200 https://registry.npmjs.org/picocolors/-/picocolors-1.1.1.tgz 1381ms (cache miss)
336 http fetch GET 200 https://registry.npmjs.org/json-parse-even-better-errors/-/json-parse-even-better-errors-2.3.1.tgz 1378ms (cache miss)
337 http fetch GET 200 https://registry.npmjs.org/internmap/-/internmap-2.0.3.tgz 1446ms (cache miss)
338 http fetch GET 200 https://registry.npmjs.org/import-fresh/-/import-fresh-3.3.1.tgz 1475ms (cache miss)
339 http fetch GET 200 https://registry.npmjs.org/find-root/-/find-root-1.1.0.tgz 1471ms (cache miss)
340 http fetch GET 200 https://registry.npmjs.org/get-proto/-/get-proto-1.0.1.tgz 1495ms (cache miss)
341 http fetch GET 200 https://registry.npmjs.org/error-ex/-/error-ex-1.3.2.tgz 1514ms (cache miss)
342 http fetch GET 200 https://registry.npmjs.org/es-set-tostringtag/-/es-set-tostringtag-2.1.0.tgz 1540ms (cache miss)
343 http fetch GET 200 https://registry.npmjs.org/escape-string-regexp/-/escape-string-regexp-4.0.0.tgz 1541ms (cache miss)
344 http fetch GET 200 https://registry.npmjs.org/jsesc/-/jsesc-3.1.0.tgz 1566ms (cache miss)
345 http fetch GET 200 https://registry.npmjs.org/delayed-stream/-/delayed-stream-1.0.0.tgz 1560ms (cache miss)
346 http fetch GET 200 https://registry.npmjs.org/dunder-proto/-/dunder-proto-1.0.1.tgz 1591ms (cache miss)
347 http fetch GET 200 https://registry.npmjs.org/react-is/-/react-is-16.13.1.tgz 1664ms (cache miss)
348 http fetch GET 200 https://registry.npmjs.org/is-arrayish/-/is-arrayish-0.2.1.tgz 1717ms (cache miss)
349 http fetch GET 200 https://registry.npmjs.org/d3-timer/-/d3-timer-3.0.1.tgz 1715ms (cache miss)
350 http fetch GET 200 https://registry.npmjs.org/d3-time/-/d3-time-3.1.0.tgz 1720ms (cache miss)
351 http fetch GET 200 https://registry.npmjs.org/follow-redirects/-/follow-redirects-1.15.9.tgz 1846ms (cache miss)
352 http fetch GET 200 https://registry.npmjs.org/babel-plugin-macros/-/babel-plugin-macros-3.1.0.tgz 1847ms (cache miss)
353 http fetch GET 200 https://registry.npmjs.org/supports-preserve-symlinks-flag/-/supports-preserve-symlinks-flag-1.0.0.tgz 1904ms (cache miss)
354 http fetch GET 200 https://registry.npmjs.org/proxy-from-env/-/proxy-from-env-1.1.0.tgz 1893ms (cache miss)
355 http fetch GET 200 https://registry.npmjs.org/clsx/-/clsx-2.1.1.tgz 1890ms (cache miss)
356 http fetch GET 200 https://registry.npmjs.org/callsites/-/callsites-3.1.0.tgz 1888ms (cache miss)
357 http fetch GET 200 https://registry.npmjs.org/combined-stream/-/combined-stream-1.0.8.tgz 1923ms (cache miss)
358 http fetch GET 200 https://registry.npmjs.org/convert-source-map/-/convert-source-map-1.9.0.tgz 1924ms (cache miss)
359 http fetch GET 200 https://registry.npmjs.org/attr-accept/-/attr-accept-2.2.5.tgz 1921ms (cache miss)
360 http fetch GET 200 https://registry.npmjs.org/hoist-non-react-statics/-/hoist-non-react-statics-3.3.2.tgz 1959ms (cache miss)
361 http fetch GET 200 https://registry.npmjs.org/mime-db/-/mime-db-1.52.0.tgz 1976ms (cache miss)
362 http fetch GET 200 https://registry.npmjs.org/@types/d3-timer/-/d3-timer-3.0.2.tgz 1949ms (cache miss)
363 http fetch GET 200 https://registry.npmjs.org/@types/parse-json/-/parse-json-4.0.2.tgz 1950ms (cache miss)
364 http fetch GET 200 https://registry.npmjs.org/@types/use-sync-external-store/-/use-sync-external-store-0.0.6.tgz 1970ms (cache miss)
365 http fetch GET 200 https://registry.npmjs.org/asynckit/-/asynckit-0.4.0.tgz 2003ms (cache miss)
366 http fetch GET 200 https://registry.npmjs.org/@types/react-transition-group/-/react-transition-group-4.4.12.tgz 2005ms (cache miss)
367 http fetch GET 200 https://registry.npmjs.org/@types/d3-time/-/d3-time-3.0.4.tgz 2002ms (cache miss)
368 http fetch GET 200 https://registry.npmjs.org/form-data/-/form-data-4.0.3.tgz 2031ms (cache miss)
369 http fetch GET 200 https://registry.npmjs.org/@types/d3-path/-/d3-path-3.1.1.tgz 2015ms (cache miss)
370 http fetch GET 200 https://registry.npmjs.org/@types/d3-interpolate/-/d3-interpolate-3.0.4.tgz 2015ms (cache miss)
371 http fetch GET 200 https://registry.npmjs.org/@types/d3-ease/-/d3-ease-3.0.2.tgz 2014ms (cache miss)
372 http fetch GET 200 https://registry.npmjs.org/@types/d3-array/-/d3-array-3.2.1.tgz 2016ms (cache miss)
373 http fetch GET 200 https://registry.npmjs.org/redux-thunk/-/redux-thunk-3.1.0.tgz 2085ms (cache miss)
374 http fetch GET 200 https://registry.npmjs.org/@standard-schema/utils/-/utils-0.3.0.tgz 2055ms (cache miss)
375 http fetch GET 200 https://registry.npmjs.org/debug/-/debug-4.4.1.tgz 2082ms (cache miss)
376 http fetch GET 200 https://registry.npmjs.org/@types/d3-color/-/d3-color-3.1.3.tgz 2138ms (cache miss)
377 http fetch GET 200 https://registry.npmjs.org/get-intrinsic/-/get-intrinsic-1.3.0.tgz 2177ms (cache miss)
378 http fetch GET 200 https://registry.npmjs.org/@jridgewell/resolve-uri/-/resolve-uri-3.1.2.tgz 2155ms (cache miss)
379 http fetch GET 200 https://registry.npmjs.org/@types/d3-scale/-/d3-scale-4.0.9.tgz 2162ms (cache miss)
380 http fetch GET 200 https://registry.npmjs.org/hasown/-/hasown-2.0.2.tgz 2195ms (cache miss)
381 http fetch GET 200 https://registry.npmjs.org/tiny-invariant/-/tiny-invariant-1.3.3.tgz 2258ms (cache miss)
382 http fetch GET 200 https://registry.npmjs.org/d3-path/-/d3-path-3.1.0.tgz 2226ms (cache miss)
383 http fetch GET 200 https://registry.npmjs.org/@emotion/utils/-/utils-1.4.2.tgz 2225ms (cache miss)
384 http fetch GET 200 https://registry.npmjs.org/@emotion/use-insertion-effect-with-fallbacks/-/use-insertion-effect-with-fallbacks-1.2.0.tgz 2225ms (cache miss)
385 http fetch GET 200 https://registry.npmjs.org/@emotion/memoize/-/memoize-0.9.0.tgz 2238ms (cache miss)
386 http fetch GET 200 https://registry.npmjs.org/@emotion/unitless/-/unitless-0.10.0.tgz 2263ms (cache miss)
387 http fetch GET 200 https://registry.npmjs.org/use-isomorphic-layout-effect/-/use-isomorphic-layout-effect-1.2.1.tgz 2329ms (cache miss)
388 http fetch GET 200 https://registry.npmjs.org/@types/d3-shape/-/d3-shape-3.1.7.tgz 2294ms (cache miss)
389 http fetch GET 200 https://registry.npmjs.org/@babel/helper-validator-identifier/-/helper-validator-identifier-7.27.1.tgz 2283ms (cache miss)
390 http fetch GET 200 https://registry.npmjs.org/es-define-property/-/es-define-property-1.0.1.tgz 2322ms (cache miss)
391 http fetch GET 200 https://registry.npmjs.org/@floating-ui/utils/-/utils-0.2.10.tgz 2305ms (cache miss)
392 http fetch GET 200 https://registry.npmjs.org/scheduler/-/scheduler-0.26.0.tgz 2361ms (cache miss)
393 http fetch GET 200 https://registry.npmjs.org/gopd/-/gopd-1.2.0.tgz 2348ms (cache miss)
394 http fetch GET 200 https://registry.npmjs.org/@babel/helper-module-imports/-/helper-module-imports-7.27.1.tgz 2319ms (cache miss)
395 http fetch GET 200 https://registry.npmjs.org/function-bind/-/function-bind-1.1.2.tgz 2364ms (cache miss)
396 http fetch GET 200 https://registry.npmjs.org/@babel/helper-globals/-/helper-globals-7.28.0.tgz 2341ms (cache miss)
397 http fetch GET 200 https://registry.npmjs.org/@babel/code-frame/-/code-frame-7.27.1.tgz 2345ms (cache miss)
398 http fetch GET 200 https://registry.npmjs.org/@babel/helper-string-parser/-/helper-string-parser-7.27.1.tgz 2376ms (cache miss)
399 http fetch GET 200 https://registry.npmjs.org/eventemitter3/-/eventemitter3-5.0.1.tgz 2416ms (cache miss)
400 http fetch GET 200 https://registry.npmjs.org/use-sync-external-store/-/use-sync-external-store-1.5.0.tgz 2447ms (cache miss)
401 http fetch GET 200 https://registry.npmjs.org/axios-retry/-/axios-retry-4.5.0.tgz 2404ms (cache miss)
402 http fetch GET 200 https://registry.npmjs.org/@kurkle/color/-/color-0.3.4.tgz 2424ms (cache miss)
403 http fetch GET 200 https://registry.npmjs.org/tslib/-/tslib-2.8.1.tgz 2485ms (cache miss)
404 http fetch GET 200 https://registry.npmjs.org/form-data 1815ms (cache miss)
405 silly packumentCache corgi:https://registry.npmjs.org/form-data set size:undefined disposed:false
406 http fetch GET 200 https://registry.npmjs.org/@emotion/weak-memoize/-/weak-memoize-0.4.0.tgz 2442ms (cache miss)
407 http fetch GET 200 https://registry.npmjs.org/memoize-one/-/memoize-one-6.0.0.tgz 2493ms (cache miss)
408 http fetch GET 200 https://registry.npmjs.org/d3-color/-/d3-color-3.1.0.tgz 2486ms (cache miss)
409 http fetch GET 200 https://registry.npmjs.org/react-chartjs-2/-/react-chartjs-2-5.3.0.tgz 2527ms (cache miss)
410 http fetch GET 200 https://registry.npmjs.org/prop-types/-/prop-types-15.8.1.tgz 2528ms (cache miss)
411 http fetch GET 200 https://registry.npmjs.org/@emotion/sheet/-/sheet-1.4.0.tgz 2496ms (cache miss)
412 http fetch GET 200 https://registry.npmjs.org/@emotion/hash/-/hash-0.9.2.tgz 2523ms (cache miss)
413 http fetch GET 200 https://registry.npmjs.org/@standard-schema/spec/-/spec-1.0.0.tgz 2534ms (cache miss)
414 http fetch GET 200 https://registry.npmjs.org/has-tostringtag/-/has-tostringtag-1.0.2.tgz 2579ms (cache miss)
415 http fetch GET 200 https://registry.npmjs.org/axios 1936ms (cache miss)
416 silly packumentCache corgi:https://registry.npmjs.org/axios set size:undefined disposed:false
417 http fetch GET 200 https://registry.npmjs.org/has-symbols/-/has-symbols-1.1.0.tgz 2594ms (cache miss)
418 http fetch GET 200 https://registry.npmjs.org/es-object-atoms/-/es-object-atoms-1.1.1.tgz 2590ms (cache miss)
419 http fetch GET 200 https://registry.npmjs.org/decimal.js-light/-/decimal.js-light-2.5.1.tgz 2614ms (cache miss)
420 http fetch GET 200 https://registry.npmjs.org/@floating-ui/core/-/core-1.7.2.tgz 2679ms (cache miss)
421 http fetch GET 200 https://registry.npmjs.org/@floating-ui/dom/-/dom-1.7.2.tgz 2686ms (cache miss)
422 http fetch GET 200 https://registry.npmjs.org/d3-ease/-/d3-ease-3.0.1.tgz 2747ms (cache miss)
423 http fetch GET 200 https://registry.npmjs.org/@emotion/serialize/-/serialize-1.3.3.tgz 2735ms (cache miss)
424 silly packumentCache corgi:https://registry.npmjs.org/axios-retry cache-miss
425 http fetch GET 200 https://registry.npmjs.org/es-errors/-/es-errors-1.3.0.tgz 2833ms (cache miss)
426 http fetch GET 200 https://registry.npmjs.org/stylis/-/stylis-4.2.0.tgz 2935ms (cache miss)
427 http fetch GET 200 https://registry.npmjs.org/call-bind-apply-helpers/-/call-bind-apply-helpers-1.0.2.tgz 3011ms (cache miss)
428 http fetch GET 200 https://registry.npmjs.org/@babel/template/-/template-7.27.2.tgz 3132ms (cache miss)
429 http fetch GET 200 https://registry.npmjs.org/axios-retry 395ms (cache miss)
430 silly packumentCache corgi:https://registry.npmjs.org/axios-retry set size:undefined disposed:false
431 http fetch GET 200 https://registry.npmjs.org/react/-/react-19.1.0.tgz 3204ms (cache miss)
432 http fetch GET 200 https://registry.npmjs.org/csstype/-/csstype-3.1.3.tgz 3179ms (cache miss)
433 http fetch GET 200 https://registry.npmjs.org/redux/-/redux-5.0.1.tgz 3238ms (cache miss)
434 http fetch GET 200 https://registry.npmjs.org/@jridgewell/sourcemap-codec/-/sourcemap-codec-1.5.4.tgz 3313ms (cache miss)
435 http fetch GET 200 https://registry.npmjs.org/@jridgewell/gen-mapping/-/gen-mapping-0.3.12.tgz 3340ms (cache miss)
436 http fetch GET 200 https://registry.npmjs.org/@emotion/babel-plugin/-/babel-plugin-11.13.5.tgz 3339ms (cache miss)
437 http fetch GET 200 https://registry.npmjs.org/motion-utils/-/motion-utils-12.19.0.tgz 3405ms (cache miss)
438 http fetch GET 200 https://registry.npmjs.org/d3-scale/-/d3-scale-4.0.2.tgz 3437ms (cache miss)
439 http fetch GET 200 https://registry.npmjs.org/d3-interpolate/-/d3-interpolate-3.0.1.tgz 3442ms (cache miss)
440 http fetch GET 200 https://registry.npmjs.org/math-intrinsics/-/math-intrinsics-1.1.0.tgz 3461ms (cache miss)
441 http fetch GET 200 https://registry.npmjs.org/source-map/-/source-map-0.5.7.tgz 3586ms (cache miss)
442 http fetch GET 200 https://registry.npmjs.org/@types/react/-/react-19.1.8.tgz 3550ms (cache miss)
443 http fetch GET 200 https://registry.npmjs.org/react-transition-group/-/react-transition-group-4.4.5.tgz 3630ms (cache miss)
444 http fetch GET 200 https://registry.npmjs.org/file-selector/-/file-selector-2.1.2.tgz 3633ms (cache miss)
445 http fetch GET 200 https://registry.npmjs.org/reselect/-/reselect-5.1.1.tgz 3662ms (cache miss)
446 http fetch GET 200 https://registry.npmjs.org/cosmiconfig/-/cosmiconfig-7.1.0.tgz 3634ms (cache miss)
447 http fetch GET 200 https://registry.npmjs.org/immer/-/immer-10.1.1.tgz 3653ms (cache miss)
448 http fetch GET 200 https://registry.npmjs.org/d3-time-format/-/d3-time-format-4.1.0.tgz 3647ms (cache miss)
449 http fetch GET 200 https://registry.npmjs.org/tailwind-merge/-/tailwind-merge-3.3.1.tgz 3694ms (cache miss)
450 http fetch GET 200 https://registry.npmjs.org/@babel/parser/-/parser-7.28.0.tgz 3645ms (cache miss)
451 http fetch GET 200 https://registry.npmjs.org/@emotion/cache/-/cache-11.14.0.tgz 3697ms (cache miss)
452 http fetch GET 200 https://registry.npmjs.org/@jridgewell/trace-mapping/-/trace-mapping-0.3.29.tgz 3795ms (cache miss)
453 http fetch GET 200 https://registry.npmjs.org/@babel/generator/-/generator-7.28.0.tgz 3838ms (cache miss)
454 http fetch GET 200 https://registry.npmjs.org/react-dropzone/-/react-dropzone-14.3.8.tgz 4047ms (cache miss)
455 http fetch GET 200 https://registry.npmjs.org/d3-array/-/d3-array-3.2.4.tgz 4021ms (cache miss)
456 http fetch GET 200 https://registry.npmjs.org/yaml/-/yaml-1.10.2.tgz 4072ms (cache miss)
457 http fetch GET 200 https://registry.npmjs.org/react-redux/-/react-redux-9.2.0.tgz 4057ms (cache miss)
458 http fetch GET 200 https://registry.npmjs.org/d3-shape/-/d3-shape-3.2.0.tgz 4059ms (cache miss)
459 http fetch GET 200 https://registry.npmjs.org/@babel/traverse/-/traverse-7.28.0.tgz 4387ms (cache miss)
460 http fetch GET 200 https://registry.npmjs.org/d3-format/-/d3-format-3.1.0.tgz 4457ms (cache miss)
461 http fetch GET 200 https://registry.npmjs.org/resolve/-/resolve-1.22.10.tgz 4936ms (cache miss)
462 http fetch GET 200 https://registry.npmjs.org/axios/-/axios-1.10.0.tgz 5135ms (cache miss)
463 http fetch GET 200 https://registry.npmjs.org/react-dom/-/react-dom-19.1.0.tgz 5293ms (cache miss)
464 http fetch GET 200 https://registry.npmjs.org/react-select/-/react-select-5.10.1.tgz 5338ms (cache miss)
465 http fetch GET 200 https://registry.npmjs.org/@emotion/react/-/react-11.14.0.tgz 5398ms (cache miss)
466 http fetch GET 200 https://registry.npmjs.org/motion-dom/-/motion-dom-12.19.0.tgz 5642ms (cache miss)
467 http fetch GET 200 https://registry.npmjs.org/chart.js/-/chart.js-4.5.0.tgz 5668ms (cache miss)
468 http fetch GET 200 https://registry.npmjs.org/@babel/types/-/types-7.28.0.tgz 5719ms (cache miss)
469 http fetch GET 200 https://registry.npmjs.org/@babel/runtime/-/runtime-7.27.6.tgz 5785ms (cache miss)
470 http fetch GET 200 https://registry.npmjs.org/dom-helpers/-/dom-helpers-5.2.1.tgz 5954ms (cache miss)
471 http fetch GET 200 https://registry.npmjs.org/victory-vendor/-/victory-vendor-37.3.6.tgz 6125ms (cache miss)
472 http fetch GET 200 https://registry.npmjs.org/@tanstack/query-core/-/query-core-5.81.2.tgz 6111ms (cache miss)
473 http fetch GET 200 https://registry.npmjs.org/framer-motion/-/framer-motion-12.19.2.tgz 6193ms (cache miss)
474 http fetch GET 200 https://registry.npmjs.org/@tanstack/react-query/-/react-query-5.81.2.tgz 6177ms (cache miss)
475 http fetch GET 200 https://registry.npmjs.org/@reduxjs/toolkit/-/toolkit-2.8.2.tgz 6273ms (cache miss)
476 http fetch GET 200 https://registry.npmjs.org/recharts/-/recharts-3.0.2.tgz 7044ms (cache miss)
477 http fetch GET 200 https://registry.npmjs.org/react-icons/-/react-icons-4.10.1.tgz 7684ms (cache miss)
478 http fetch GET 200 https://registry.npmjs.org/es-toolkit/-/es-toolkit-1.39.5.tgz 10633ms (cache miss)
479 silly ADD node_modules/yaml
480 silly ADD node_modules/victory-vendor
481 silly ADD node_modules/use-sync-external-store
482 silly ADD node_modules/use-isomorphic-layout-effect
483 silly ADD node_modules/tslib
484 silly ADD node_modules/tiny-invariant
485 silly ADD node_modules/tailwind-merge
486 silly ADD node_modules/supports-preserve-symlinks-flag
487 silly ADD node_modules/stylis
488 silly ADD node_modules/source-map
489 silly ADD node_modules/scheduler
490 silly ADD node_modules/resolve-from
491 silly ADD node_modules/resolve
492 silly ADD node_modules/reselect
493 silly ADD node_modules/redux-thunk
494 silly ADD node_modules/redux
495 silly ADD node_modules/recharts
496 silly ADD node_modules/react-transition-group
497 silly ADD node_modules/react-select
498 silly ADD node_modules/react-redux
499 silly ADD node_modules/react-is
500 silly ADD node_modules/react-icons
501 silly ADD node_modules/react-dropzone
502 silly ADD node_modules/react-dom
503 silly ADD node_modules/react-chartjs-2
504 silly ADD node_modules/react
505 silly ADD node_modules/proxy-from-env
506 silly ADD node_modules/prop-types
507 silly ADD node_modules/picocolors
508 silly ADD node_modules/path-type
509 silly ADD node_modules/path-parse
510 silly ADD node_modules/parse-json
511 silly ADD node_modules/parent-module
512 silly ADD node_modules/object-assign
513 silly ADD node_modules/ms
514 silly ADD node_modules/motion-utils
515 silly ADD node_modules/motion-dom
516 silly ADD node_modules/mime-types
517 silly ADD node_modules/mime-db
518 silly ADD node_modules/memoize-one
519 silly ADD node_modules/math-intrinsics
520 silly ADD node_modules/loose-envify
521 silly ADD node_modules/lines-and-columns
522 silly ADD node_modules/json-parse-even-better-errors
523 silly ADD node_modules/jsesc
524 silly ADD node_modules/js-tokens
525 silly ADD node_modules/is-retry-allowed
526 silly ADD node_modules/is-core-module
527 silly ADD node_modules/is-arrayish
528 silly ADD node_modules/internmap
529 silly ADD node_modules/import-fresh
530 silly ADD node_modules/immer
531 silly ADD node_modules/hoist-non-react-statics
532 silly ADD node_modules/hasown
533 silly ADD node_modules/has-tostringtag
534 silly ADD node_modules/has-symbols
535 silly ADD node_modules/gopd
536 silly ADD node_modules/get-proto
537 silly ADD node_modules/get-intrinsic
538 silly ADD node_modules/function-bind
539 silly ADD node_modules/framer-motion
540 silly ADD node_modules/form-data
541 silly ADD node_modules/follow-redirects
542 silly ADD node_modules/find-root
543 silly ADD node_modules/file-selector
544 silly ADD node_modules/eventemitter3
545 silly ADD node_modules/escape-string-regexp
546 silly ADD node_modules/es-toolkit
547 silly ADD node_modules/es-set-tostringtag
548 silly ADD node_modules/es-object-atoms
549 silly ADD node_modules/es-errors
550 silly ADD node_modules/es-define-property
551 silly ADD node_modules/error-ex
552 silly ADD node_modules/dunder-proto
553 silly ADD node_modules/dom-helpers
554 silly ADD node_modules/delayed-stream
555 silly ADD node_modules/decimal.js-light
556 silly ADD node_modules/debug
557 silly ADD node_modules/d3-timer
558 silly ADD node_modules/d3-time-format
559 silly ADD node_modules/d3-time
560 silly ADD node_modules/d3-shape
561 silly ADD node_modules/d3-scale
562 silly ADD node_modules/d3-path
563 silly ADD node_modules/d3-interpolate
564 silly ADD node_modules/d3-format
565 silly ADD node_modules/d3-ease
566 silly ADD node_modules/d3-color
567 silly ADD node_modules/d3-array
568 silly ADD node_modules/csstype
569 silly ADD node_modules/cosmiconfig
570 silly ADD node_modules/convert-source-map
571 silly ADD node_modules/combined-stream
572 silly ADD node_modules/clsx
573 silly ADD node_modules/chart.js
574 silly ADD node_modules/callsites
575 silly ADD node_modules/call-bind-apply-helpers
576 silly ADD node_modules/babel-plugin-macros
577 silly ADD node_modules/axios-retry
578 silly ADD node_modules/axios
579 silly ADD node_modules/attr-accept
580 silly ADD node_modules/asynckit
581 silly ADD node_modules/@types/use-sync-external-store
582 silly ADD node_modules/@types/react-transition-group
583 silly ADD node_modules/@types/react
584 silly ADD node_modules/@types/parse-json
585 silly ADD node_modules/@types/d3-timer
586 silly ADD node_modules/@types/d3-time
587 silly ADD node_modules/@types/d3-shape
588 silly ADD node_modules/@types/d3-scale
589 silly ADD node_modules/@types/d3-path
590 silly ADD node_modules/@types/d3-interpolate
591 silly ADD node_modules/@types/d3-ease
592 silly ADD node_modules/@types/d3-color
593 silly ADD node_modules/@types/d3-array
594 silly ADD node_modules/@tanstack/react-query
595 silly ADD node_modules/@tanstack/query-core
596 silly ADD node_modules/@standard-schema/utils
597 silly ADD node_modules/@standard-schema/spec
598 silly ADD node_modules/@reduxjs/toolkit
599 silly ADD node_modules/@kurkle/color
600 silly ADD node_modules/@jridgewell/trace-mapping
601 silly ADD node_modules/@jridgewell/sourcemap-codec
602 silly ADD node_modules/@jridgewell/resolve-uri
603 silly ADD node_modules/@jridgewell/gen-mapping
604 silly ADD node_modules/@floating-ui/utils
605 silly ADD node_modules/@floating-ui/dom
606 silly ADD node_modules/@floating-ui/core
607 silly ADD node_modules/@emotion/weak-memoize
608 silly ADD node_modules/@emotion/utils
609 silly ADD node_modules/@emotion/use-insertion-effect-with-fallbacks
610 silly ADD node_modules/@emotion/unitless
611 silly ADD node_modules/@emotion/sheet
612 silly ADD node_modules/@emotion/serialize
613 silly ADD node_modules/@emotion/react
614 silly ADD node_modules/@emotion/memoize
615 silly ADD node_modules/@emotion/hash
616 silly ADD node_modules/@emotion/cache
617 silly ADD node_modules/@emotion/babel-plugin
618 silly ADD node_modules/@babel/types
619 silly ADD node_modules/@babel/traverse
620 silly ADD node_modules/@babel/template
621 silly ADD node_modules/@babel/runtime
622 silly ADD node_modules/@babel/parser
623 silly ADD node_modules/@babel/helper-validator-identifier
624 silly ADD node_modules/@babel/helper-string-parser
625 silly ADD node_modules/@babel/helper-module-imports
626 silly ADD node_modules/@babel/helper-globals
627 silly ADD node_modules/@babel/generator
628 silly ADD node_modules/@babel/code-frame
629 verbose cwd D:\musicnew\ResVibesync
630 verbose os Windows_NT 10.0.26100
631 verbose node v22.16.0
632 verbose npm  v10.9.2
633 notice
633 notice New [31mmajor[39m version of npm available! [31m10.9.2[39m -> [34m11.4.2[39m
633 notice Changelog: [34mhttps://github.com/npm/cli/releases/tag/v11.4.2[39m
633 notice To update run: [4mnpm install -g npm@11.4.2[24m
633 notice  { force: true, [Symbol(proc-log.meta)]: true }
634 verbose exit 0
635 info ok
