0 verbose cli C:\Program Files\nodejs\node.exe C:\Program Files\nodejs\node_modules\npm\bin\npm-cli.js
1 info using npm@10.9.2
2 info using node@v22.16.0
3 silly config load:file:C:\Program Files\nodejs\node_modules\npm\npmrc
4 silly config load:file:D:\musicnew\ResVibesync\frontend\.npmrc
5 silly config load:file:C:\Users\ThinkPad\.npmrc
6 silly config load:file:C:\Users\ThinkPad\AppData\Roaming\npm\etc\npmrc
7 verbose title npm install
8 verbose argv "install"
9 verbose logfile logs-max:10 dir:D:\musicnew\ResVibesync\frontend\.npm-cache\_logs\2025-07-24T12_38_00_507Z-
10 verbose logfile D:\musicnew\ResVibesync\frontend\.npm-cache\_logs\2025-07-24T12_38_00_507Z-debug-0.log
11 silly logfile start cleaning logs, removing 1 files
12 silly packumentCache heap:4345298944 maxSize:1086324736 maxEntrySize:543162368
13 silly logfile done cleaning log files
14 silly idealTree buildDeps
15 silly fetch manifest date-fns@^2.28.0 || ^3.0.0
16 silly packumentCache full:https://registry.npmjs.org/date-fns cache-miss
17 http cache https://registry.npmjs.org/date-fns 248ms (cache hit)
18 silly packumentCache full:https://registry.npmjs.org/date-fns set size:3443758 disposed:false
19 silly fetch manifest react@^16.8.0 || ^17.0.0 || ^18.0.0
20 silly packumentCache full:https://registry.npmjs.org/react cache-miss
21 http cache https://registry.npmjs.org/react 111ms (cache hit)
22 silly packumentCache full:https://registry.npmjs.org/react set size:5881303 disposed:false
23 verbose stack Error: could not resolve
23 verbose stack     at PlaceDep.failPeerConflict (C:\Program Files\nodejs\node_modules\npm\node_modules\@npmcli\arborist\lib\place-dep.js:503:25)
23 verbose stack     at new PlaceDep (C:\Program Files\nodejs\node_modules\npm\node_modules\@npmcli\arborist\lib\place-dep.js:157:21)
23 verbose stack     at #buildDepStep (C:\Program Files\nodejs\node_modules\npm\node_modules\@npmcli\arborist\lib\arborist\build-ideal-tree.js:920:18)
23 verbose stack     at async Arborist.buildIdealTree (C:\Program Files\nodejs\node_modules\npm\node_modules\@npmcli\arborist\lib\arborist\build-ideal-tree.js:181:7)
23 verbose stack     at async Promise.all (index 1)
23 verbose stack     at async Arborist.reify (C:\Program Files\nodejs\node_modules\npm\node_modules\@npmcli\arborist\lib\arborist\reify.js:131:5)
23 verbose stack     at async Install.exec (C:\Program Files\nodejs\node_modules\npm\lib\commands\install.js:150:5)
23 verbose stack     at async Npm.exec (C:\Program Files\nodejs\node_modules\npm\lib\npm.js:207:9)
23 verbose stack     at async module.exports (C:\Program Files\nodejs\node_modules\npm\lib\cli\entry.js:74:5)
24 error code ERESOLVE
25 error ERESOLVE could not resolve
26 error
27 error While resolving: react-day-picker@8.10.1
27 error Found: date-fns@4.1.0[2m[22m
27 error [2mnode_modules/date-fns[22m
27 error   date-fns@"4.1.0" from the root project
27 error
27 error Could not resolve dependency:
27 error [95mpeer[39m date-fns@"^2.28.0 || ^3.0.0" from react-day-picker@8.10.1[2m[22m
27 error [2mnode_modules/react-day-picker[22m
27 error   react-day-picker@"8.10.1" from the root project
27 error
27 error Conflicting peer dependency: date-fns@3.6.0[2m[22m
27 error [2mnode_modules/date-fns[22m
27 error   [95mpeer[39m date-fns@"^2.28.0 || ^3.0.0" from react-day-picker@8.10.1[2m[22m
27 error   [2mnode_modules/react-day-picker[22m
27 error     react-day-picker@"8.10.1" from the root project
27 error
27 error Fix the upstream dependency conflict, or retry
27 error this command with --force or --legacy-peer-deps
27 error to accept an incorrect (and potentially broken) dependency resolution.
28 error
28 error
28 error For a full report see:
28 error D:\musicnew\ResVibesync\frontend\.npm-cache\_logs\2025-07-24T12_38_00_507Z-eresolve-report.txt
29 silly unfinished npm timer reify 1753360681457
30 silly unfinished npm timer reify:loadTrees 1753360681458
31 silly unfinished npm timer idealTree:buildDeps 1753360681870
32 silly unfinished npm timer idealTree:node_modules/react-day-picker 1753360681873
33 verbose cwd D:\musicnew\ResVibesync\frontend
34 verbose os Windows_NT 10.0.26100
35 verbose node v22.16.0
36 verbose npm  v10.9.2
37 verbose exit 1
38 verbose code 1
39 error A complete log of this run can be found in: D:\musicnew\ResVibesync\frontend\.npm-cache\_logs\2025-07-24T12_38_00_507Z-debug-0.log
