0 verbose cli C:\Program Files\nodejs\node.exe C:\Program Files\nodejs\node_modules\npm\bin\npm-cli.js
1 info using npm@10.9.2
2 info using node@v22.16.0
3 silly config load:file:C:\Program Files\nodejs\node_modules\npm\npmrc
4 silly config load:file:D:\musicnew\ResVibesync\frontend\.npmrc
5 silly config load:file:C:\Users\ThinkPad\.npmrc
6 silly config load:file:C:\Users\ThinkPad\AppData\Roaming\npm\etc\npmrc
7 verbose title npm install
8 verbose argv "install" "--force"
9 verbose logfile logs-max:10 dir:D:\musicnew\ResVibesync\frontend\.npm-cache\_logs\2025-07-29T00_54_30_596Z-
10 verbose logfile D:\musicnew\ResVibesync\frontend\.npm-cache\_logs\2025-07-29T00_54_30_596Z-debug-0.log
11 warn using --force Recommended protections disabled.
12 silly logfile start cleaning logs, removing 1 files
13 silly packumentCache heap:4345298944 maxSize:1086324736 maxEntrySize:543162368
14 silly logfile done cleaning log files
15 silly idealTree buildDeps
16 silly fetch manifest date-fns@^2.28.0 || ^3.0.0
17 silly packumentCache full:https://registry.npmjs.org/date-fns cache-miss
18 http cache https://registry.npmjs.org/date-fns 119ms (cache hit)
19 silly packumentCache full:https://registry.npmjs.org/date-fns set size:3443758 disposed:false
20 silly fetch manifest react@^16.8.0 || ^17.0.0 || ^18.0.0
21 silly packumentCache full:https://registry.npmjs.org/react cache-miss
22 http cache https://registry.npmjs.org/react 17ms (cache hit)
23 silly packumentCache full:https://registry.npmjs.org/react set size:5894927 disposed:false
24 warn ERESOLVE overriding peer dependency {
24 warn ERESOLVE   code: 'ERESOLVE',
24 warn ERESOLVE   edge: {
24 warn ERESOLVE     type: 'peer',
24 warn ERESOLVE     name: 'date-fns',
24 warn ERESOLVE     spec: '^2.28.0 || ^3.0.0',
24 warn ERESOLVE     error: 'INVALID',
24 warn ERESOLVE     from: {
24 warn ERESOLVE       name: 'react-day-picker',
24 warn ERESOLVE       version: '8.10.1',
24 warn ERESOLVE       location: 'node_modules/react-day-picker',
24 warn ERESOLVE       isWorkspace: false,
24 warn ERESOLVE       dependents: [Array]
24 warn ERESOLVE     }
24 warn ERESOLVE   },
24 warn ERESOLVE   dep: {
24 warn ERESOLVE     name: 'date-fns',
24 warn ERESOLVE     version: '3.6.0',
24 warn ERESOLVE     whileInstalling: {
24 warn ERESOLVE       name: 'react-day-picker',
24 warn ERESOLVE       version: '8.10.1',
24 warn ERESOLVE       path: 'D:\\musicnew\\ResVibesync\\frontend\\node_modules\\react-day-picker'
24 warn ERESOLVE     },
24 warn ERESOLVE     location: 'node_modules/date-fns',
24 warn ERESOLVE     isWorkspace: false,
24 warn ERESOLVE     dependents: [ [Object] ]
24 warn ERESOLVE   },
24 warn ERESOLVE   force: true,
24 warn ERESOLVE   isMine: true,
24 warn ERESOLVE   strictPeerDeps: false,
24 warn ERESOLVE   current: {
24 warn ERESOLVE     name: 'date-fns',
24 warn ERESOLVE     version: '4.1.0',
24 warn ERESOLVE     location: 'node_modules/date-fns',
24 warn ERESOLVE     isWorkspace: false,
24 warn ERESOLVE     dependents: [ [Object] ]
24 warn ERESOLVE   },
24 warn ERESOLVE   peerConflict: {
24 warn ERESOLVE     current: {
24 warn ERESOLVE       name: 'date-fns',
24 warn ERESOLVE       version: '4.1.0',
24 warn ERESOLVE       location: 'node_modules/date-fns',
24 warn ERESOLVE       isWorkspace: false,
24 warn ERESOLVE       dependents: [Array]
24 warn ERESOLVE     },
24 warn ERESOLVE     peer: {
24 warn ERESOLVE       name: 'date-fns',
24 warn ERESOLVE       version: '3.6.0',
24 warn ERESOLVE       whileInstalling: [Object],
24 warn ERESOLVE       location: 'node_modules/date-fns',
24 warn ERESOLVE       isWorkspace: false,
24 warn ERESOLVE       dependents: [Array]
24 warn ERESOLVE     }
24 warn ERESOLVE   }
24 warn ERESOLVE }
25 warn ERESOLVE overriding peer dependency {
25 warn ERESOLVE   code: 'ERESOLVE',
25 warn ERESOLVE   edge: {
25 warn ERESOLVE     type: 'peer',
25 warn ERESOLVE     name: 'react',
25 warn ERESOLVE     spec: '^16.8.0 || ^17.0.0 || ^18.0.0',
25 warn ERESOLVE     error: 'INVALID',
25 warn ERESOLVE     from: {
25 warn ERESOLVE       name: 'react-day-picker',
25 warn ERESOLVE       version: '8.10.1',
25 warn ERESOLVE       location: 'node_modules/react-day-picker',
25 warn ERESOLVE       isWorkspace: false,
25 warn ERESOLVE       dependents: [Array]
25 warn ERESOLVE     }
25 warn ERESOLVE   },
25 warn ERESOLVE   dep: {
25 warn ERESOLVE     name: 'react',
25 warn ERESOLVE     version: '18.3.1',
25 warn ERESOLVE     whileInstalling: {
25 warn ERESOLVE       name: 'react-day-picker',
25 warn ERESOLVE       version: '8.10.1',
25 warn ERESOLVE       path: 'D:\\musicnew\\ResVibesync\\frontend\\node_modules\\react-day-picker'
25 warn ERESOLVE     },
25 warn ERESOLVE     location: 'node_modules/react',
25 warn ERESOLVE     isWorkspace: false,
25 warn ERESOLVE     dependents: [ [Object] ]
25 warn ERESOLVE   },
25 warn ERESOLVE   force: true,
25 warn ERESOLVE   isMine: true,
25 warn ERESOLVE   strictPeerDeps: false,
25 warn ERESOLVE   current: {
25 warn ERESOLVE     name: 'react',
25 warn ERESOLVE     version: '19.1.0',
25 warn ERESOLVE     location: 'node_modules/react',
25 warn ERESOLVE     isWorkspace: false,
25 warn ERESOLVE     dependents: [
25 warn ERESOLVE       [Object], [Object], [Object], [Object], [Object], [Object],
25 warn ERESOLVE       [Object], [Object], [Object], [Object], [Object], [Object],
25 warn ERESOLVE       [Object], [Object], [Object], [Object], [Object], [Object],
25 warn ERESOLVE       [Object], [Object], [Object], [Object], [Object], [Object],
25 warn ERESOLVE       [Object], [Object], [Object], [Object], [Object], [Object],
25 warn ERESOLVE       [Object], [Object], [Object], [Object], [Object], [Object],
25 warn ERESOLVE       [Object], [Object], [Object], [Object], [Object], [Object],
25 warn ERESOLVE       [Object], [Object], [Object], [Object], [Object], [Object],
25 warn ERESOLVE       [Object], [Object], [Object], [Object], [Object], [Object],
25 warn ERESOLVE       [Object], [Object], [Object], [Object], [Object], [Object],
25 warn ERESOLVE       [Object], [Object], [Object], [Object], [Object], [Object],
25 warn ERESOLVE       [Object], [Object], [Object], [Object], [Object], [Object],
25 warn ERESOLVE       [Object], [Object], [Object], [Object], [Object], [Object],
25 warn ERESOLVE       [Object], [Object], [Object], [Object], [Object], [Object],
25 warn ERESOLVE       [Object], [Object], [Object], [Object], [Object], [Object],
25 warn ERESOLVE       [Object], [Object], [Object], [Object], [Object]
25 warn ERESOLVE     ]
25 warn ERESOLVE   },
25 warn ERESOLVE   peerConflict: {
25 warn ERESOLVE     current: {
25 warn ERESOLVE       name: 'react',
25 warn ERESOLVE       version: '19.1.0',
25 warn ERESOLVE       location: 'node_modules/react',
25 warn ERESOLVE       isWorkspace: false,
25 warn ERESOLVE       dependents: [Array]
25 warn ERESOLVE     },
25 warn ERESOLVE     peer: {
25 warn ERESOLVE       name: 'react',
25 warn ERESOLVE       version: '18.3.1',
25 warn ERESOLVE       whileInstalling: [Object],
25 warn ERESOLVE       location: 'node_modules/react',
25 warn ERESOLVE       isWorkspace: false,
25 warn ERESOLVE       dependents: [Array]
25 warn ERESOLVE     }
25 warn ERESOLVE   }
25 warn ERESOLVE }
26 silly fetch manifest react@^16.8 || ^17.0 || ^18.0
27 silly packumentCache full:https://registry.npmjs.org/react cache-miss
28 http cache https://registry.npmjs.org/react 38ms (cache hit)
29 silly packumentCache full:https://registry.npmjs.org/react set size:5894927 disposed:false
30 silly fetch manifest react-dom@^16.8 || ^17.0 || ^18.0
31 silly packumentCache full:https://registry.npmjs.org/react-dom cache-miss
32 http cache https://registry.npmjs.org/react-dom 21ms (cache hit)
33 silly packumentCache full:https://registry.npmjs.org/react-dom set size:7573435 disposed:false
34 warn ERESOLVE overriding peer dependency {
34 warn ERESOLVE   code: 'ERESOLVE',
34 warn ERESOLVE   edge: {
34 warn ERESOLVE     type: 'peer',
34 warn ERESOLVE     name: 'react',
34 warn ERESOLVE     spec: '^16.8 || ^17.0 || ^18.0',
34 warn ERESOLVE     error: 'INVALID',
34 warn ERESOLVE     from: {
34 warn ERESOLVE       name: 'vaul',
34 warn ERESOLVE       version: '0.9.9',
34 warn ERESOLVE       location: 'node_modules/vaul',
34 warn ERESOLVE       isWorkspace: false,
34 warn ERESOLVE       dependents: [Array]
34 warn ERESOLVE     }
34 warn ERESOLVE   },
34 warn ERESOLVE   dep: {
34 warn ERESOLVE     name: 'react',
34 warn ERESOLVE     version: '18.3.1',
34 warn ERESOLVE     whileInstalling: {
34 warn ERESOLVE       name: 'vaul',
34 warn ERESOLVE       version: '0.9.9',
34 warn ERESOLVE       path: 'D:\\musicnew\\ResVibesync\\frontend\\node_modules\\vaul'
34 warn ERESOLVE     },
34 warn ERESOLVE     location: 'node_modules/react',
34 warn ERESOLVE     isWorkspace: false,
34 warn ERESOLVE     dependents: [ [Object] ]
34 warn ERESOLVE   },
34 warn ERESOLVE   force: true,
34 warn ERESOLVE   isMine: true,
34 warn ERESOLVE   strictPeerDeps: false,
34 warn ERESOLVE   current: {
34 warn ERESOLVE     name: 'react',
34 warn ERESOLVE     version: '19.1.0',
34 warn ERESOLVE     location: 'node_modules/react',
34 warn ERESOLVE     isWorkspace: false,
34 warn ERESOLVE     dependents: [
34 warn ERESOLVE       [Object], [Object], [Object], [Object], [Object], [Object],
34 warn ERESOLVE       [Object], [Object], [Object], [Object], [Object], [Object],
34 warn ERESOLVE       [Object], [Object], [Object], [Object], [Object], [Object],
34 warn ERESOLVE       [Object], [Object], [Object], [Object], [Object], [Object],
34 warn ERESOLVE       [Object], [Object], [Object], [Object], [Object], [Object],
34 warn ERESOLVE       [Object], [Object], [Object], [Object], [Object], [Object],
34 warn ERESOLVE       [Object], [Object], [Object], [Object], [Object], [Object],
34 warn ERESOLVE       [Object], [Object], [Object], [Object], [Object], [Object],
34 warn ERESOLVE       [Object], [Object], [Object], [Object], [Object], [Object],
34 warn ERESOLVE       [Object], [Object], [Object], [Object], [Object], [Object],
34 warn ERESOLVE       [Object], [Object], [Object], [Object], [Object], [Object],
34 warn ERESOLVE       [Object], [Object], [Object], [Object], [Object], [Object],
34 warn ERESOLVE       [Object], [Object], [Object], [Object], [Object], [Object],
34 warn ERESOLVE       [Object], [Object], [Object], [Object], [Object], [Object],
34 warn ERESOLVE       [Object], [Object], [Object], [Object], [Object], [Object],
34 warn ERESOLVE       [Object], [Object], [Object], [Object], [Object]
34 warn ERESOLVE     ]
34 warn ERESOLVE   },
34 warn ERESOLVE   peerConflict: {
34 warn ERESOLVE     current: {
34 warn ERESOLVE       name: 'react',
34 warn ERESOLVE       version: '19.1.0',
34 warn ERESOLVE       location: 'node_modules/react',
34 warn ERESOLVE       isWorkspace: false,
34 warn ERESOLVE       dependents: [Array]
34 warn ERESOLVE     },
34 warn ERESOLVE     peer: {
34 warn ERESOLVE       name: 'react',
34 warn ERESOLVE       version: '18.3.1',
34 warn ERESOLVE       whileInstalling: [Object],
34 warn ERESOLVE       location: 'node_modules/react',
34 warn ERESOLVE       isWorkspace: false,
34 warn ERESOLVE       dependents: [Array]
34 warn ERESOLVE     }
34 warn ERESOLVE   }
34 warn ERESOLVE }
35 warn ERESOLVE overriding peer dependency {
35 warn ERESOLVE   code: 'ERESOLVE',
35 warn ERESOLVE   edge: {
35 warn ERESOLVE     type: 'peer',
35 warn ERESOLVE     name: 'react-dom',
35 warn ERESOLVE     spec: '^16.8 || ^17.0 || ^18.0',
35 warn ERESOLVE     error: 'INVALID',
35 warn ERESOLVE     from: {
35 warn ERESOLVE       name: 'vaul',
35 warn ERESOLVE       version: '0.9.9',
35 warn ERESOLVE       location: 'node_modules/vaul',
35 warn ERESOLVE       isWorkspace: false,
35 warn ERESOLVE       dependents: [Array]
35 warn ERESOLVE     }
35 warn ERESOLVE   },
35 warn ERESOLVE   dep: {
35 warn ERESOLVE     name: 'react-dom',
35 warn ERESOLVE     version: '18.3.1',
35 warn ERESOLVE     whileInstalling: {
35 warn ERESOLVE       name: 'vaul',
35 warn ERESOLVE       version: '0.9.9',
35 warn ERESOLVE       path: 'D:\\musicnew\\ResVibesync\\frontend\\node_modules\\vaul'
35 warn ERESOLVE     },
35 warn ERESOLVE     location: 'node_modules/react-dom',
35 warn ERESOLVE     isWorkspace: false,
35 warn ERESOLVE     dependents: [ [Object] ]
35 warn ERESOLVE   },
35 warn ERESOLVE   force: true,
35 warn ERESOLVE   isMine: true,
35 warn ERESOLVE   strictPeerDeps: false,
35 warn ERESOLVE   current: {
35 warn ERESOLVE     name: 'react-dom',
35 warn ERESOLVE     version: '19.1.0',
35 warn ERESOLVE     location: 'node_modules/react-dom',
35 warn ERESOLVE     isWorkspace: false,
35 warn ERESOLVE     dependents: [
35 warn ERESOLVE       [Object], [Object], [Object], [Object],
35 warn ERESOLVE       [Object], [Object], [Object], [Object],
35 warn ERESOLVE       [Object], [Object], [Object], [Object],
35 warn ERESOLVE       [Object], [Object], [Object], [Object],
35 warn ERESOLVE       [Object], [Object], [Object], [Object],
35 warn ERESOLVE       [Object], [Object], [Object], [Object],
35 warn ERESOLVE       [Object], [Object], [Object], [Object],
35 warn ERESOLVE       [Object], [Object], [Object], [Object],
35 warn ERESOLVE       [Object], [Object], [Object], [Object],
35 warn ERESOLVE       [Object], [Object], [Object], [Object],
35 warn ERESOLVE       [Object], [Object], [Object], [Object],
35 warn ERESOLVE       [Object], [Object], [Object], [Object],
35 warn ERESOLVE       [Object], [Object], [Object], [Object],
35 warn ERESOLVE       [Object], [Object]
35 warn ERESOLVE     ]
35 warn ERESOLVE   },
35 warn ERESOLVE   peerConflict: {
35 warn ERESOLVE     current: {
35 warn ERESOLVE       name: 'react-dom',
35 warn ERESOLVE       version: '19.1.0',
35 warn ERESOLVE       location: 'node_modules/react-dom',
35 warn ERESOLVE       isWorkspace: false,
35 warn ERESOLVE       dependents: [Array]
35 warn ERESOLVE     },
35 warn ERESOLVE     peer: {
35 warn ERESOLVE       name: 'react-dom',
35 warn ERESOLVE       version: '18.3.1',
35 warn ERESOLVE       whileInstalling: [Object],
35 warn ERESOLVE       location: 'node_modules/react-dom',
35 warn ERESOLVE       isWorkspace: false,
35 warn ERESOLVE       dependents: [Array]
35 warn ERESOLVE     }
35 warn ERESOLVE   }
35 warn ERESOLVE }
36 silly reify moves {}
37 silly audit bulk request {
37 silly audit   '@alloc/quick-lru': [ '5.2.0' ],
37 silly audit   '@babel/code-frame': [ '7.27.1' ],
37 silly audit   '@babel/generator': [ '7.28.0' ],
37 silly audit   '@babel/helper-globals': [ '7.28.0' ],
37 silly audit   '@babel/helper-module-imports': [ '7.27.1' ],
37 silly audit   '@babel/helper-string-parser': [ '7.27.1' ],
37 silly audit   '@babel/helper-validator-identifier': [ '7.27.1' ],
37 silly audit   '@babel/parser': [ '7.28.0' ],
37 silly audit   '@babel/runtime': [ '7.27.6' ],
37 silly audit   '@babel/template': [ '7.27.2' ],
37 silly audit   '@babel/traverse': [ '7.28.0' ],
37 silly audit   '@babel/types': [ '7.28.1' ],
37 silly audit   '@emnapi/runtime': [ '1.4.3' ],
37 silly audit   '@emotion/babel-plugin': [ '11.13.5' ],
37 silly audit   '@emotion/cache': [ '11.14.0' ],
37 silly audit   '@emotion/hash': [ '0.9.2' ],
37 silly audit   '@emotion/memoize': [ '0.9.0' ],
37 silly audit   '@emotion/react': [ '11.14.0' ],
37 silly audit   '@emotion/serialize': [ '1.3.3' ],
37 silly audit   '@emotion/sheet': [ '1.4.0' ],
37 silly audit   '@emotion/unitless': [ '0.10.0' ],
37 silly audit   '@emotion/use-insertion-effect-with-fallbacks': [ '1.2.0' ],
37 silly audit   '@emotion/utils': [ '1.4.2' ],
37 silly audit   '@emotion/weak-memoize': [ '0.4.0' ],
37 silly audit   '@floating-ui/core': [ '1.7.1' ],
37 silly audit   '@floating-ui/dom': [ '1.7.1' ],
37 silly audit   '@floating-ui/react-dom': [ '2.1.3' ],
37 silly audit   '@floating-ui/utils': [ '0.2.9' ],
37 silly audit   '@hookform/resolvers': [ '3.10.0' ],
37 silly audit   '@img/sharp-darwin-arm64': [ '0.33.5' ],
37 silly audit   '@img/sharp-darwin-x64': [ '0.33.5' ],
37 silly audit   '@img/sharp-libvips-darwin-arm64': [ '1.0.4' ],
37 silly audit   '@img/sharp-libvips-darwin-x64': [ '1.0.4' ],
37 silly audit   '@img/sharp-libvips-linux-arm': [ '1.0.5' ],
37 silly audit   '@img/sharp-libvips-linux-arm64': [ '1.0.4' ],
37 silly audit   '@img/sharp-libvips-linux-s390x': [ '1.0.4' ],
37 silly audit   '@img/sharp-libvips-linux-x64': [ '1.0.4' ],
37 silly audit   '@img/sharp-libvips-linuxmusl-arm64': [ '1.0.4' ],
37 silly audit   '@img/sharp-libvips-linuxmusl-x64': [ '1.0.4' ],
37 silly audit   '@img/sharp-linux-arm': [ '0.33.5' ],
37 silly audit   '@img/sharp-linux-arm64': [ '0.33.5' ],
37 silly audit   '@img/sharp-linux-s390x': [ '0.33.5' ],
37 silly audit   '@img/sharp-linux-x64': [ '0.33.5' ],
37 silly audit   '@img/sharp-linuxmusl-arm64': [ '0.33.5' ],
37 silly audit   '@img/sharp-linuxmusl-x64': [ '0.33.5' ],
37 silly audit   '@img/sharp-wasm32': [ '0.33.5' ],
37 silly audit   '@img/sharp-win32-ia32': [ '0.33.5' ],
37 silly audit   '@img/sharp-win32-x64': [ '0.33.5' ],
37 silly audit   '@isaacs/cliui': [ '8.0.2' ],
37 silly audit   '@jridgewell/gen-mapping': [ '0.3.12' ],
37 silly audit   '@jridgewell/resolve-uri': [ '3.1.2' ],
37 silly audit   '@jridgewell/sourcemap-codec': [ '1.5.0' ],
37 silly audit   '@jridgewell/trace-mapping': [ '0.3.29' ],
37 silly audit   '@kurkle/color': [ '0.3.4' ],
37 silly audit   '@next/env': [ '15.2.4' ],
37 silly audit   '@next/swc-darwin-arm64': [ '15.2.4' ],
37 silly audit   '@next/swc-darwin-x64': [ '15.2.4' ],
37 silly audit   '@next/swc-linux-arm64-gnu': [ '15.2.4' ],
37 silly audit   '@next/swc-linux-arm64-musl': [ '15.2.4' ],
37 silly audit   '@next/swc-linux-x64-gnu': [ '15.2.4' ],
37 silly audit   '@next/swc-linux-x64-musl': [ '15.2.4' ],
37 silly audit   '@next/swc-win32-arm64-msvc': [ '15.2.4' ],
37 silly audit   '@next/swc-win32-x64-msvc': [ '15.2.4' ],
37 silly audit   '@nodelib/fs.scandir': [ '2.1.5' ],
37 silly audit   '@nodelib/fs.stat': [ '2.0.5' ],
37 silly audit   '@nodelib/fs.walk': [ '1.2.8' ],
37 silly audit   '@pkgjs/parseargs': [ '0.11.0' ],
37 silly audit   '@radix-ui/number': [ '1.1.0' ],
37 silly audit   '@radix-ui/primitive': [ '1.1.1', '1.1.2' ],
37 silly audit   '@radix-ui/react-accordion': [ '1.2.2' ],
37 silly audit   '@radix-ui/react-alert-dialog': [ '1.1.4' ],
37 silly audit   '@radix-ui/react-arrow': [ '1.1.1' ],
37 silly audit   '@radix-ui/react-aspect-ratio': [ '1.1.1' ],
37 silly audit   '@radix-ui/react-avatar': [ '1.1.2' ],
37 silly audit   '@radix-ui/react-checkbox': [ '1.1.3' ],
37 silly audit   '@radix-ui/react-collapsible': [ '1.1.2' ],
37 silly audit   '@radix-ui/react-collection': [ '1.1.1', '1.1.7' ],
37 silly audit   '@radix-ui/react-compose-refs': [ '1.1.1', '1.1.2' ],
37 silly audit   '@radix-ui/react-context': [ '1.1.1', '1.1.2' ],
37 silly audit   '@radix-ui/react-context-menu': [ '2.2.4' ],
37 silly audit   '@radix-ui/react-dialog': [ '1.1.4' ],
37 silly audit   '@radix-ui/react-direction': [ '1.1.0', '1.1.1' ],
37 silly audit   '@radix-ui/react-dismissable-layer': [ '1.1.3' ],
37 silly audit   '@radix-ui/react-dropdown-menu': [ '2.1.4' ],
37 silly audit   '@radix-ui/react-focus-guards': [ '1.1.1' ],
37 silly audit   '@radix-ui/react-focus-scope': [ '1.1.1' ],
37 silly audit   '@radix-ui/react-hover-card': [ '1.1.4' ],
37 silly audit   '@radix-ui/react-id': [ '1.1.0', '1.1.1' ],
37 silly audit   '@radix-ui/react-label': [ '2.1.1' ],
37 silly audit   '@radix-ui/react-menu': [ '2.1.4' ],
37 silly audit   '@radix-ui/react-menubar': [ '1.1.4' ],
37 silly audit   '@radix-ui/react-navigation-menu': [ '1.2.3' ],
37 silly audit   '@radix-ui/react-popover': [ '1.1.4' ],
37 silly audit   '@radix-ui/react-popper': [ '1.2.1' ],
37 silly audit   '@radix-ui/react-portal': [ '1.1.3' ],
37 silly audit   '@radix-ui/react-presence': [ '1.1.2', '1.1.4' ],
37 silly audit   '@radix-ui/react-primitive': [ '2.0.1', '2.1.3' ],
37 silly audit   '@radix-ui/react-progress': [ '1.1.1' ],
37 silly audit   '@radix-ui/react-radio-group': [ '1.2.2' ],
37 silly audit   '@radix-ui/react-roving-focus': [ '1.1.1', '1.1.10' ],
37 silly audit   '@radix-ui/react-scroll-area': [ '1.2.2' ],
37 silly audit   '@radix-ui/react-select': [ '2.1.4' ],
37 silly audit   '@radix-ui/react-separator': [ '1.1.1' ],
37 silly audit   '@radix-ui/react-slider': [ '1.2.2' ],
37 silly audit   '@radix-ui/react-slot': [ '1.1.1', '1.2.3' ],
37 silly audit   '@radix-ui/react-switch': [ '1.1.2' ],
37 silly audit   '@radix-ui/react-tabs': [ '1.1.12' ],
37 silly audit   '@radix-ui/react-use-callback-ref': [ '1.1.1', '1.1.0' ],
37 silly audit   '@radix-ui/react-use-controllable-state': [ '1.2.2', '1.1.0' ],
37 silly audit   '@radix-ui/react-use-layout-effect': [ '1.1.1', '1.1.0' ],
37 silly audit   '@radix-ui/react-toast': [ '1.2.4' ],
37 silly audit   '@radix-ui/react-toggle': [ '1.1.1' ],
37 silly audit   '@radix-ui/react-toggle-group': [ '1.1.1' ],
37 silly audit   '@radix-ui/react-tooltip': [ '1.1.6' ],
37 silly audit   '@radix-ui/react-use-effect-event': [ '0.0.2' ],
37 silly audit   '@radix-ui/react-use-escape-keydown': [ '1.1.0' ],
37 silly audit   '@radix-ui/react-use-previous': [ '1.1.0' ],
37 silly audit   '@radix-ui/react-use-rect': [ '1.1.0' ],
37 silly audit   '@radix-ui/react-use-size': [ '1.1.0' ],
37 silly audit   '@radix-ui/react-visually-hidden': [ '1.1.1' ],
37 silly audit   '@radix-ui/rect': [ '1.1.0' ],
37 silly audit   '@swc/counter': [ '0.1.3' ],
37 silly audit   '@swc/helpers': [ '0.5.15' ],
37 silly audit   '@tanstack/query-core': [ '5.83.0' ],
37 silly audit   '@tanstack/react-query': [ '5.83.0' ],
37 silly audit   '@types/d3-array': [ '3.2.1' ],
37 silly audit   '@types/d3-color': [ '3.1.3' ],
37 silly audit   '@types/d3-ease': [ '3.0.2' ],
37 silly audit   '@types/d3-interpolate': [ '3.0.4' ],
37 silly audit   '@types/d3-path': [ '3.1.1' ],
37 silly audit   '@types/d3-scale': [ '4.0.9' ],
37 silly audit   '@types/d3-shape': [ '3.1.7' ],
37 silly audit   '@types/d3-time': [ '3.0.4' ],
37 silly audit   '@types/d3-timer': [ '3.0.2' ],
37 silly audit   '@types/node': [ '22.15.31' ],
37 silly audit   '@types/parse-json': [ '4.0.2' ],
37 silly audit   '@types/react': [ '19.1.8' ],
37 silly audit   '@types/react-dom': [ '19.1.6' ],
37 silly audit   '@types/react-transition-group': [ '4.4.12' ],
37 silly audit   'ansi-regex': [ '6.1.0', '5.0.1' ],
37 silly audit   'ansi-styles': [ '6.2.1', '4.3.0' ],
37 silly audit   'any-promise': [ '1.3.0' ],
37 silly audit   anymatch: [ '3.1.3' ],
37 silly audit   arg: [ '5.0.2' ],
37 silly audit   'aria-hidden': [ '1.2.6' ],
37 silly audit   asynckit: [ '0.4.0' ],
37 silly audit   'attr-accept': [ '2.2.5' ],
37 silly audit   autoprefixer: [ '10.4.21' ],
37 silly audit   axios: [ '1.10.0' ],
37 silly audit   'axios-retry': [ '4.5.0' ],
37 silly audit   'babel-plugin-macros': [ '3.1.0' ],
37 silly audit   'balanced-match': [ '1.0.2' ],
37 silly audit   'binary-extensions': [ '2.3.0' ],
37 silly audit   'brace-expansion': [ '2.0.2' ],
37 silly audit   braces: [ '3.0.3' ],
37 silly audit   browserslist: [ '4.25.0' ],
37 silly audit   busboy: [ '1.6.0' ],
37 silly audit   'call-bind-apply-helpers': [ '1.0.2' ],
37 silly audit   callsites: [ '3.1.0' ],
37 silly audit   'camelcase-css': [ '2.0.1' ],
37 silly audit   'caniuse-lite': [ '1.0.30001723' ],
37 silly audit   'chart.js': [ '4.5.0' ],
37 silly audit   chokidar: [ '3.6.0' ],
37 silly audit   'glob-parent': [ '5.1.2', '6.0.2' ],
37 silly audit   'class-variance-authority': [ '0.7.1' ],
37 silly audit   'client-only': [ '0.0.1' ],
37 silly audit   clsx: [ '2.1.1' ],
37 silly audit   cmdk: [ '1.0.4' ],
37 silly audit   color: [ '4.2.3' ],
37 silly audit   'color-convert': [ '2.0.1' ],
37 silly audit   'color-name': [ '1.1.4' ],
37 silly audit   'color-string': [ '1.9.1' ],
37 silly audit   'combined-stream': [ '1.0.8' ],
37 silly audit   commander: [ '4.1.1' ],
37 silly audit   'convert-source-map': [ '1.9.0' ],
37 silly audit   cosmiconfig: [ '7.1.0' ],
37 silly audit   yaml: [ '1.10.2', '2.8.0' ],
37 silly audit   'cross-spawn': [ '7.0.6' ],
37 silly audit   cssesc: [ '3.0.0' ],
37 silly audit   csstype: [ '3.1.3' ],
37 silly audit   'd3-array': [ '3.2.4' ],
37 silly audit   'd3-color': [ '3.1.0' ],
37 silly audit   'd3-ease': [ '3.0.1' ],
37 silly audit   'd3-format': [ '3.1.0' ],
37 silly audit   'd3-interpolate': [ '3.0.1' ],
37 silly audit   'd3-path': [ '3.1.0' ],
37 silly audit   'd3-scale': [ '4.0.2' ],
37 silly audit   'd3-shape': [ '3.2.0' ],
37 silly audit   'd3-time': [ '3.1.0' ],
37 silly audit   'd3-time-format': [ '4.1.0' ],
37 silly audit   'd3-timer': [ '3.0.1' ],
37 silly audit   'date-fns': [ '4.1.0' ],
37 silly audit   debug: [ '4.4.1' ],
37 silly audit   'decimal.js-light': [ '2.5.1' ],
37 silly audit   'delayed-stream': [ '1.0.0' ],
37 silly audit   'detect-libc': [ '2.0.4' ],
37 silly audit   'detect-node-es': [ '1.1.0' ],
37 silly audit   didyoumean: [ '1.2.2' ],
37 silly audit   dlv: [ '1.1.3' ],
37 silly audit   'dom-helpers': [ '5.2.1' ],
37 silly audit   'dunder-proto': [ '1.0.1' ],
37 silly audit   eastasianwidth: [ '0.2.0' ],
37 silly audit   'electron-to-chromium': [ '1.5.167' ],
37 silly audit   'embla-carousel': [ '8.5.1' ],
37 silly audit   'embla-carousel-react': [ '8.5.1' ],
37 silly audit   'embla-carousel-reactive-utils': [ '8.5.1' ],
37 silly audit   'emoji-regex': [ '9.2.2', '8.0.0' ],
37 silly audit   'error-ex': [ '1.3.2' ],
37 silly audit   'is-arrayish': [ '0.2.1', '0.3.2' ],
37 silly audit   'es-define-property': [ '1.0.1' ],
37 silly audit   'es-errors': [ '1.3.0' ],
37 silly audit   'es-object-atoms': [ '1.1.1' ],
37 silly audit   'es-set-tostringtag': [ '2.1.0' ],
37 silly audit   escalade: [ '3.2.0' ],
37 silly audit   'escape-string-regexp': [ '4.0.0' ],
37 silly audit   eventemitter3: [ '4.0.7' ],
37 silly audit   'fast-equals': [ '5.2.2' ],
37 silly audit   'fast-glob': [ '3.3.3' ],
37 silly audit   fastq: [ '1.19.1' ],
37 silly audit   'file-selector': [ '2.1.2' ],
37 silly audit   'fill-range': [ '7.1.1' ],
37 silly audit   'find-root': [ '1.1.0' ],
37 silly audit   'follow-redirects': [ '1.15.9' ],
37 silly audit   'foreground-child': [ '3.3.1' ],
37 silly audit   'form-data': [ '4.0.3' ],
37 silly audit   'fraction.js': [ '4.3.7' ],
37 silly audit   'framer-motion': [ '12.23.5' ],
37 silly audit   fsevents: [ '2.3.3' ],
37 silly audit   'function-bind': [ '1.1.2' ],
37 silly audit   'get-intrinsic': [ '1.3.0' ],
37 silly audit   'get-nonce': [ '1.0.1' ],
37 silly audit   'get-proto': [ '1.0.1' ],
37 silly audit   glob: [ '10.4.5' ],
37 silly audit   gopd: [ '1.2.0' ],
37 silly audit   'has-symbols': [ '1.1.0' ],
37 silly audit   'has-tostringtag': [ '1.0.2' ],
37 silly audit   hasown: [ '2.0.2' ],
37 silly audit   'hoist-non-react-statics': [ '3.3.2' ],
37 silly audit   'react-is': [ '16.13.1', '18.3.1' ],
37 silly audit   'import-fresh': [ '3.3.1' ],
37 silly audit   'input-otp': [ '1.4.1' ],
37 silly audit   internmap: [ '2.0.3' ],
37 silly audit   'is-binary-path': [ '2.1.0' ],
37 silly audit   'is-core-module': [ '2.16.1' ],
37 silly audit   'is-extglob': [ '2.1.1' ],
37 silly audit   'is-fullwidth-code-point': [ '3.0.0' ],
37 silly audit   'is-glob': [ '4.0.3' ],
37 silly audit   'is-number': [ '7.0.0' ],
37 silly audit   'is-retry-allowed': [ '2.2.0' ],
37 silly audit   isexe: [ '2.0.0' ],
37 silly audit   jackspeak: [ '3.4.3' ],
37 silly audit   jiti: [ '1.21.7' ],
37 silly audit   'js-tokens': [ '4.0.0' ],
37 silly audit   jsesc: [ '3.1.0' ],
37 silly audit   'json-parse-even-better-errors': [ '2.3.1' ],
37 silly audit   lilconfig: [ '3.1.3' ],
37 silly audit   'lines-and-columns': [ '1.2.4' ],
37 silly audit   lodash: [ '4.17.21' ],
37 silly audit   'loose-envify': [ '1.4.0' ],
37 silly audit   'lru-cache': [ '10.4.3' ],
37 silly audit   'lucide-react': [ '0.454.0' ],
37 silly audit   'math-intrinsics': [ '1.1.0' ],
37 silly audit   'memoize-one': [ '6.0.0' ],
37 silly audit   merge2: [ '1.4.1' ],
37 silly audit   micromatch: [ '4.0.8' ],
37 silly audit   'mime-db': [ '1.52.0' ],
37 silly audit   'mime-types': [ '2.1.35' ],
37 silly audit   minimatch: [ '9.0.5' ],
37 silly audit   minipass: [ '7.1.2' ],
37 silly audit   'motion-dom': [ '12.23.5' ],
37 silly audit   'motion-utils': [ '12.23.2' ],
37 silly audit   ms: [ '2.1.3' ],
37 silly audit   mz: [ '2.7.0' ],
37 silly audit   nanoid: [ '3.3.11' ],
37 silly audit   next: [ '15.2.4' ],
37 silly audit   'next-themes': [ '0.4.6' ],
37 silly audit   postcss: [ '8.4.31', '8.5.5' ],
37 silly audit   'node-releases': [ '2.0.19' ],
37 silly audit   'normalize-path': [ '3.0.0' ],
37 silly audit   'normalize-range': [ '0.1.2' ],
37 silly audit   'object-assign': [ '4.1.1' ],
37 silly audit   'object-hash': [ '3.0.0' ],
37 silly audit   'package-json-from-dist': [ '1.0.1' ],
37 silly audit   'parent-module': [ '1.0.1' ],
37 silly audit   'parse-json': [ '5.2.0' ],
37 silly audit   'path-key': [ '3.1.1' ],
37 silly audit   'path-parse': [ '1.0.7' ],
37 silly audit   'path-scurry': [ '1.11.1' ],
37 silly audit   'path-type': [ '4.0.0' ],
37 silly audit   picocolors: [ '1.1.1' ],
37 silly audit   picomatch: [ '2.3.1' ],
37 silly audit   pify: [ '2.3.0' ],
37 silly audit   pirates: [ '4.0.7' ],
37 silly audit   'postcss-import': [ '15.1.0' ],
37 silly audit   'postcss-js': [ '4.0.1' ],
37 silly audit   'postcss-nested': [ '6.2.0' ],
37 silly audit   'postcss-selector-parser': [ '6.1.2' ],
37 silly audit   'postcss-value-parser': [ '4.2.0' ],
37 silly audit   'prop-types': [ '15.8.1' ],
37 silly audit   'proxy-from-env': [ '1.1.0' ],
37 silly audit   'queue-microtask': [ '1.2.3' ],
37 silly audit   react: [ '19.1.0' ],
37 silly audit   'react-chartjs-2': [ '5.3.0' ],
37 silly audit   'react-day-picker': [ '8.10.1' ],
37 silly audit   'react-dom': [ '19.1.0' ],
37 silly audit   'react-dropzone': [ '14.3.8' ],
37 silly audit   'react-hook-form': [ '7.57.0' ],
37 silly audit   'react-icons': [ '5.5.0' ],
37 silly audit   'react-remove-scroll': [ '2.7.1' ],
37 silly audit   'react-remove-scroll-bar': [ '2.3.8' ],
37 silly audit   'react-resizable-panels': [ '2.1.9' ],
37 silly audit   'react-select': [ '5.10.2' ],
37 silly audit   'react-smooth': [ '4.0.4' ],
37 silly audit   'react-style-singleton': [ '2.2.3' ],
37 silly audit   'react-transition-group': [ '4.4.5' ],
37 silly audit   'read-cache': [ '1.0.0' ],
37 silly audit   readdirp: [ '3.6.0' ],
37 silly audit   recharts: [ '2.15.0' ],
37 silly audit   'recharts-scale': [ '0.4.5' ],
37 silly audit   resolve: [ '1.22.10' ],
37 silly audit   'resolve-from': [ '4.0.0' ],
37 silly audit   reusify: [ '1.1.0' ],
37 silly audit   'run-parallel': [ '1.2.0' ],
37 silly audit   scheduler: [ '0.26.0' ],
37 silly audit   semver: [ '7.7.2' ],
37 silly audit   sharp: [ '0.33.5' ],
37 silly audit   'shebang-command': [ '2.0.0' ],
37 silly audit   'shebang-regex': [ '3.0.0' ],
37 silly audit   'signal-exit': [ '4.1.0' ],
37 silly audit   'simple-swizzle': [ '0.2.2' ],
37 silly audit   sonner: [ '1.7.4' ],
37 silly audit   'source-map': [ '0.5.7' ],
37 silly audit   'source-map-js': [ '1.2.1' ],
37 silly audit   streamsearch: [ '1.1.0' ],
37 silly audit   'string-width': [ '5.1.2', '4.2.3' ],
37 silly audit   'strip-ansi': [ '6.0.1', '7.1.0' ],
37 silly audit   'styled-jsx': [ '5.1.6' ],
37 silly audit   stylis: [ '4.2.0' ],
37 silly audit   sucrase: [ '3.35.0' ],
37 silly audit   'supports-preserve-symlinks-flag': [ '1.0.0' ],
37 silly audit   'tailwind-merge': [ '2.6.0' ],
37 silly audit   tailwindcss: [ '3.4.17' ],
37 silly audit   'tailwindcss-animate': [ '1.0.7' ],
37 silly audit   'postcss-load-config': [ '4.0.2' ],
37 silly audit   thenify: [ '3.3.1' ],
37 silly audit   'thenify-all': [ '1.6.0' ],
37 silly audit   'tiny-invariant': [ '1.3.3' ],
37 silly audit   'to-regex-range': [ '5.0.1' ],
37 silly audit   'ts-interface-checker': [ '0.1.13' ],
37 silly audit   tslib: [ '2.8.1' ],
37 silly audit   typescript: [ '5.8.3' ],
37 silly audit   'undici-types': [ '6.21.0' ],
37 silly audit   'update-browserslist-db': [ '1.1.3' ],
37 silly audit   'use-callback-ref': [ '1.3.3' ],
37 silly audit   'use-isomorphic-layout-effect': [ '1.2.1' ],
37 silly audit   'use-sidecar': [ '1.1.3' ],
37 silly audit   'use-sync-external-store': [ '1.5.0' ],
37 silly audit   'util-deprecate': [ '1.0.2' ],
37 silly audit   vaul: [ '0.9.9' ],
37 silly audit   'victory-vendor': [ '36.9.2' ],
37 silly audit   which: [ '2.0.2' ],
37 silly audit   'wrap-ansi': [ '8.1.0', '7.0.0' ],
37 silly audit   zod: [ '3.25.64' ]
37 silly audit }
38 verbose reify failed optional dependency D:\musicnew\ResVibesync\frontend\node_modules\fsevents
39 silly reify mark deleted [ 'D:\\musicnew\\ResVibesync\\frontend\\node_modules\\fsevents' ]
40 verbose reify failed optional dependency D:\musicnew\ResVibesync\frontend\node_modules\@next\swc-win32-arm64-msvc
41 silly reify mark deleted [
41 silly reify   'D:\\musicnew\\ResVibesync\\frontend\\node_modules\\@next\\swc-win32-arm64-msvc'
41 silly reify ]
42 verbose reify failed optional dependency D:\musicnew\ResVibesync\frontend\node_modules\@next\swc-linux-x64-musl
43 silly reify mark deleted [
43 silly reify   'D:\\musicnew\\ResVibesync\\frontend\\node_modules\\@next\\swc-linux-x64-musl'
43 silly reify ]
44 verbose reify failed optional dependency D:\musicnew\ResVibesync\frontend\node_modules\@next\swc-linux-x64-gnu
45 silly reify mark deleted [
45 silly reify   'D:\\musicnew\\ResVibesync\\frontend\\node_modules\\@next\\swc-linux-x64-gnu'
45 silly reify ]
46 verbose reify failed optional dependency D:\musicnew\ResVibesync\frontend\node_modules\@next\swc-linux-arm64-musl
47 silly reify mark deleted [
47 silly reify   'D:\\musicnew\\ResVibesync\\frontend\\node_modules\\@next\\swc-linux-arm64-musl'
47 silly reify ]
48 verbose reify failed optional dependency D:\musicnew\ResVibesync\frontend\node_modules\@next\swc-linux-arm64-gnu
49 silly reify mark deleted [
49 silly reify   'D:\\musicnew\\ResVibesync\\frontend\\node_modules\\@next\\swc-linux-arm64-gnu'
49 silly reify ]
50 verbose reify failed optional dependency D:\musicnew\ResVibesync\frontend\node_modules\@next\swc-darwin-x64
51 silly reify mark deleted [
51 silly reify   'D:\\musicnew\\ResVibesync\\frontend\\node_modules\\@next\\swc-darwin-x64'
51 silly reify ]
52 verbose reify failed optional dependency D:\musicnew\ResVibesync\frontend\node_modules\@next\swc-darwin-arm64
53 silly reify mark deleted [
53 silly reify   'D:\\musicnew\\ResVibesync\\frontend\\node_modules\\@next\\swc-darwin-arm64'
53 silly reify ]
54 verbose reify failed optional dependency D:\musicnew\ResVibesync\frontend\node_modules\@img\sharp-win32-ia32
55 silly reify mark deleted [
55 silly reify   'D:\\musicnew\\ResVibesync\\frontend\\node_modules\\@img\\sharp-win32-ia32'
55 silly reify ]
56 verbose reify failed optional dependency D:\musicnew\ResVibesync\frontend\node_modules\@img\sharp-wasm32
57 silly reify mark deleted [
57 silly reify   'D:\\musicnew\\ResVibesync\\frontend\\node_modules\\@img\\sharp-wasm32'
57 silly reify ]
58 verbose reify failed optional dependency D:\musicnew\ResVibesync\frontend\node_modules\@emnapi\runtime
59 silly reify mark deleted [
59 silly reify   'D:\\musicnew\\ResVibesync\\frontend\\node_modules\\@emnapi\\runtime'
59 silly reify ]
60 verbose reify failed optional dependency D:\musicnew\ResVibesync\frontend\node_modules\@img\sharp-linuxmusl-x64
61 silly reify mark deleted [
61 silly reify   'D:\\musicnew\\ResVibesync\\frontend\\node_modules\\@img\\sharp-linuxmusl-x64'
61 silly reify ]
62 verbose reify failed optional dependency D:\musicnew\ResVibesync\frontend\node_modules\@img\sharp-linuxmusl-arm64
63 silly reify mark deleted [
63 silly reify   'D:\\musicnew\\ResVibesync\\frontend\\node_modules\\@img\\sharp-linuxmusl-arm64'
63 silly reify ]
64 verbose reify failed optional dependency D:\musicnew\ResVibesync\frontend\node_modules\@img\sharp-linux-x64
65 silly reify mark deleted [
65 silly reify   'D:\\musicnew\\ResVibesync\\frontend\\node_modules\\@img\\sharp-linux-x64'
65 silly reify ]
66 verbose reify failed optional dependency D:\musicnew\ResVibesync\frontend\node_modules\@img\sharp-linux-s390x
67 silly reify mark deleted [
67 silly reify   'D:\\musicnew\\ResVibesync\\frontend\\node_modules\\@img\\sharp-linux-s390x'
67 silly reify ]
68 verbose reify failed optional dependency D:\musicnew\ResVibesync\frontend\node_modules\@img\sharp-linux-arm64
69 silly reify mark deleted [
69 silly reify   'D:\\musicnew\\ResVibesync\\frontend\\node_modules\\@img\\sharp-linux-arm64'
69 silly reify ]
70 verbose reify failed optional dependency D:\musicnew\ResVibesync\frontend\node_modules\@img\sharp-linux-arm
71 silly reify mark deleted [
71 silly reify   'D:\\musicnew\\ResVibesync\\frontend\\node_modules\\@img\\sharp-linux-arm'
71 silly reify ]
72 verbose reify failed optional dependency D:\musicnew\ResVibesync\frontend\node_modules\@img\sharp-libvips-linuxmusl-x64
73 silly reify mark deleted [
73 silly reify   'D:\\musicnew\\ResVibesync\\frontend\\node_modules\\@img\\sharp-libvips-linuxmusl-x64'
73 silly reify ]
74 verbose reify failed optional dependency D:\musicnew\ResVibesync\frontend\node_modules\@img\sharp-libvips-linuxmusl-arm64
75 silly reify mark deleted [
75 silly reify   'D:\\musicnew\\ResVibesync\\frontend\\node_modules\\@img\\sharp-libvips-linuxmusl-arm64'
75 silly reify ]
76 verbose reify failed optional dependency D:\musicnew\ResVibesync\frontend\node_modules\@img\sharp-libvips-linux-x64
77 silly reify mark deleted [
77 silly reify   'D:\\musicnew\\ResVibesync\\frontend\\node_modules\\@img\\sharp-libvips-linux-x64'
77 silly reify ]
78 verbose reify failed optional dependency D:\musicnew\ResVibesync\frontend\node_modules\@img\sharp-libvips-linux-s390x
79 silly reify mark deleted [
79 silly reify   'D:\\musicnew\\ResVibesync\\frontend\\node_modules\\@img\\sharp-libvips-linux-s390x'
79 silly reify ]
80 verbose reify failed optional dependency D:\musicnew\ResVibesync\frontend\node_modules\@img\sharp-libvips-linux-arm64
81 silly reify mark deleted [
81 silly reify   'D:\\musicnew\\ResVibesync\\frontend\\node_modules\\@img\\sharp-libvips-linux-arm64'
81 silly reify ]
82 verbose reify failed optional dependency D:\musicnew\ResVibesync\frontend\node_modules\@img\sharp-libvips-linux-arm
83 silly reify mark deleted [
83 silly reify   'D:\\musicnew\\ResVibesync\\frontend\\node_modules\\@img\\sharp-libvips-linux-arm'
83 silly reify ]
84 verbose reify failed optional dependency D:\musicnew\ResVibesync\frontend\node_modules\@img\sharp-libvips-darwin-x64
85 silly reify mark deleted [
85 silly reify   'D:\\musicnew\\ResVibesync\\frontend\\node_modules\\@img\\sharp-libvips-darwin-x64'
85 silly reify ]
86 verbose reify failed optional dependency D:\musicnew\ResVibesync\frontend\node_modules\@img\sharp-libvips-darwin-arm64
87 silly reify mark deleted [
87 silly reify   'D:\\musicnew\\ResVibesync\\frontend\\node_modules\\@img\\sharp-libvips-darwin-arm64'
87 silly reify ]
88 verbose reify failed optional dependency D:\musicnew\ResVibesync\frontend\node_modules\@img\sharp-darwin-x64
89 silly reify mark deleted [
89 silly reify   'D:\\musicnew\\ResVibesync\\frontend\\node_modules\\@img\\sharp-darwin-x64'
89 silly reify ]
90 verbose reify failed optional dependency D:\musicnew\ResVibesync\frontend\node_modules\@img\sharp-darwin-arm64
91 silly reify mark deleted [
91 silly reify   'D:\\musicnew\\ResVibesync\\frontend\\node_modules\\@img\\sharp-darwin-arm64'
91 silly reify ]
92 http cache @emnapi/runtime@https://registry.npmjs.org/@emnapi/runtime/-/runtime-1.4.3.tgz 0ms (cache hit)
93 http fetch POST 200 https://registry.npmjs.org/-/npm/v1/security/advisories/bulk 6412ms
94 silly audit report {
94 silly audit report   'form-data': [
94 silly audit report     {
94 silly audit report       id: 1106507,
94 silly audit report       url: 'https://github.com/advisories/GHSA-fjxv-7rqg-78g4',
94 silly audit report       title: 'form-data uses unsafe random function in form-data for choosing boundary',
94 silly audit report       severity: 'critical',
94 silly audit report       vulnerable_versions: '>=4.0.0 <4.0.4',
94 silly audit report       cwe: [Array],
94 silly audit report       cvss: [Object]
94 silly audit report     }
94 silly audit report   ]
94 silly audit report }
95 silly packumentCache corgi:https://registry.npmjs.org/form-data cache-miss
96 http cache https://registry.npmjs.org/form-data 16ms (cache hit)
97 silly packumentCache corgi:https://registry.npmjs.org/form-data set size:50252 disposed:false
98 silly packumentCache corgi:https://registry.npmjs.org/axios cache-miss
99 http cache https://registry.npmjs.org/axios 9ms (cache hit)
100 silly packumentCache corgi:https://registry.npmjs.org/axios set size:244932 disposed:false
101 silly ADD
102 silly ADD
103 silly ADD
104 silly ADD
105 silly ADD
106 silly ADD
107 silly ADD
108 silly ADD
109 silly ADD
110 silly ADD
111 silly ADD
112 silly ADD
113 silly ADD
114 silly ADD
115 silly ADD
116 silly ADD
117 silly ADD
118 silly ADD
119 silly ADD
120 silly ADD
121 silly ADD
122 silly ADD
123 silly ADD
124 silly ADD
125 silly ADD
126 silly ADD
127 silly ADD
128 verbose cwd D:\musicnew\ResVibesync\frontend
129 verbose os Windows_NT 10.0.26100
130 verbose node v22.16.0
131 verbose npm  v10.9.2
132 verbose exit 0
133 info ok
