0 verbose cli C:\Program Files\nodejs\node.exe C:\Program Files\nodejs\node_modules\npm\bin\npm-cli.js
1 info using npm@10.9.2
2 info using node@v22.16.0
3 silly config load:file:C:\Program Files\nodejs\node_modules\npm\npmrc
4 silly config load:file:D:\musicnew\ResVibesync\frontend\.npmrc
5 silly config load:file:C:\Users\ThinkPad\.npmrc
6 silly config load:file:C:\Users\ThinkPad\AppData\Roaming\npm\etc\npmrc
7 verbose title npm install @tanstack/react-query
8 verbose argv "install" "@tanstack/react-query" "--legacy-peer-deps"
9 verbose logfile logs-max:10 dir:D:\musicnew\ResVibesync\frontend\.npm-cache\_logs\2025-07-16T08_05_41_657Z-
10 verbose logfile D:\musicnew\ResVibesync\frontend\.npm-cache\_logs\2025-07-16T08_05_41_657Z-debug-0.log
11 silly logfile done cleaning log files
12 silly packumentCache heap:4345298944 maxSize:1086324736 maxEntrySize:543162368
13 silly idealTree buildDeps
14 silly fetch manifest @tanstack/react-query@^5.83.0
15 silly packumentCache full:https://registry.npmjs.org/@tanstack%2freact-query cache-miss
16 http fetch GET 200 https://registry.npmjs.org/@tanstack%2freact-query 1510ms (cache miss)
17 silly packumentCache full:https://registry.npmjs.org/@tanstack%2freact-query set size:undefined disposed:false
18 silly placeDep ROOT @tanstack/react-query@5.83.0 REPLACE for: my-v0-project@0.1.0 want: ^5.83.0
19 silly reify moves {}
20 silly audit bulk request {
20 silly audit   '@alloc/quick-lru': [ '5.2.0' ],
20 silly audit   '@babel/code-frame': [ '7.27.1' ],
20 silly audit   '@babel/generator': [ '7.28.0' ],
20 silly audit   '@babel/helper-globals': [ '7.28.0' ],
20 silly audit   '@babel/helper-module-imports': [ '7.27.1' ],
20 silly audit   '@babel/helper-string-parser': [ '7.27.1' ],
20 silly audit   '@babel/helper-validator-identifier': [ '7.27.1' ],
20 silly audit   '@babel/parser': [ '7.28.0' ],
20 silly audit   '@babel/runtime': [ '7.27.6' ],
20 silly audit   '@babel/template': [ '7.27.2' ],
20 silly audit   '@babel/traverse': [ '7.28.0' ],
20 silly audit   '@babel/types': [ '7.28.1' ],
20 silly audit   '@emnapi/runtime': [ '1.4.3' ],
20 silly audit   '@emotion/babel-plugin': [ '11.13.5' ],
20 silly audit   '@emotion/cache': [ '11.14.0' ],
20 silly audit   '@emotion/hash': [ '0.9.2' ],
20 silly audit   '@emotion/memoize': [ '0.9.0' ],
20 silly audit   '@emotion/react': [ '11.14.0' ],
20 silly audit   '@emotion/serialize': [ '1.3.3' ],
20 silly audit   '@emotion/sheet': [ '1.4.0' ],
20 silly audit   '@emotion/unitless': [ '0.10.0' ],
20 silly audit   '@emotion/use-insertion-effect-with-fallbacks': [ '1.2.0' ],
20 silly audit   '@emotion/utils': [ '1.4.2' ],
20 silly audit   '@emotion/weak-memoize': [ '0.4.0' ],
20 silly audit   '@floating-ui/core': [ '1.7.1' ],
20 silly audit   '@floating-ui/dom': [ '1.7.1' ],
20 silly audit   '@floating-ui/react-dom': [ '2.1.3' ],
20 silly audit   '@floating-ui/utils': [ '0.2.9' ],
20 silly audit   '@hookform/resolvers': [ '3.10.0' ],
20 silly audit   '@img/sharp-darwin-arm64': [ '0.33.5' ],
20 silly audit   '@img/sharp-darwin-x64': [ '0.33.5' ],
20 silly audit   '@img/sharp-libvips-darwin-arm64': [ '1.0.4' ],
20 silly audit   '@img/sharp-libvips-darwin-x64': [ '1.0.4' ],
20 silly audit   '@img/sharp-libvips-linux-arm': [ '1.0.5' ],
20 silly audit   '@img/sharp-libvips-linux-arm64': [ '1.0.4' ],
20 silly audit   '@img/sharp-libvips-linux-s390x': [ '1.0.4' ],
20 silly audit   '@img/sharp-libvips-linux-x64': [ '1.0.4' ],
20 silly audit   '@img/sharp-libvips-linuxmusl-arm64': [ '1.0.4' ],
20 silly audit   '@img/sharp-libvips-linuxmusl-x64': [ '1.0.4' ],
20 silly audit   '@img/sharp-linux-arm': [ '0.33.5' ],
20 silly audit   '@img/sharp-linux-arm64': [ '0.33.5' ],
20 silly audit   '@img/sharp-linux-s390x': [ '0.33.5' ],
20 silly audit   '@img/sharp-linux-x64': [ '0.33.5' ],
20 silly audit   '@img/sharp-linuxmusl-arm64': [ '0.33.5' ],
20 silly audit   '@img/sharp-linuxmusl-x64': [ '0.33.5' ],
20 silly audit   '@img/sharp-wasm32': [ '0.33.5' ],
20 silly audit   '@img/sharp-win32-ia32': [ '0.33.5' ],
20 silly audit   '@img/sharp-win32-x64': [ '0.33.5' ],
20 silly audit   '@isaacs/cliui': [ '8.0.2' ],
20 silly audit   '@jridgewell/gen-mapping': [ '0.3.12' ],
20 silly audit   '@jridgewell/resolve-uri': [ '3.1.2' ],
20 silly audit   '@jridgewell/sourcemap-codec': [ '1.5.0' ],
20 silly audit   '@jridgewell/trace-mapping': [ '0.3.29' ],
20 silly audit   '@kurkle/color': [ '0.3.4' ],
20 silly audit   '@next/env': [ '15.2.4' ],
20 silly audit   '@next/swc-darwin-arm64': [ '15.2.4' ],
20 silly audit   '@next/swc-darwin-x64': [ '15.2.4' ],
20 silly audit   '@next/swc-linux-arm64-gnu': [ '15.2.4' ],
20 silly audit   '@next/swc-linux-arm64-musl': [ '15.2.4' ],
20 silly audit   '@next/swc-linux-x64-gnu': [ '15.2.4' ],
20 silly audit   '@next/swc-linux-x64-musl': [ '15.2.4' ],
20 silly audit   '@next/swc-win32-arm64-msvc': [ '15.2.4' ],
20 silly audit   '@next/swc-win32-x64-msvc': [ '15.2.4' ],
20 silly audit   '@nodelib/fs.scandir': [ '2.1.5' ],
20 silly audit   '@nodelib/fs.stat': [ '2.0.5' ],
20 silly audit   '@nodelib/fs.walk': [ '1.2.8' ],
20 silly audit   '@pkgjs/parseargs': [ '0.11.0' ],
20 silly audit   '@radix-ui/number': [ '1.1.0' ],
20 silly audit   '@radix-ui/primitive': [ '1.1.1', '1.1.2' ],
20 silly audit   '@radix-ui/react-accordion': [ '1.2.2' ],
20 silly audit   '@radix-ui/react-alert-dialog': [ '1.1.4' ],
20 silly audit   '@radix-ui/react-arrow': [ '1.1.1' ],
20 silly audit   '@radix-ui/react-aspect-ratio': [ '1.1.1' ],
20 silly audit   '@radix-ui/react-avatar': [ '1.1.2' ],
20 silly audit   '@radix-ui/react-checkbox': [ '1.1.3' ],
20 silly audit   '@radix-ui/react-collapsible': [ '1.1.2' ],
20 silly audit   '@radix-ui/react-collection': [ '1.1.1', '1.1.7' ],
20 silly audit   '@radix-ui/react-compose-refs': [ '1.1.1', '1.1.2' ],
20 silly audit   '@radix-ui/react-context': [ '1.1.1', '1.1.2' ],
20 silly audit   '@radix-ui/react-context-menu': [ '2.2.4' ],
20 silly audit   '@radix-ui/react-dialog': [ '1.1.4' ],
20 silly audit   '@radix-ui/react-direction': [ '1.1.0', '1.1.1' ],
20 silly audit   '@radix-ui/react-dismissable-layer': [ '1.1.3' ],
20 silly audit   '@radix-ui/react-dropdown-menu': [ '2.1.4' ],
20 silly audit   '@radix-ui/react-focus-guards': [ '1.1.1' ],
20 silly audit   '@radix-ui/react-focus-scope': [ '1.1.1' ],
20 silly audit   '@radix-ui/react-hover-card': [ '1.1.4' ],
20 silly audit   '@radix-ui/react-id': [ '1.1.0', '1.1.1' ],
20 silly audit   '@radix-ui/react-label': [ '2.1.1' ],
20 silly audit   '@radix-ui/react-menu': [ '2.1.4' ],
20 silly audit   '@radix-ui/react-menubar': [ '1.1.4' ],
20 silly audit   '@radix-ui/react-navigation-menu': [ '1.2.3' ],
20 silly audit   '@radix-ui/react-popover': [ '1.1.4' ],
20 silly audit   '@radix-ui/react-popper': [ '1.2.1' ],
20 silly audit   '@radix-ui/react-portal': [ '1.1.3' ],
20 silly audit   '@radix-ui/react-presence': [ '1.1.2', '1.1.4' ],
20 silly audit   '@radix-ui/react-primitive': [ '2.0.1', '2.1.3' ],
20 silly audit   '@radix-ui/react-progress': [ '1.1.1' ],
20 silly audit   '@radix-ui/react-radio-group': [ '1.2.2' ],
20 silly audit   '@radix-ui/react-roving-focus': [ '1.1.1', '1.1.10' ],
20 silly audit   '@radix-ui/react-scroll-area': [ '1.2.2' ],
20 silly audit   '@radix-ui/react-select': [ '2.1.4' ],
20 silly audit   '@radix-ui/react-separator': [ '1.1.1' ],
20 silly audit   '@radix-ui/react-slider': [ '1.2.2' ],
20 silly audit   '@radix-ui/react-slot': [ '1.1.1', '1.2.3' ],
20 silly audit   '@radix-ui/react-switch': [ '1.1.2' ],
20 silly audit   '@radix-ui/react-tabs': [ '1.1.12' ],
20 silly audit   '@radix-ui/react-use-callback-ref': [ '1.1.1', '1.1.0' ],
20 silly audit   '@radix-ui/react-use-controllable-state': [ '1.2.2', '1.1.0' ],
20 silly audit   '@radix-ui/react-use-layout-effect': [ '1.1.1', '1.1.0' ],
20 silly audit   '@radix-ui/react-toast': [ '1.2.4' ],
20 silly audit   '@radix-ui/react-toggle': [ '1.1.1' ],
20 silly audit   '@radix-ui/react-toggle-group': [ '1.1.1' ],
20 silly audit   '@radix-ui/react-tooltip': [ '1.1.6' ],
20 silly audit   '@radix-ui/react-use-effect-event': [ '0.0.2' ],
20 silly audit   '@radix-ui/react-use-escape-keydown': [ '1.1.0' ],
20 silly audit   '@radix-ui/react-use-previous': [ '1.1.0' ],
20 silly audit   '@radix-ui/react-use-rect': [ '1.1.0' ],
20 silly audit   '@radix-ui/react-use-size': [ '1.1.0' ],
20 silly audit   '@radix-ui/react-visually-hidden': [ '1.1.1' ],
20 silly audit   '@radix-ui/rect': [ '1.1.0' ],
20 silly audit   '@swc/counter': [ '0.1.3' ],
20 silly audit   '@swc/helpers': [ '0.5.15' ],
20 silly audit   '@tanstack/query-core': [ '5.83.0' ],
20 silly audit   '@types/d3-array': [ '3.2.1' ],
20 silly audit   '@types/d3-color': [ '3.1.3' ],
20 silly audit   '@types/d3-ease': [ '3.0.2' ],
20 silly audit   '@types/d3-interpolate': [ '3.0.4' ],
20 silly audit   '@types/d3-path': [ '3.1.1' ],
20 silly audit   '@types/d3-scale': [ '4.0.9' ],
20 silly audit   '@types/d3-shape': [ '3.1.7' ],
20 silly audit   '@types/d3-time': [ '3.0.4' ],
20 silly audit   '@types/d3-timer': [ '3.0.2' ],
20 silly audit   '@types/node': [ '22.15.31' ],
20 silly audit   '@types/parse-json': [ '4.0.2' ],
20 silly audit   '@types/react': [ '19.1.8' ],
20 silly audit   '@types/react-dom': [ '19.1.6' ],
20 silly audit   '@types/react-transition-group': [ '4.4.12' ],
20 silly audit   'ansi-regex': [ '6.1.0', '5.0.1' ],
20 silly audit   'ansi-styles': [ '6.2.1', '4.3.0' ],
20 silly audit   'any-promise': [ '1.3.0' ],
20 silly audit   anymatch: [ '3.1.3' ],
20 silly audit   arg: [ '5.0.2' ],
20 silly audit   'aria-hidden': [ '1.2.6' ],
20 silly audit   asynckit: [ '0.4.0' ],
20 silly audit   'attr-accept': [ '2.2.5' ],
20 silly audit   autoprefixer: [ '10.4.21' ],
20 silly audit   axios: [ '1.10.0' ],
20 silly audit   'axios-retry': [ '4.5.0' ],
20 silly audit   'babel-plugin-macros': [ '3.1.0' ],
20 silly audit   'balanced-match': [ '1.0.2' ],
20 silly audit   'binary-extensions': [ '2.3.0' ],
20 silly audit   'brace-expansion': [ '2.0.2' ],
20 silly audit   braces: [ '3.0.3' ],
20 silly audit   browserslist: [ '4.25.0' ],
20 silly audit   busboy: [ '1.6.0' ],
20 silly audit   'call-bind-apply-helpers': [ '1.0.2' ],
20 silly audit   callsites: [ '3.1.0' ],
20 silly audit   'camelcase-css': [ '2.0.1' ],
20 silly audit   'caniuse-lite': [ '1.0.30001723' ],
20 silly audit   'chart.js': [ '4.5.0' ],
20 silly audit   chokidar: [ '3.6.0' ],
20 silly audit   'glob-parent': [ '5.1.2', '6.0.2' ],
20 silly audit   'class-variance-authority': [ '0.7.1' ],
20 silly audit   'client-only': [ '0.0.1' ],
20 silly audit   clsx: [ '2.1.1' ],
20 silly audit   cmdk: [ '1.0.4' ],
20 silly audit   color: [ '4.2.3' ],
20 silly audit   'color-convert': [ '2.0.1' ],
20 silly audit   'color-name': [ '1.1.4' ],
20 silly audit   'color-string': [ '1.9.1' ],
20 silly audit   'combined-stream': [ '1.0.8' ],
20 silly audit   commander: [ '4.1.1' ],
20 silly audit   'convert-source-map': [ '1.9.0' ],
20 silly audit   cosmiconfig: [ '7.1.0' ],
20 silly audit   yaml: [ '1.10.2', '2.8.0' ],
20 silly audit   'cross-spawn': [ '7.0.6' ],
20 silly audit   cssesc: [ '3.0.0' ],
20 silly audit   csstype: [ '3.1.3' ],
20 silly audit   'd3-array': [ '3.2.4' ],
20 silly audit   'd3-color': [ '3.1.0' ],
20 silly audit   'd3-ease': [ '3.0.1' ],
20 silly audit   'd3-format': [ '3.1.0' ],
20 silly audit   'd3-interpolate': [ '3.0.1' ],
20 silly audit   'd3-path': [ '3.1.0' ],
20 silly audit   'd3-scale': [ '4.0.2' ],
20 silly audit   'd3-shape': [ '3.2.0' ],
20 silly audit   'd3-time': [ '3.1.0' ],
20 silly audit   'd3-time-format': [ '4.1.0' ],
20 silly audit   'd3-timer': [ '3.0.1' ],
20 silly audit   'date-fns': [ '4.1.0' ],
20 silly audit   debug: [ '4.4.1' ],
20 silly audit   'decimal.js-light': [ '2.5.1' ],
20 silly audit   'delayed-stream': [ '1.0.0' ],
20 silly audit   'detect-libc': [ '2.0.4' ],
20 silly audit   'detect-node-es': [ '1.1.0' ],
20 silly audit   didyoumean: [ '1.2.2' ],
20 silly audit   dlv: [ '1.1.3' ],
20 silly audit   'dom-helpers': [ '5.2.1' ],
20 silly audit   'dunder-proto': [ '1.0.1' ],
20 silly audit   eastasianwidth: [ '0.2.0' ],
20 silly audit   'electron-to-chromium': [ '1.5.167' ],
20 silly audit   'embla-carousel': [ '8.5.1' ],
20 silly audit   'embla-carousel-react': [ '8.5.1' ],
20 silly audit   'embla-carousel-reactive-utils': [ '8.5.1' ],
20 silly audit   'emoji-regex': [ '9.2.2', '8.0.0' ],
20 silly audit   'error-ex': [ '1.3.2' ],
20 silly audit   'is-arrayish': [ '0.2.1', '0.3.2' ],
20 silly audit   'es-define-property': [ '1.0.1' ],
20 silly audit   'es-errors': [ '1.3.0' ],
20 silly audit   'es-object-atoms': [ '1.1.1' ],
20 silly audit   'es-set-tostringtag': [ '2.1.0' ],
20 silly audit   escalade: [ '3.2.0' ],
20 silly audit   'escape-string-regexp': [ '4.0.0' ],
20 silly audit   eventemitter3: [ '4.0.7' ],
20 silly audit   'fast-equals': [ '5.2.2' ],
20 silly audit   'fast-glob': [ '3.3.3' ],
20 silly audit   fastq: [ '1.19.1' ],
20 silly audit   'file-selector': [ '2.1.2' ],
20 silly audit   'fill-range': [ '7.1.1' ],
20 silly audit   'find-root': [ '1.1.0' ],
20 silly audit   'follow-redirects': [ '1.15.9' ],
20 silly audit   'foreground-child': [ '3.3.1' ],
20 silly audit   'form-data': [ '4.0.3' ],
20 silly audit   'fraction.js': [ '4.3.7' ],
20 silly audit   'framer-motion': [ '12.23.5' ],
20 silly audit   fsevents: [ '2.3.3' ],
20 silly audit   'function-bind': [ '1.1.2' ],
20 silly audit   'get-intrinsic': [ '1.3.0' ],
20 silly audit   'get-nonce': [ '1.0.1' ],
20 silly audit   'get-proto': [ '1.0.1' ],
20 silly audit   glob: [ '10.4.5' ],
20 silly audit   gopd: [ '1.2.0' ],
20 silly audit   'has-symbols': [ '1.1.0' ],
20 silly audit   'has-tostringtag': [ '1.0.2' ],
20 silly audit   hasown: [ '2.0.2' ],
20 silly audit   'hoist-non-react-statics': [ '3.3.2' ],
20 silly audit   'react-is': [ '16.13.1', '18.3.1' ],
20 silly audit   'import-fresh': [ '3.3.1' ],
20 silly audit   'input-otp': [ '1.4.1' ],
20 silly audit   internmap: [ '2.0.3' ],
20 silly audit   'is-binary-path': [ '2.1.0' ],
20 silly audit   'is-core-module': [ '2.16.1' ],
20 silly audit   'is-extglob': [ '2.1.1' ],
20 silly audit   'is-fullwidth-code-point': [ '3.0.0' ],
20 silly audit   'is-glob': [ '4.0.3' ],
20 silly audit   'is-number': [ '7.0.0' ],
20 silly audit   'is-retry-allowed': [ '2.2.0' ],
20 silly audit   isexe: [ '2.0.0' ],
20 silly audit   jackspeak: [ '3.4.3' ],
20 silly audit   jiti: [ '1.21.7' ],
20 silly audit   'js-tokens': [ '4.0.0' ],
20 silly audit   jsesc: [ '3.1.0' ],
20 silly audit   'json-parse-even-better-errors': [ '2.3.1' ],
20 silly audit   lilconfig: [ '3.1.3' ],
20 silly audit   'lines-and-columns': [ '1.2.4' ],
20 silly audit   lodash: [ '4.17.21' ],
20 silly audit   'loose-envify': [ '1.4.0' ],
20 silly audit   'lru-cache': [ '10.4.3' ],
20 silly audit   'lucide-react': [ '0.454.0' ],
20 silly audit   'math-intrinsics': [ '1.1.0' ],
20 silly audit   'memoize-one': [ '6.0.0' ],
20 silly audit   merge2: [ '1.4.1' ],
20 silly audit   micromatch: [ '4.0.8' ],
20 silly audit   'mime-db': [ '1.52.0' ],
20 silly audit   'mime-types': [ '2.1.35' ],
20 silly audit   minimatch: [ '9.0.5' ],
20 silly audit   minipass: [ '7.1.2' ],
20 silly audit   'motion-dom': [ '12.23.5' ],
20 silly audit   'motion-utils': [ '12.23.2' ],
20 silly audit   ms: [ '2.1.3' ],
20 silly audit   mz: [ '2.7.0' ],
20 silly audit   nanoid: [ '3.3.11' ],
20 silly audit   next: [ '15.2.4' ],
20 silly audit   'next-themes': [ '0.4.6' ],
20 silly audit   postcss: [ '8.4.31', '8.5.5' ],
20 silly audit   'node-releases': [ '2.0.19' ],
20 silly audit   'normalize-path': [ '3.0.0' ],
20 silly audit   'normalize-range': [ '0.1.2' ],
20 silly audit   'object-assign': [ '4.1.1' ],
20 silly audit   'object-hash': [ '3.0.0' ],
20 silly audit   'package-json-from-dist': [ '1.0.1' ],
20 silly audit   'parent-module': [ '1.0.1' ],
20 silly audit   'parse-json': [ '5.2.0' ],
20 silly audit   'path-key': [ '3.1.1' ],
20 silly audit   'path-parse': [ '1.0.7' ],
20 silly audit   'path-scurry': [ '1.11.1' ],
20 silly audit   'path-type': [ '4.0.0' ],
20 silly audit   picocolors: [ '1.1.1' ],
20 silly audit   picomatch: [ '2.3.1' ],
20 silly audit   pify: [ '2.3.0' ],
20 silly audit   pirates: [ '4.0.7' ],
20 silly audit   'postcss-import': [ '15.1.0' ],
20 silly audit   'postcss-js': [ '4.0.1' ],
20 silly audit   'postcss-nested': [ '6.2.0' ],
20 silly audit   'postcss-selector-parser': [ '6.1.2' ],
20 silly audit   'postcss-value-parser': [ '4.2.0' ],
20 silly audit   'prop-types': [ '15.8.1' ],
20 silly audit   'proxy-from-env': [ '1.1.0' ],
20 silly audit   'queue-microtask': [ '1.2.3' ],
20 silly audit   react: [ '19.1.0' ],
20 silly audit   'react-chartjs-2': [ '5.3.0' ],
20 silly audit   'react-day-picker': [ '8.10.1' ],
20 silly audit   'react-dom': [ '19.1.0' ],
20 silly audit   'react-dropzone': [ '14.3.8' ],
20 silly audit   'react-hook-form': [ '7.57.0' ],
20 silly audit   'react-icons': [ '5.5.0' ],
20 silly audit   'react-remove-scroll': [ '2.7.1' ],
20 silly audit   'react-remove-scroll-bar': [ '2.3.8' ],
20 silly audit   'react-resizable-panels': [ '2.1.9' ],
20 silly audit   'react-select': [ '5.10.2' ],
20 silly audit   'react-smooth': [ '4.0.4' ],
20 silly audit   'react-style-singleton': [ '2.2.3' ],
20 silly audit   'react-transition-group': [ '4.4.5' ],
20 silly audit   'read-cache': [ '1.0.0' ],
20 silly audit   readdirp: [ '3.6.0' ],
20 silly audit   recharts: [ '2.15.0' ],
20 silly audit   'recharts-scale': [ '0.4.5' ],
20 silly audit   resolve: [ '1.22.10' ],
20 silly audit   'resolve-from': [ '4.0.0' ],
20 silly audit   reusify: [ '1.1.0' ],
20 silly audit   'run-parallel': [ '1.2.0' ],
20 silly audit   scheduler: [ '0.26.0' ],
20 silly audit   semver: [ '7.7.2' ],
20 silly audit   sharp: [ '0.33.5' ],
20 silly audit   'shebang-command': [ '2.0.0' ],
20 silly audit   'shebang-regex': [ '3.0.0' ],
20 silly audit   'signal-exit': [ '4.1.0' ],
20 silly audit   'simple-swizzle': [ '0.2.2' ],
20 silly audit   sonner: [ '1.7.4' ],
20 silly audit   'source-map': [ '0.5.7' ],
20 silly audit   'source-map-js': [ '1.2.1' ],
20 silly audit   streamsearch: [ '1.1.0' ],
20 silly audit   'string-width': [ '5.1.2', '4.2.3' ],
20 silly audit   'strip-ansi': [ '6.0.1', '7.1.0' ],
20 silly audit   'styled-jsx': [ '5.1.6' ],
20 silly audit   stylis: [ '4.2.0' ],
20 silly audit   sucrase: [ '3.35.0' ],
20 silly audit   'supports-preserve-symlinks-flag': [ '1.0.0' ],
20 silly audit   'tailwind-merge': [ '2.6.0' ],
20 silly audit   tailwindcss: [ '3.4.17' ],
20 silly audit   'tailwindcss-animate': [ '1.0.7' ],
20 silly audit   'postcss-load-config': [ '4.0.2' ],
20 silly audit   thenify: [ '3.3.1' ],
20 silly audit   'thenify-all': [ '1.6.0' ],
20 silly audit   'tiny-invariant': [ '1.3.3' ],
20 silly audit   'to-regex-range': [ '5.0.1' ],
20 silly audit   'ts-interface-checker': [ '0.1.13' ],
20 silly audit   tslib: [ '2.8.1' ],
20 silly audit   typescript: [ '5.8.3' ],
20 silly audit   'undici-types': [ '6.21.0' ],
20 silly audit   'update-browserslist-db': [ '1.1.3' ],
20 silly audit   'use-callback-ref': [ '1.3.3' ],
20 silly audit   'use-isomorphic-layout-effect': [ '1.2.1' ],
20 silly audit   'use-sidecar': [ '1.1.3' ],
20 silly audit   'use-sync-external-store': [ '1.5.0' ],
20 silly audit   'util-deprecate': [ '1.0.2' ],
20 silly audit   vaul: [ '0.9.9' ],
20 silly audit   'victory-vendor': [ '36.9.2' ],
20 silly audit   which: [ '2.0.2' ],
20 silly audit   'wrap-ansi': [ '8.1.0', '7.0.0' ],
20 silly audit   zod: [ '3.25.64' ],
20 silly audit   '@tanstack/react-query': [ '5.83.0' ]
20 silly audit }
21 verbose reify failed optional dependency D:\musicnew\ResVibesync\frontend\node_modules\fsevents
22 silly reify mark deleted [ 'D:\\musicnew\\ResVibesync\\frontend\\node_modules\\fsevents' ]
23 verbose reify failed optional dependency D:\musicnew\ResVibesync\frontend\node_modules\@next\swc-win32-arm64-msvc
24 silly reify mark deleted [
24 silly reify   'D:\\musicnew\\ResVibesync\\frontend\\node_modules\\@next\\swc-win32-arm64-msvc'
24 silly reify ]
25 verbose reify failed optional dependency D:\musicnew\ResVibesync\frontend\node_modules\@next\swc-linux-x64-musl
26 silly reify mark deleted [
26 silly reify   'D:\\musicnew\\ResVibesync\\frontend\\node_modules\\@next\\swc-linux-x64-musl'
26 silly reify ]
27 verbose reify failed optional dependency D:\musicnew\ResVibesync\frontend\node_modules\@next\swc-linux-x64-gnu
28 silly reify mark deleted [
28 silly reify   'D:\\musicnew\\ResVibesync\\frontend\\node_modules\\@next\\swc-linux-x64-gnu'
28 silly reify ]
29 verbose reify failed optional dependency D:\musicnew\ResVibesync\frontend\node_modules\@next\swc-linux-arm64-musl
30 silly reify mark deleted [
30 silly reify   'D:\\musicnew\\ResVibesync\\frontend\\node_modules\\@next\\swc-linux-arm64-musl'
30 silly reify ]
31 verbose reify failed optional dependency D:\musicnew\ResVibesync\frontend\node_modules\@next\swc-linux-arm64-gnu
32 silly reify mark deleted [
32 silly reify   'D:\\musicnew\\ResVibesync\\frontend\\node_modules\\@next\\swc-linux-arm64-gnu'
32 silly reify ]
33 verbose reify failed optional dependency D:\musicnew\ResVibesync\frontend\node_modules\@next\swc-darwin-x64
34 silly reify mark deleted [
34 silly reify   'D:\\musicnew\\ResVibesync\\frontend\\node_modules\\@next\\swc-darwin-x64'
34 silly reify ]
35 verbose reify failed optional dependency D:\musicnew\ResVibesync\frontend\node_modules\@next\swc-darwin-arm64
36 silly reify mark deleted [
36 silly reify   'D:\\musicnew\\ResVibesync\\frontend\\node_modules\\@next\\swc-darwin-arm64'
36 silly reify ]
37 verbose reify failed optional dependency D:\musicnew\ResVibesync\frontend\node_modules\@img\sharp-win32-ia32
38 silly reify mark deleted [
38 silly reify   'D:\\musicnew\\ResVibesync\\frontend\\node_modules\\@img\\sharp-win32-ia32'
38 silly reify ]
39 verbose reify failed optional dependency D:\musicnew\ResVibesync\frontend\node_modules\@img\sharp-wasm32
40 silly reify mark deleted [
40 silly reify   'D:\\musicnew\\ResVibesync\\frontend\\node_modules\\@img\\sharp-wasm32'
40 silly reify ]
41 verbose reify failed optional dependency D:\musicnew\ResVibesync\frontend\node_modules\@emnapi\runtime
42 silly reify mark deleted [
42 silly reify   'D:\\musicnew\\ResVibesync\\frontend\\node_modules\\@emnapi\\runtime'
42 silly reify ]
43 verbose reify failed optional dependency D:\musicnew\ResVibesync\frontend\node_modules\@img\sharp-linuxmusl-x64
44 silly reify mark deleted [
44 silly reify   'D:\\musicnew\\ResVibesync\\frontend\\node_modules\\@img\\sharp-linuxmusl-x64'
44 silly reify ]
45 verbose reify failed optional dependency D:\musicnew\ResVibesync\frontend\node_modules\@img\sharp-linuxmusl-arm64
46 silly reify mark deleted [
46 silly reify   'D:\\musicnew\\ResVibesync\\frontend\\node_modules\\@img\\sharp-linuxmusl-arm64'
46 silly reify ]
47 verbose reify failed optional dependency D:\musicnew\ResVibesync\frontend\node_modules\@img\sharp-linux-x64
48 silly reify mark deleted [
48 silly reify   'D:\\musicnew\\ResVibesync\\frontend\\node_modules\\@img\\sharp-linux-x64'
48 silly reify ]
49 verbose reify failed optional dependency D:\musicnew\ResVibesync\frontend\node_modules\@img\sharp-linux-s390x
50 silly reify mark deleted [
50 silly reify   'D:\\musicnew\\ResVibesync\\frontend\\node_modules\\@img\\sharp-linux-s390x'
50 silly reify ]
51 verbose reify failed optional dependency D:\musicnew\ResVibesync\frontend\node_modules\@img\sharp-linux-arm64
52 silly reify mark deleted [
52 silly reify   'D:\\musicnew\\ResVibesync\\frontend\\node_modules\\@img\\sharp-linux-arm64'
52 silly reify ]
53 verbose reify failed optional dependency D:\musicnew\ResVibesync\frontend\node_modules\@img\sharp-linux-arm
54 silly reify mark deleted [
54 silly reify   'D:\\musicnew\\ResVibesync\\frontend\\node_modules\\@img\\sharp-linux-arm'
54 silly reify ]
55 verbose reify failed optional dependency D:\musicnew\ResVibesync\frontend\node_modules\@img\sharp-libvips-linuxmusl-x64
56 silly reify mark deleted [
56 silly reify   'D:\\musicnew\\ResVibesync\\frontend\\node_modules\\@img\\sharp-libvips-linuxmusl-x64'
56 silly reify ]
57 verbose reify failed optional dependency D:\musicnew\ResVibesync\frontend\node_modules\@img\sharp-libvips-linuxmusl-arm64
58 silly reify mark deleted [
58 silly reify   'D:\\musicnew\\ResVibesync\\frontend\\node_modules\\@img\\sharp-libvips-linuxmusl-arm64'
58 silly reify ]
59 verbose reify failed optional dependency D:\musicnew\ResVibesync\frontend\node_modules\@img\sharp-libvips-linux-x64
60 silly reify mark deleted [
60 silly reify   'D:\\musicnew\\ResVibesync\\frontend\\node_modules\\@img\\sharp-libvips-linux-x64'
60 silly reify ]
61 verbose reify failed optional dependency D:\musicnew\ResVibesync\frontend\node_modules\@img\sharp-libvips-linux-s390x
62 silly reify mark deleted [
62 silly reify   'D:\\musicnew\\ResVibesync\\frontend\\node_modules\\@img\\sharp-libvips-linux-s390x'
62 silly reify ]
63 verbose reify failed optional dependency D:\musicnew\ResVibesync\frontend\node_modules\@img\sharp-libvips-linux-arm64
64 silly reify mark deleted [
64 silly reify   'D:\\musicnew\\ResVibesync\\frontend\\node_modules\\@img\\sharp-libvips-linux-arm64'
64 silly reify ]
65 verbose reify failed optional dependency D:\musicnew\ResVibesync\frontend\node_modules\@img\sharp-libvips-linux-arm
66 silly reify mark deleted [
66 silly reify   'D:\\musicnew\\ResVibesync\\frontend\\node_modules\\@img\\sharp-libvips-linux-arm'
66 silly reify ]
67 verbose reify failed optional dependency D:\musicnew\ResVibesync\frontend\node_modules\@img\sharp-libvips-darwin-x64
68 silly reify mark deleted [
68 silly reify   'D:\\musicnew\\ResVibesync\\frontend\\node_modules\\@img\\sharp-libvips-darwin-x64'
68 silly reify ]
69 verbose reify failed optional dependency D:\musicnew\ResVibesync\frontend\node_modules\@img\sharp-libvips-darwin-arm64
70 silly reify mark deleted [
70 silly reify   'D:\\musicnew\\ResVibesync\\frontend\\node_modules\\@img\\sharp-libvips-darwin-arm64'
70 silly reify ]
71 verbose reify failed optional dependency D:\musicnew\ResVibesync\frontend\node_modules\@img\sharp-darwin-x64
72 silly reify mark deleted [
72 silly reify   'D:\\musicnew\\ResVibesync\\frontend\\node_modules\\@img\\sharp-darwin-x64'
72 silly reify ]
73 verbose reify failed optional dependency D:\musicnew\ResVibesync\frontend\node_modules\@img\sharp-darwin-arm64
74 silly reify mark deleted [
74 silly reify   'D:\\musicnew\\ResVibesync\\frontend\\node_modules\\@img\\sharp-darwin-arm64'
74 silly reify ]
75 http cache @emnapi/runtime@https://registry.npmjs.org/@emnapi/runtime/-/runtime-1.4.3.tgz 0ms (cache hit)
76 http fetch POST 200 https://registry.npmjs.org/-/npm/v1/security/advisories/bulk 460ms
77 silly audit report {}
78 silly ADD
79 silly ADD
80 silly ADD
81 silly ADD
82 silly ADD
83 silly ADD
84 silly ADD
85 silly ADD
86 silly ADD
87 silly ADD
88 silly ADD
89 silly ADD
90 silly ADD
91 silly ADD
92 silly ADD
93 silly ADD
94 silly ADD
95 silly ADD
96 silly ADD
97 silly ADD
98 silly ADD
99 silly ADD
100 silly ADD
101 silly ADD
102 silly ADD
103 silly ADD
104 silly ADD
105 verbose cwd D:\musicnew\ResVibesync\frontend
106 verbose os Windows_NT 10.0.26100
107 verbose node v22.16.0
108 verbose npm  v10.9.2
109 verbose exit 0
110 info ok
