0 verbose cli C:\Program Files\nodejs\node.exe C:\Program Files\nodejs\node_modules\npm\bin\npm-cli.js
1 info using npm@10.9.2
2 info using node@v22.16.0
3 silly config load:file:C:\Program Files\nodejs\node_modules\npm\npmrc
4 silly config load:file:D:\musicnew\ResVibesync\frontend\.npmrc
5 silly config load:file:C:\Users\ThinkPad\.npmrc
6 silly config load:file:C:\Users\ThinkPad\AppData\Roaming\npm\etc\npmrc
7 verbose title npm install
8 verbose argv "install" "--force"
9 verbose logfile logs-max:10 dir:D:\musicnew\ResVibesync\frontend\.npm-cache\_logs\2025-07-24T12_34_43_753Z-
10 verbose logfile D:\musicnew\ResVibesync\frontend\.npm-cache\_logs\2025-07-24T12_34_43_753Z-debug-0.log
11 warn using --force Recommended protections disabled.
12 silly logfile done cleaning log files
13 silly packumentCache heap:4345298944 maxSize:1086324736 maxEntrySize:543162368
14 silly idealTree buildDeps
15 silly fetch manifest date-fns@^2.28.0 || ^3.0.0
16 silly packumentCache full:https://registry.npmjs.org/date-fns cache-miss
17 http fetch GET 200 https://registry.npmjs.org/date-fns 514ms (cache revalidated)
18 silly packumentCache full:https://registry.npmjs.org/date-fns set size:3443758 disposed:false
19 silly fetch manifest react@^16.8.0 || ^17.0.0 || ^18.0.0
20 silly packumentCache full:https://registry.npmjs.org/react cache-miss
21 http fetch GET 200 https://registry.npmjs.org/react 322ms (cache updated)
22 silly packumentCache full:https://registry.npmjs.org/react set size:undefined disposed:false
23 warn ERESOLVE overriding peer dependency {
23 warn ERESOLVE   code: 'ERESOLVE',
23 warn ERESOLVE   edge: {
23 warn ERESOLVE     type: 'peer',
23 warn ERESOLVE     name: 'date-fns',
23 warn ERESOLVE     spec: '^2.28.0 || ^3.0.0',
23 warn ERESOLVE     error: 'INVALID',
23 warn ERESOLVE     from: {
23 warn ERESOLVE       name: 'react-day-picker',
23 warn ERESOLVE       version: '8.10.1',
23 warn ERESOLVE       location: 'node_modules/react-day-picker',
23 warn ERESOLVE       isWorkspace: false,
23 warn ERESOLVE       dependents: [Array]
23 warn ERESOLVE     }
23 warn ERESOLVE   },
23 warn ERESOLVE   dep: {
23 warn ERESOLVE     name: 'date-fns',
23 warn ERESOLVE     version: '3.6.0',
23 warn ERESOLVE     whileInstalling: {
23 warn ERESOLVE       name: 'react-day-picker',
23 warn ERESOLVE       version: '8.10.1',
23 warn ERESOLVE       path: 'D:\\musicnew\\ResVibesync\\frontend\\node_modules\\react-day-picker'
23 warn ERESOLVE     },
23 warn ERESOLVE     location: 'node_modules/date-fns',
23 warn ERESOLVE     isWorkspace: false,
23 warn ERESOLVE     dependents: [ [Object] ]
23 warn ERESOLVE   },
23 warn ERESOLVE   force: true,
23 warn ERESOLVE   isMine: true,
23 warn ERESOLVE   strictPeerDeps: false,
23 warn ERESOLVE   current: {
23 warn ERESOLVE     name: 'date-fns',
23 warn ERESOLVE     version: '4.1.0',
23 warn ERESOLVE     location: 'node_modules/date-fns',
23 warn ERESOLVE     isWorkspace: false,
23 warn ERESOLVE     dependents: [ [Object] ]
23 warn ERESOLVE   },
23 warn ERESOLVE   peerConflict: {
23 warn ERESOLVE     current: {
23 warn ERESOLVE       name: 'date-fns',
23 warn ERESOLVE       version: '4.1.0',
23 warn ERESOLVE       location: 'node_modules/date-fns',
23 warn ERESOLVE       isWorkspace: false,
23 warn ERESOLVE       dependents: [Array]
23 warn ERESOLVE     },
23 warn ERESOLVE     peer: {
23 warn ERESOLVE       name: 'date-fns',
23 warn ERESOLVE       version: '3.6.0',
23 warn ERESOLVE       whileInstalling: [Object],
23 warn ERESOLVE       location: 'node_modules/date-fns',
23 warn ERESOLVE       isWorkspace: false,
23 warn ERESOLVE       dependents: [Array]
23 warn ERESOLVE     }
23 warn ERESOLVE   }
23 warn ERESOLVE }
24 warn ERESOLVE overriding peer dependency {
24 warn ERESOLVE   code: 'ERESOLVE',
24 warn ERESOLVE   edge: {
24 warn ERESOLVE     type: 'peer',
24 warn ERESOLVE     name: 'react',
24 warn ERESOLVE     spec: '^16.8.0 || ^17.0.0 || ^18.0.0',
24 warn ERESOLVE     error: 'INVALID',
24 warn ERESOLVE     from: {
24 warn ERESOLVE       name: 'react-day-picker',
24 warn ERESOLVE       version: '8.10.1',
24 warn ERESOLVE       location: 'node_modules/react-day-picker',
24 warn ERESOLVE       isWorkspace: false,
24 warn ERESOLVE       dependents: [Array]
24 warn ERESOLVE     }
24 warn ERESOLVE   },
24 warn ERESOLVE   dep: {
24 warn ERESOLVE     name: 'react',
24 warn ERESOLVE     version: '18.3.1',
24 warn ERESOLVE     whileInstalling: {
24 warn ERESOLVE       name: 'react-day-picker',
24 warn ERESOLVE       version: '8.10.1',
24 warn ERESOLVE       path: 'D:\\musicnew\\ResVibesync\\frontend\\node_modules\\react-day-picker'
24 warn ERESOLVE     },
24 warn ERESOLVE     location: 'node_modules/react',
24 warn ERESOLVE     isWorkspace: false,
24 warn ERESOLVE     dependents: [ [Object] ]
24 warn ERESOLVE   },
24 warn ERESOLVE   force: true,
24 warn ERESOLVE   isMine: true,
24 warn ERESOLVE   strictPeerDeps: false,
24 warn ERESOLVE   current: {
24 warn ERESOLVE     name: 'react',
24 warn ERESOLVE     version: '19.1.0',
24 warn ERESOLVE     location: 'node_modules/react',
24 warn ERESOLVE     isWorkspace: false,
24 warn ERESOLVE     dependents: [
24 warn ERESOLVE       [Object], [Object], [Object], [Object], [Object], [Object],
24 warn ERESOLVE       [Object], [Object], [Object], [Object], [Object], [Object],
24 warn ERESOLVE       [Object], [Object], [Object], [Object], [Object], [Object],
24 warn ERESOLVE       [Object], [Object], [Object], [Object], [Object], [Object],
24 warn ERESOLVE       [Object], [Object], [Object], [Object], [Object], [Object],
24 warn ERESOLVE       [Object], [Object], [Object], [Object], [Object], [Object],
24 warn ERESOLVE       [Object], [Object], [Object], [Object], [Object], [Object],
24 warn ERESOLVE       [Object], [Object], [Object], [Object], [Object], [Object],
24 warn ERESOLVE       [Object], [Object], [Object], [Object], [Object], [Object],
24 warn ERESOLVE       [Object], [Object], [Object], [Object], [Object], [Object],
24 warn ERESOLVE       [Object], [Object], [Object], [Object], [Object], [Object],
24 warn ERESOLVE       [Object], [Object], [Object], [Object], [Object], [Object],
24 warn ERESOLVE       [Object], [Object], [Object], [Object], [Object], [Object],
24 warn ERESOLVE       [Object], [Object], [Object], [Object], [Object], [Object],
24 warn ERESOLVE       [Object], [Object], [Object], [Object], [Object], [Object],
24 warn ERESOLVE       [Object], [Object], [Object], [Object], [Object]
24 warn ERESOLVE     ]
24 warn ERESOLVE   },
24 warn ERESOLVE   peerConflict: {
24 warn ERESOLVE     current: {
24 warn ERESOLVE       name: 'react',
24 warn ERESOLVE       version: '19.1.0',
24 warn ERESOLVE       location: 'node_modules/react',
24 warn ERESOLVE       isWorkspace: false,
24 warn ERESOLVE       dependents: [Array]
24 warn ERESOLVE     },
24 warn ERESOLVE     peer: {
24 warn ERESOLVE       name: 'react',
24 warn ERESOLVE       version: '18.3.1',
24 warn ERESOLVE       whileInstalling: [Object],
24 warn ERESOLVE       location: 'node_modules/react',
24 warn ERESOLVE       isWorkspace: false,
24 warn ERESOLVE       dependents: [Array]
24 warn ERESOLVE     }
24 warn ERESOLVE   }
24 warn ERESOLVE }
25 silly fetch manifest react@^16.8 || ^17.0 || ^18.0
26 silly packumentCache full:https://registry.npmjs.org/react cache-miss
27 http cache https://registry.npmjs.org/react 43ms (cache hit)
28 silly packumentCache full:https://registry.npmjs.org/react set size:5881303 disposed:false
29 silly fetch manifest react-dom@^16.8 || ^17.0 || ^18.0
30 silly packumentCache full:https://registry.npmjs.org/react-dom cache-miss
31 http fetch GET 200 https://registry.npmjs.org/react-dom 212ms (cache updated)
32 silly packumentCache full:https://registry.npmjs.org/react-dom set size:undefined disposed:false
33 warn ERESOLVE overriding peer dependency {
33 warn ERESOLVE   code: 'ERESOLVE',
33 warn ERESOLVE   edge: {
33 warn ERESOLVE     type: 'peer',
33 warn ERESOLVE     name: 'react',
33 warn ERESOLVE     spec: '^16.8 || ^17.0 || ^18.0',
33 warn ERESOLVE     error: 'INVALID',
33 warn ERESOLVE     from: {
33 warn ERESOLVE       name: 'vaul',
33 warn ERESOLVE       version: '0.9.9',
33 warn ERESOLVE       location: 'node_modules/vaul',
33 warn ERESOLVE       isWorkspace: false,
33 warn ERESOLVE       dependents: [Array]
33 warn ERESOLVE     }
33 warn ERESOLVE   },
33 warn ERESOLVE   dep: {
33 warn ERESOLVE     name: 'react',
33 warn ERESOLVE     version: '18.3.1',
33 warn ERESOLVE     whileInstalling: {
33 warn ERESOLVE       name: 'vaul',
33 warn ERESOLVE       version: '0.9.9',
33 warn ERESOLVE       path: 'D:\\musicnew\\ResVibesync\\frontend\\node_modules\\vaul'
33 warn ERESOLVE     },
33 warn ERESOLVE     location: 'node_modules/react',
33 warn ERESOLVE     isWorkspace: false,
33 warn ERESOLVE     dependents: [ [Object] ]
33 warn ERESOLVE   },
33 warn ERESOLVE   force: true,
33 warn ERESOLVE   isMine: true,
33 warn ERESOLVE   strictPeerDeps: false,
33 warn ERESOLVE   current: {
33 warn ERESOLVE     name: 'react',
33 warn ERESOLVE     version: '19.1.0',
33 warn ERESOLVE     location: 'node_modules/react',
33 warn ERESOLVE     isWorkspace: false,
33 warn ERESOLVE     dependents: [
33 warn ERESOLVE       [Object], [Object], [Object], [Object], [Object], [Object],
33 warn ERESOLVE       [Object], [Object], [Object], [Object], [Object], [Object],
33 warn ERESOLVE       [Object], [Object], [Object], [Object], [Object], [Object],
33 warn ERESOLVE       [Object], [Object], [Object], [Object], [Object], [Object],
33 warn ERESOLVE       [Object], [Object], [Object], [Object], [Object], [Object],
33 warn ERESOLVE       [Object], [Object], [Object], [Object], [Object], [Object],
33 warn ERESOLVE       [Object], [Object], [Object], [Object], [Object], [Object],
33 warn ERESOLVE       [Object], [Object], [Object], [Object], [Object], [Object],
33 warn ERESOLVE       [Object], [Object], [Object], [Object], [Object], [Object],
33 warn ERESOLVE       [Object], [Object], [Object], [Object], [Object], [Object],
33 warn ERESOLVE       [Object], [Object], [Object], [Object], [Object], [Object],
33 warn ERESOLVE       [Object], [Object], [Object], [Object], [Object], [Object],
33 warn ERESOLVE       [Object], [Object], [Object], [Object], [Object], [Object],
33 warn ERESOLVE       [Object], [Object], [Object], [Object], [Object], [Object],
33 warn ERESOLVE       [Object], [Object], [Object], [Object], [Object], [Object],
33 warn ERESOLVE       [Object], [Object], [Object], [Object], [Object]
33 warn ERESOLVE     ]
33 warn ERESOLVE   },
33 warn ERESOLVE   peerConflict: {
33 warn ERESOLVE     current: {
33 warn ERESOLVE       name: 'react',
33 warn ERESOLVE       version: '19.1.0',
33 warn ERESOLVE       location: 'node_modules/react',
33 warn ERESOLVE       isWorkspace: false,
33 warn ERESOLVE       dependents: [Array]
33 warn ERESOLVE     },
33 warn ERESOLVE     peer: {
33 warn ERESOLVE       name: 'react',
33 warn ERESOLVE       version: '18.3.1',
33 warn ERESOLVE       whileInstalling: [Object],
33 warn ERESOLVE       location: 'node_modules/react',
33 warn ERESOLVE       isWorkspace: false,
33 warn ERESOLVE       dependents: [Array]
33 warn ERESOLVE     }
33 warn ERESOLVE   }
33 warn ERESOLVE }
34 warn ERESOLVE overriding peer dependency {
34 warn ERESOLVE   code: 'ERESOLVE',
34 warn ERESOLVE   edge: {
34 warn ERESOLVE     type: 'peer',
34 warn ERESOLVE     name: 'react-dom',
34 warn ERESOLVE     spec: '^16.8 || ^17.0 || ^18.0',
34 warn ERESOLVE     error: 'INVALID',
34 warn ERESOLVE     from: {
34 warn ERESOLVE       name: 'vaul',
34 warn ERESOLVE       version: '0.9.9',
34 warn ERESOLVE       location: 'node_modules/vaul',
34 warn ERESOLVE       isWorkspace: false,
34 warn ERESOLVE       dependents: [Array]
34 warn ERESOLVE     }
34 warn ERESOLVE   },
34 warn ERESOLVE   dep: {
34 warn ERESOLVE     name: 'react-dom',
34 warn ERESOLVE     version: '18.3.1',
34 warn ERESOLVE     whileInstalling: {
34 warn ERESOLVE       name: 'vaul',
34 warn ERESOLVE       version: '0.9.9',
34 warn ERESOLVE       path: 'D:\\musicnew\\ResVibesync\\frontend\\node_modules\\vaul'
34 warn ERESOLVE     },
34 warn ERESOLVE     location: 'node_modules/react-dom',
34 warn ERESOLVE     isWorkspace: false,
34 warn ERESOLVE     dependents: [ [Object] ]
34 warn ERESOLVE   },
34 warn ERESOLVE   force: true,
34 warn ERESOLVE   isMine: true,
34 warn ERESOLVE   strictPeerDeps: false,
34 warn ERESOLVE   current: {
34 warn ERESOLVE     name: 'react-dom',
34 warn ERESOLVE     version: '19.1.0',
34 warn ERESOLVE     location: 'node_modules/react-dom',
34 warn ERESOLVE     isWorkspace: false,
34 warn ERESOLVE     dependents: [
34 warn ERESOLVE       [Object], [Object], [Object], [Object],
34 warn ERESOLVE       [Object], [Object], [Object], [Object],
34 warn ERESOLVE       [Object], [Object], [Object], [Object],
34 warn ERESOLVE       [Object], [Object], [Object], [Object],
34 warn ERESOLVE       [Object], [Object], [Object], [Object],
34 warn ERESOLVE       [Object], [Object], [Object], [Object],
34 warn ERESOLVE       [Object], [Object], [Object], [Object],
34 warn ERESOLVE       [Object], [Object], [Object], [Object],
34 warn ERESOLVE       [Object], [Object], [Object], [Object],
34 warn ERESOLVE       [Object], [Object], [Object], [Object],
34 warn ERESOLVE       [Object], [Object], [Object], [Object],
34 warn ERESOLVE       [Object], [Object], [Object], [Object],
34 warn ERESOLVE       [Object], [Object], [Object], [Object],
34 warn ERESOLVE       [Object], [Object]
34 warn ERESOLVE     ]
34 warn ERESOLVE   },
34 warn ERESOLVE   peerConflict: {
34 warn ERESOLVE     current: {
34 warn ERESOLVE       name: 'react-dom',
34 warn ERESOLVE       version: '19.1.0',
34 warn ERESOLVE       location: 'node_modules/react-dom',
34 warn ERESOLVE       isWorkspace: false,
34 warn ERESOLVE       dependents: [Array]
34 warn ERESOLVE     },
34 warn ERESOLVE     peer: {
34 warn ERESOLVE       name: 'react-dom',
34 warn ERESOLVE       version: '18.3.1',
34 warn ERESOLVE       whileInstalling: [Object],
34 warn ERESOLVE       location: 'node_modules/react-dom',
34 warn ERESOLVE       isWorkspace: false,
34 warn ERESOLVE       dependents: [Array]
34 warn ERESOLVE     }
34 warn ERESOLVE   }
34 warn ERESOLVE }
35 silly reify moves {}
36 silly audit bulk request {
36 silly audit   '@alloc/quick-lru': [ '5.2.0' ],
36 silly audit   '@babel/code-frame': [ '7.27.1' ],
36 silly audit   '@babel/generator': [ '7.28.0' ],
36 silly audit   '@babel/helper-globals': [ '7.28.0' ],
36 silly audit   '@babel/helper-module-imports': [ '7.27.1' ],
36 silly audit   '@babel/helper-string-parser': [ '7.27.1' ],
36 silly audit   '@babel/helper-validator-identifier': [ '7.27.1' ],
36 silly audit   '@babel/parser': [ '7.28.0' ],
36 silly audit   '@babel/runtime': [ '7.27.6' ],
36 silly audit   '@babel/template': [ '7.27.2' ],
36 silly audit   '@babel/traverse': [ '7.28.0' ],
36 silly audit   '@babel/types': [ '7.28.1' ],
36 silly audit   '@emnapi/runtime': [ '1.4.3' ],
36 silly audit   '@emotion/babel-plugin': [ '11.13.5' ],
36 silly audit   '@emotion/cache': [ '11.14.0' ],
36 silly audit   '@emotion/hash': [ '0.9.2' ],
36 silly audit   '@emotion/memoize': [ '0.9.0' ],
36 silly audit   '@emotion/react': [ '11.14.0' ],
36 silly audit   '@emotion/serialize': [ '1.3.3' ],
36 silly audit   '@emotion/sheet': [ '1.4.0' ],
36 silly audit   '@emotion/unitless': [ '0.10.0' ],
36 silly audit   '@emotion/use-insertion-effect-with-fallbacks': [ '1.2.0' ],
36 silly audit   '@emotion/utils': [ '1.4.2' ],
36 silly audit   '@emotion/weak-memoize': [ '0.4.0' ],
36 silly audit   '@floating-ui/core': [ '1.7.1' ],
36 silly audit   '@floating-ui/dom': [ '1.7.1' ],
36 silly audit   '@floating-ui/react-dom': [ '2.1.3' ],
36 silly audit   '@floating-ui/utils': [ '0.2.9' ],
36 silly audit   '@hookform/resolvers': [ '3.10.0' ],
36 silly audit   '@img/sharp-darwin-arm64': [ '0.33.5' ],
36 silly audit   '@img/sharp-darwin-x64': [ '0.33.5' ],
36 silly audit   '@img/sharp-libvips-darwin-arm64': [ '1.0.4' ],
36 silly audit   '@img/sharp-libvips-darwin-x64': [ '1.0.4' ],
36 silly audit   '@img/sharp-libvips-linux-arm': [ '1.0.5' ],
36 silly audit   '@img/sharp-libvips-linux-arm64': [ '1.0.4' ],
36 silly audit   '@img/sharp-libvips-linux-s390x': [ '1.0.4' ],
36 silly audit   '@img/sharp-libvips-linux-x64': [ '1.0.4' ],
36 silly audit   '@img/sharp-libvips-linuxmusl-arm64': [ '1.0.4' ],
36 silly audit   '@img/sharp-libvips-linuxmusl-x64': [ '1.0.4' ],
36 silly audit   '@img/sharp-linux-arm': [ '0.33.5' ],
36 silly audit   '@img/sharp-linux-arm64': [ '0.33.5' ],
36 silly audit   '@img/sharp-linux-s390x': [ '0.33.5' ],
36 silly audit   '@img/sharp-linux-x64': [ '0.33.5' ],
36 silly audit   '@img/sharp-linuxmusl-arm64': [ '0.33.5' ],
36 silly audit   '@img/sharp-linuxmusl-x64': [ '0.33.5' ],
36 silly audit   '@img/sharp-wasm32': [ '0.33.5' ],
36 silly audit   '@img/sharp-win32-ia32': [ '0.33.5' ],
36 silly audit   '@img/sharp-win32-x64': [ '0.33.5' ],
36 silly audit   '@isaacs/cliui': [ '8.0.2' ],
36 silly audit   '@jridgewell/gen-mapping': [ '0.3.12' ],
36 silly audit   '@jridgewell/resolve-uri': [ '3.1.2' ],
36 silly audit   '@jridgewell/sourcemap-codec': [ '1.5.0' ],
36 silly audit   '@jridgewell/trace-mapping': [ '0.3.29' ],
36 silly audit   '@kurkle/color': [ '0.3.4' ],
36 silly audit   '@next/env': [ '15.2.4' ],
36 silly audit   '@next/swc-darwin-arm64': [ '15.2.4' ],
36 silly audit   '@next/swc-darwin-x64': [ '15.2.4' ],
36 silly audit   '@next/swc-linux-arm64-gnu': [ '15.2.4' ],
36 silly audit   '@next/swc-linux-arm64-musl': [ '15.2.4' ],
36 silly audit   '@next/swc-linux-x64-gnu': [ '15.2.4' ],
36 silly audit   '@next/swc-linux-x64-musl': [ '15.2.4' ],
36 silly audit   '@next/swc-win32-arm64-msvc': [ '15.2.4' ],
36 silly audit   '@next/swc-win32-x64-msvc': [ '15.2.4' ],
36 silly audit   '@nodelib/fs.scandir': [ '2.1.5' ],
36 silly audit   '@nodelib/fs.stat': [ '2.0.5' ],
36 silly audit   '@nodelib/fs.walk': [ '1.2.8' ],
36 silly audit   '@pkgjs/parseargs': [ '0.11.0' ],
36 silly audit   '@radix-ui/number': [ '1.1.0' ],
36 silly audit   '@radix-ui/primitive': [ '1.1.1', '1.1.2' ],
36 silly audit   '@radix-ui/react-accordion': [ '1.2.2' ],
36 silly audit   '@radix-ui/react-alert-dialog': [ '1.1.4' ],
36 silly audit   '@radix-ui/react-arrow': [ '1.1.1' ],
36 silly audit   '@radix-ui/react-aspect-ratio': [ '1.1.1' ],
36 silly audit   '@radix-ui/react-avatar': [ '1.1.2' ],
36 silly audit   '@radix-ui/react-checkbox': [ '1.1.3' ],
36 silly audit   '@radix-ui/react-collapsible': [ '1.1.2' ],
36 silly audit   '@radix-ui/react-collection': [ '1.1.1', '1.1.7' ],
36 silly audit   '@radix-ui/react-compose-refs': [ '1.1.1', '1.1.2' ],
36 silly audit   '@radix-ui/react-context': [ '1.1.1', '1.1.2' ],
36 silly audit   '@radix-ui/react-context-menu': [ '2.2.4' ],
36 silly audit   '@radix-ui/react-dialog': [ '1.1.4' ],
36 silly audit   '@radix-ui/react-direction': [ '1.1.0', '1.1.1' ],
36 silly audit   '@radix-ui/react-dismissable-layer': [ '1.1.3' ],
36 silly audit   '@radix-ui/react-dropdown-menu': [ '2.1.4' ],
36 silly audit   '@radix-ui/react-focus-guards': [ '1.1.1' ],
36 silly audit   '@radix-ui/react-focus-scope': [ '1.1.1' ],
36 silly audit   '@radix-ui/react-hover-card': [ '1.1.4' ],
36 silly audit   '@radix-ui/react-id': [ '1.1.0', '1.1.1' ],
36 silly audit   '@radix-ui/react-label': [ '2.1.1' ],
36 silly audit   '@radix-ui/react-menu': [ '2.1.4' ],
36 silly audit   '@radix-ui/react-menubar': [ '1.1.4' ],
36 silly audit   '@radix-ui/react-navigation-menu': [ '1.2.3' ],
36 silly audit   '@radix-ui/react-popover': [ '1.1.4' ],
36 silly audit   '@radix-ui/react-popper': [ '1.2.1' ],
36 silly audit   '@radix-ui/react-portal': [ '1.1.3' ],
36 silly audit   '@radix-ui/react-presence': [ '1.1.2', '1.1.4' ],
36 silly audit   '@radix-ui/react-primitive': [ '2.0.1', '2.1.3' ],
36 silly audit   '@radix-ui/react-progress': [ '1.1.1' ],
36 silly audit   '@radix-ui/react-radio-group': [ '1.2.2' ],
36 silly audit   '@radix-ui/react-roving-focus': [ '1.1.1', '1.1.10' ],
36 silly audit   '@radix-ui/react-scroll-area': [ '1.2.2' ],
36 silly audit   '@radix-ui/react-select': [ '2.1.4' ],
36 silly audit   '@radix-ui/react-separator': [ '1.1.1' ],
36 silly audit   '@radix-ui/react-slider': [ '1.2.2' ],
36 silly audit   '@radix-ui/react-slot': [ '1.1.1', '1.2.3' ],
36 silly audit   '@radix-ui/react-switch': [ '1.1.2' ],
36 silly audit   '@radix-ui/react-tabs': [ '1.1.12' ],
36 silly audit   '@radix-ui/react-use-callback-ref': [ '1.1.1', '1.1.0' ],
36 silly audit   '@radix-ui/react-use-controllable-state': [ '1.2.2', '1.1.0' ],
36 silly audit   '@radix-ui/react-use-layout-effect': [ '1.1.1', '1.1.0' ],
36 silly audit   '@radix-ui/react-toast': [ '1.2.4' ],
36 silly audit   '@radix-ui/react-toggle': [ '1.1.1' ],
36 silly audit   '@radix-ui/react-toggle-group': [ '1.1.1' ],
36 silly audit   '@radix-ui/react-tooltip': [ '1.1.6' ],
36 silly audit   '@radix-ui/react-use-effect-event': [ '0.0.2' ],
36 silly audit   '@radix-ui/react-use-escape-keydown': [ '1.1.0' ],
36 silly audit   '@radix-ui/react-use-previous': [ '1.1.0' ],
36 silly audit   '@radix-ui/react-use-rect': [ '1.1.0' ],
36 silly audit   '@radix-ui/react-use-size': [ '1.1.0' ],
36 silly audit   '@radix-ui/react-visually-hidden': [ '1.1.1' ],
36 silly audit   '@radix-ui/rect': [ '1.1.0' ],
36 silly audit   '@swc/counter': [ '0.1.3' ],
36 silly audit   '@swc/helpers': [ '0.5.15' ],
36 silly audit   '@tanstack/query-core': [ '5.83.0' ],
36 silly audit   '@tanstack/react-query': [ '5.83.0' ],
36 silly audit   '@types/d3-array': [ '3.2.1' ],
36 silly audit   '@types/d3-color': [ '3.1.3' ],
36 silly audit   '@types/d3-ease': [ '3.0.2' ],
36 silly audit   '@types/d3-interpolate': [ '3.0.4' ],
36 silly audit   '@types/d3-path': [ '3.1.1' ],
36 silly audit   '@types/d3-scale': [ '4.0.9' ],
36 silly audit   '@types/d3-shape': [ '3.1.7' ],
36 silly audit   '@types/d3-time': [ '3.0.4' ],
36 silly audit   '@types/d3-timer': [ '3.0.2' ],
36 silly audit   '@types/node': [ '22.15.31' ],
36 silly audit   '@types/parse-json': [ '4.0.2' ],
36 silly audit   '@types/react': [ '19.1.8' ],
36 silly audit   '@types/react-dom': [ '19.1.6' ],
36 silly audit   '@types/react-transition-group': [ '4.4.12' ],
36 silly audit   'ansi-regex': [ '6.1.0', '5.0.1' ],
36 silly audit   'ansi-styles': [ '6.2.1', '4.3.0' ],
36 silly audit   'any-promise': [ '1.3.0' ],
36 silly audit   anymatch: [ '3.1.3' ],
36 silly audit   arg: [ '5.0.2' ],
36 silly audit   'aria-hidden': [ '1.2.6' ],
36 silly audit   asynckit: [ '0.4.0' ],
36 silly audit   'attr-accept': [ '2.2.5' ],
36 silly audit   autoprefixer: [ '10.4.21' ],
36 silly audit   axios: [ '1.10.0' ],
36 silly audit   'axios-retry': [ '4.5.0' ],
36 silly audit   'babel-plugin-macros': [ '3.1.0' ],
36 silly audit   'balanced-match': [ '1.0.2' ],
36 silly audit   'binary-extensions': [ '2.3.0' ],
36 silly audit   'brace-expansion': [ '2.0.2' ],
36 silly audit   braces: [ '3.0.3' ],
36 silly audit   browserslist: [ '4.25.0' ],
36 silly audit   busboy: [ '1.6.0' ],
36 silly audit   'call-bind-apply-helpers': [ '1.0.2' ],
36 silly audit   callsites: [ '3.1.0' ],
36 silly audit   'camelcase-css': [ '2.0.1' ],
36 silly audit   'caniuse-lite': [ '1.0.30001723' ],
36 silly audit   'chart.js': [ '4.5.0' ],
36 silly audit   chokidar: [ '3.6.0' ],
36 silly audit   'glob-parent': [ '5.1.2', '6.0.2' ],
36 silly audit   'class-variance-authority': [ '0.7.1' ],
36 silly audit   'client-only': [ '0.0.1' ],
36 silly audit   clsx: [ '2.1.1' ],
36 silly audit   cmdk: [ '1.0.4' ],
36 silly audit   color: [ '4.2.3' ],
36 silly audit   'color-convert': [ '2.0.1' ],
36 silly audit   'color-name': [ '1.1.4' ],
36 silly audit   'color-string': [ '1.9.1' ],
36 silly audit   'combined-stream': [ '1.0.8' ],
36 silly audit   commander: [ '4.1.1' ],
36 silly audit   'convert-source-map': [ '1.9.0' ],
36 silly audit   cosmiconfig: [ '7.1.0' ],
36 silly audit   yaml: [ '1.10.2', '2.8.0' ],
36 silly audit   'cross-spawn': [ '7.0.6' ],
36 silly audit   cssesc: [ '3.0.0' ],
36 silly audit   csstype: [ '3.1.3' ],
36 silly audit   'd3-array': [ '3.2.4' ],
36 silly audit   'd3-color': [ '3.1.0' ],
36 silly audit   'd3-ease': [ '3.0.1' ],
36 silly audit   'd3-format': [ '3.1.0' ],
36 silly audit   'd3-interpolate': [ '3.0.1' ],
36 silly audit   'd3-path': [ '3.1.0' ],
36 silly audit   'd3-scale': [ '4.0.2' ],
36 silly audit   'd3-shape': [ '3.2.0' ],
36 silly audit   'd3-time': [ '3.1.0' ],
36 silly audit   'd3-time-format': [ '4.1.0' ],
36 silly audit   'd3-timer': [ '3.0.1' ],
36 silly audit   'date-fns': [ '4.1.0' ],
36 silly audit   debug: [ '4.4.1' ],
36 silly audit   'decimal.js-light': [ '2.5.1' ],
36 silly audit   'delayed-stream': [ '1.0.0' ],
36 silly audit   'detect-libc': [ '2.0.4' ],
36 silly audit   'detect-node-es': [ '1.1.0' ],
36 silly audit   didyoumean: [ '1.2.2' ],
36 silly audit   dlv: [ '1.1.3' ],
36 silly audit   'dom-helpers': [ '5.2.1' ],
36 silly audit   'dunder-proto': [ '1.0.1' ],
36 silly audit   eastasianwidth: [ '0.2.0' ],
36 silly audit   'electron-to-chromium': [ '1.5.167' ],
36 silly audit   'embla-carousel': [ '8.5.1' ],
36 silly audit   'embla-carousel-react': [ '8.5.1' ],
36 silly audit   'embla-carousel-reactive-utils': [ '8.5.1' ],
36 silly audit   'emoji-regex': [ '9.2.2', '8.0.0' ],
36 silly audit   'error-ex': [ '1.3.2' ],
36 silly audit   'is-arrayish': [ '0.2.1', '0.3.2' ],
36 silly audit   'es-define-property': [ '1.0.1' ],
36 silly audit   'es-errors': [ '1.3.0' ],
36 silly audit   'es-object-atoms': [ '1.1.1' ],
36 silly audit   'es-set-tostringtag': [ '2.1.0' ],
36 silly audit   escalade: [ '3.2.0' ],
36 silly audit   'escape-string-regexp': [ '4.0.0' ],
36 silly audit   eventemitter3: [ '4.0.7' ],
36 silly audit   'fast-equals': [ '5.2.2' ],
36 silly audit   'fast-glob': [ '3.3.3' ],
36 silly audit   fastq: [ '1.19.1' ],
36 silly audit   'file-selector': [ '2.1.2' ],
36 silly audit   'fill-range': [ '7.1.1' ],
36 silly audit   'find-root': [ '1.1.0' ],
36 silly audit   'follow-redirects': [ '1.15.9' ],
36 silly audit   'foreground-child': [ '3.3.1' ],
36 silly audit   'form-data': [ '4.0.3' ],
36 silly audit   'fraction.js': [ '4.3.7' ],
36 silly audit   'framer-motion': [ '12.23.5' ],
36 silly audit   fsevents: [ '2.3.3' ],
36 silly audit   'function-bind': [ '1.1.2' ],
36 silly audit   'get-intrinsic': [ '1.3.0' ],
36 silly audit   'get-nonce': [ '1.0.1' ],
36 silly audit   'get-proto': [ '1.0.1' ],
36 silly audit   glob: [ '10.4.5' ],
36 silly audit   gopd: [ '1.2.0' ],
36 silly audit   'has-symbols': [ '1.1.0' ],
36 silly audit   'has-tostringtag': [ '1.0.2' ],
36 silly audit   hasown: [ '2.0.2' ],
36 silly audit   'hoist-non-react-statics': [ '3.3.2' ],
36 silly audit   'react-is': [ '16.13.1', '18.3.1' ],
36 silly audit   'import-fresh': [ '3.3.1' ],
36 silly audit   'input-otp': [ '1.4.1' ],
36 silly audit   internmap: [ '2.0.3' ],
36 silly audit   'is-binary-path': [ '2.1.0' ],
36 silly audit   'is-core-module': [ '2.16.1' ],
36 silly audit   'is-extglob': [ '2.1.1' ],
36 silly audit   'is-fullwidth-code-point': [ '3.0.0' ],
36 silly audit   'is-glob': [ '4.0.3' ],
36 silly audit   'is-number': [ '7.0.0' ],
36 silly audit   'is-retry-allowed': [ '2.2.0' ],
36 silly audit   isexe: [ '2.0.0' ],
36 silly audit   jackspeak: [ '3.4.3' ],
36 silly audit   jiti: [ '1.21.7' ],
36 silly audit   'js-tokens': [ '4.0.0' ],
36 silly audit   jsesc: [ '3.1.0' ],
36 silly audit   'json-parse-even-better-errors': [ '2.3.1' ],
36 silly audit   lilconfig: [ '3.1.3' ],
36 silly audit   'lines-and-columns': [ '1.2.4' ],
36 silly audit   lodash: [ '4.17.21' ],
36 silly audit   'loose-envify': [ '1.4.0' ],
36 silly audit   'lru-cache': [ '10.4.3' ],
36 silly audit   'lucide-react': [ '0.454.0' ],
36 silly audit   'math-intrinsics': [ '1.1.0' ],
36 silly audit   'memoize-one': [ '6.0.0' ],
36 silly audit   merge2: [ '1.4.1' ],
36 silly audit   micromatch: [ '4.0.8' ],
36 silly audit   'mime-db': [ '1.52.0' ],
36 silly audit   'mime-types': [ '2.1.35' ],
36 silly audit   minimatch: [ '9.0.5' ],
36 silly audit   minipass: [ '7.1.2' ],
36 silly audit   'motion-dom': [ '12.23.5' ],
36 silly audit   'motion-utils': [ '12.23.2' ],
36 silly audit   ms: [ '2.1.3' ],
36 silly audit   mz: [ '2.7.0' ],
36 silly audit   nanoid: [ '3.3.11' ],
36 silly audit   next: [ '15.2.4' ],
36 silly audit   'next-themes': [ '0.4.6' ],
36 silly audit   postcss: [ '8.4.31', '8.5.5' ],
36 silly audit   'node-releases': [ '2.0.19' ],
36 silly audit   'normalize-path': [ '3.0.0' ],
36 silly audit   'normalize-range': [ '0.1.2' ],
36 silly audit   'object-assign': [ '4.1.1' ],
36 silly audit   'object-hash': [ '3.0.0' ],
36 silly audit   'package-json-from-dist': [ '1.0.1' ],
36 silly audit   'parent-module': [ '1.0.1' ],
36 silly audit   'parse-json': [ '5.2.0' ],
36 silly audit   'path-key': [ '3.1.1' ],
36 silly audit   'path-parse': [ '1.0.7' ],
36 silly audit   'path-scurry': [ '1.11.1' ],
36 silly audit   'path-type': [ '4.0.0' ],
36 silly audit   picocolors: [ '1.1.1' ],
36 silly audit   picomatch: [ '2.3.1' ],
36 silly audit   pify: [ '2.3.0' ],
36 silly audit   pirates: [ '4.0.7' ],
36 silly audit   'postcss-import': [ '15.1.0' ],
36 silly audit   'postcss-js': [ '4.0.1' ],
36 silly audit   'postcss-nested': [ '6.2.0' ],
36 silly audit   'postcss-selector-parser': [ '6.1.2' ],
36 silly audit   'postcss-value-parser': [ '4.2.0' ],
36 silly audit   'prop-types': [ '15.8.1' ],
36 silly audit   'proxy-from-env': [ '1.1.0' ],
36 silly audit   'queue-microtask': [ '1.2.3' ],
36 silly audit   react: [ '19.1.0' ],
36 silly audit   'react-chartjs-2': [ '5.3.0' ],
36 silly audit   'react-day-picker': [ '8.10.1' ],
36 silly audit   'react-dom': [ '19.1.0' ],
36 silly audit   'react-dropzone': [ '14.3.8' ],
36 silly audit   'react-hook-form': [ '7.57.0' ],
36 silly audit   'react-icons': [ '5.5.0' ],
36 silly audit   'react-remove-scroll': [ '2.7.1' ],
36 silly audit   'react-remove-scroll-bar': [ '2.3.8' ],
36 silly audit   'react-resizable-panels': [ '2.1.9' ],
36 silly audit   'react-select': [ '5.10.2' ],
36 silly audit   'react-smooth': [ '4.0.4' ],
36 silly audit   'react-style-singleton': [ '2.2.3' ],
36 silly audit   'react-transition-group': [ '4.4.5' ],
36 silly audit   'read-cache': [ '1.0.0' ],
36 silly audit   readdirp: [ '3.6.0' ],
36 silly audit   recharts: [ '2.15.0' ],
36 silly audit   'recharts-scale': [ '0.4.5' ],
36 silly audit   resolve: [ '1.22.10' ],
36 silly audit   'resolve-from': [ '4.0.0' ],
36 silly audit   reusify: [ '1.1.0' ],
36 silly audit   'run-parallel': [ '1.2.0' ],
36 silly audit   scheduler: [ '0.26.0' ],
36 silly audit   semver: [ '7.7.2' ],
36 silly audit   sharp: [ '0.33.5' ],
36 silly audit   'shebang-command': [ '2.0.0' ],
36 silly audit   'shebang-regex': [ '3.0.0' ],
36 silly audit   'signal-exit': [ '4.1.0' ],
36 silly audit   'simple-swizzle': [ '0.2.2' ],
36 silly audit   sonner: [ '1.7.4' ],
36 silly audit   'source-map': [ '0.5.7' ],
36 silly audit   'source-map-js': [ '1.2.1' ],
36 silly audit   streamsearch: [ '1.1.0' ],
36 silly audit   'string-width': [ '5.1.2', '4.2.3' ],
36 silly audit   'strip-ansi': [ '6.0.1', '7.1.0' ],
36 silly audit   'styled-jsx': [ '5.1.6' ],
36 silly audit   stylis: [ '4.2.0' ],
36 silly audit   sucrase: [ '3.35.0' ],
36 silly audit   'supports-preserve-symlinks-flag': [ '1.0.0' ],
36 silly audit   'tailwind-merge': [ '2.6.0' ],
36 silly audit   tailwindcss: [ '3.4.17' ],
36 silly audit   'tailwindcss-animate': [ '1.0.7' ],
36 silly audit   'postcss-load-config': [ '4.0.2' ],
36 silly audit   thenify: [ '3.3.1' ],
36 silly audit   'thenify-all': [ '1.6.0' ],
36 silly audit   'tiny-invariant': [ '1.3.3' ],
36 silly audit   'to-regex-range': [ '5.0.1' ],
36 silly audit   'ts-interface-checker': [ '0.1.13' ],
36 silly audit   tslib: [ '2.8.1' ],
36 silly audit   typescript: [ '5.8.3' ],
36 silly audit   'undici-types': [ '6.21.0' ],
36 silly audit   'update-browserslist-db': [ '1.1.3' ],
36 silly audit   'use-callback-ref': [ '1.3.3' ],
36 silly audit   'use-isomorphic-layout-effect': [ '1.2.1' ],
36 silly audit   'use-sidecar': [ '1.1.3' ],
36 silly audit   'use-sync-external-store': [ '1.5.0' ],
36 silly audit   'util-deprecate': [ '1.0.2' ],
36 silly audit   vaul: [ '0.9.9' ],
36 silly audit   'victory-vendor': [ '36.9.2' ],
36 silly audit   which: [ '2.0.2' ],
36 silly audit   'wrap-ansi': [ '8.1.0', '7.0.0' ],
36 silly audit   zod: [ '3.25.64' ]
36 silly audit }
37 verbose reify failed optional dependency D:\musicnew\ResVibesync\frontend\node_modules\fsevents
38 silly reify mark deleted [ 'D:\\musicnew\\ResVibesync\\frontend\\node_modules\\fsevents' ]
39 verbose reify failed optional dependency D:\musicnew\ResVibesync\frontend\node_modules\@next\swc-win32-arm64-msvc
40 silly reify mark deleted [
40 silly reify   'D:\\musicnew\\ResVibesync\\frontend\\node_modules\\@next\\swc-win32-arm64-msvc'
40 silly reify ]
41 verbose reify failed optional dependency D:\musicnew\ResVibesync\frontend\node_modules\@next\swc-linux-x64-musl
42 silly reify mark deleted [
42 silly reify   'D:\\musicnew\\ResVibesync\\frontend\\node_modules\\@next\\swc-linux-x64-musl'
42 silly reify ]
43 verbose reify failed optional dependency D:\musicnew\ResVibesync\frontend\node_modules\@next\swc-linux-x64-gnu
44 silly reify mark deleted [
44 silly reify   'D:\\musicnew\\ResVibesync\\frontend\\node_modules\\@next\\swc-linux-x64-gnu'
44 silly reify ]
45 verbose reify failed optional dependency D:\musicnew\ResVibesync\frontend\node_modules\@next\swc-linux-arm64-musl
46 silly reify mark deleted [
46 silly reify   'D:\\musicnew\\ResVibesync\\frontend\\node_modules\\@next\\swc-linux-arm64-musl'
46 silly reify ]
47 verbose reify failed optional dependency D:\musicnew\ResVibesync\frontend\node_modules\@next\swc-linux-arm64-gnu
48 silly reify mark deleted [
48 silly reify   'D:\\musicnew\\ResVibesync\\frontend\\node_modules\\@next\\swc-linux-arm64-gnu'
48 silly reify ]
49 verbose reify failed optional dependency D:\musicnew\ResVibesync\frontend\node_modules\@next\swc-darwin-x64
50 silly reify mark deleted [
50 silly reify   'D:\\musicnew\\ResVibesync\\frontend\\node_modules\\@next\\swc-darwin-x64'
50 silly reify ]
51 verbose reify failed optional dependency D:\musicnew\ResVibesync\frontend\node_modules\@next\swc-darwin-arm64
52 silly reify mark deleted [
52 silly reify   'D:\\musicnew\\ResVibesync\\frontend\\node_modules\\@next\\swc-darwin-arm64'
52 silly reify ]
53 verbose reify failed optional dependency D:\musicnew\ResVibesync\frontend\node_modules\@img\sharp-win32-ia32
54 silly reify mark deleted [
54 silly reify   'D:\\musicnew\\ResVibesync\\frontend\\node_modules\\@img\\sharp-win32-ia32'
54 silly reify ]
55 verbose reify failed optional dependency D:\musicnew\ResVibesync\frontend\node_modules\@img\sharp-wasm32
56 silly reify mark deleted [
56 silly reify   'D:\\musicnew\\ResVibesync\\frontend\\node_modules\\@img\\sharp-wasm32'
56 silly reify ]
57 verbose reify failed optional dependency D:\musicnew\ResVibesync\frontend\node_modules\@emnapi\runtime
58 silly reify mark deleted [
58 silly reify   'D:\\musicnew\\ResVibesync\\frontend\\node_modules\\@emnapi\\runtime'
58 silly reify ]
59 verbose reify failed optional dependency D:\musicnew\ResVibesync\frontend\node_modules\@img\sharp-linuxmusl-x64
60 silly reify mark deleted [
60 silly reify   'D:\\musicnew\\ResVibesync\\frontend\\node_modules\\@img\\sharp-linuxmusl-x64'
60 silly reify ]
61 verbose reify failed optional dependency D:\musicnew\ResVibesync\frontend\node_modules\@img\sharp-linuxmusl-arm64
62 silly reify mark deleted [
62 silly reify   'D:\\musicnew\\ResVibesync\\frontend\\node_modules\\@img\\sharp-linuxmusl-arm64'
62 silly reify ]
63 verbose reify failed optional dependency D:\musicnew\ResVibesync\frontend\node_modules\@img\sharp-linux-x64
64 silly reify mark deleted [
64 silly reify   'D:\\musicnew\\ResVibesync\\frontend\\node_modules\\@img\\sharp-linux-x64'
64 silly reify ]
65 verbose reify failed optional dependency D:\musicnew\ResVibesync\frontend\node_modules\@img\sharp-linux-s390x
66 silly reify mark deleted [
66 silly reify   'D:\\musicnew\\ResVibesync\\frontend\\node_modules\\@img\\sharp-linux-s390x'
66 silly reify ]
67 verbose reify failed optional dependency D:\musicnew\ResVibesync\frontend\node_modules\@img\sharp-linux-arm64
68 silly reify mark deleted [
68 silly reify   'D:\\musicnew\\ResVibesync\\frontend\\node_modules\\@img\\sharp-linux-arm64'
68 silly reify ]
69 verbose reify failed optional dependency D:\musicnew\ResVibesync\frontend\node_modules\@img\sharp-linux-arm
70 silly reify mark deleted [
70 silly reify   'D:\\musicnew\\ResVibesync\\frontend\\node_modules\\@img\\sharp-linux-arm'
70 silly reify ]
71 verbose reify failed optional dependency D:\musicnew\ResVibesync\frontend\node_modules\@img\sharp-libvips-linuxmusl-x64
72 silly reify mark deleted [
72 silly reify   'D:\\musicnew\\ResVibesync\\frontend\\node_modules\\@img\\sharp-libvips-linuxmusl-x64'
72 silly reify ]
73 verbose reify failed optional dependency D:\musicnew\ResVibesync\frontend\node_modules\@img\sharp-libvips-linuxmusl-arm64
74 silly reify mark deleted [
74 silly reify   'D:\\musicnew\\ResVibesync\\frontend\\node_modules\\@img\\sharp-libvips-linuxmusl-arm64'
74 silly reify ]
75 verbose reify failed optional dependency D:\musicnew\ResVibesync\frontend\node_modules\@img\sharp-libvips-linux-x64
76 silly reify mark deleted [
76 silly reify   'D:\\musicnew\\ResVibesync\\frontend\\node_modules\\@img\\sharp-libvips-linux-x64'
76 silly reify ]
77 verbose reify failed optional dependency D:\musicnew\ResVibesync\frontend\node_modules\@img\sharp-libvips-linux-s390x
78 silly reify mark deleted [
78 silly reify   'D:\\musicnew\\ResVibesync\\frontend\\node_modules\\@img\\sharp-libvips-linux-s390x'
78 silly reify ]
79 verbose reify failed optional dependency D:\musicnew\ResVibesync\frontend\node_modules\@img\sharp-libvips-linux-arm64
80 silly reify mark deleted [
80 silly reify   'D:\\musicnew\\ResVibesync\\frontend\\node_modules\\@img\\sharp-libvips-linux-arm64'
80 silly reify ]
81 verbose reify failed optional dependency D:\musicnew\ResVibesync\frontend\node_modules\@img\sharp-libvips-linux-arm
82 silly reify mark deleted [
82 silly reify   'D:\\musicnew\\ResVibesync\\frontend\\node_modules\\@img\\sharp-libvips-linux-arm'
82 silly reify ]
83 verbose reify failed optional dependency D:\musicnew\ResVibesync\frontend\node_modules\@img\sharp-libvips-darwin-x64
84 silly reify mark deleted [
84 silly reify   'D:\\musicnew\\ResVibesync\\frontend\\node_modules\\@img\\sharp-libvips-darwin-x64'
84 silly reify ]
85 verbose reify failed optional dependency D:\musicnew\ResVibesync\frontend\node_modules\@img\sharp-libvips-darwin-arm64
86 silly reify mark deleted [
86 silly reify   'D:\\musicnew\\ResVibesync\\frontend\\node_modules\\@img\\sharp-libvips-darwin-arm64'
86 silly reify ]
87 verbose reify failed optional dependency D:\musicnew\ResVibesync\frontend\node_modules\@img\sharp-darwin-x64
88 silly reify mark deleted [
88 silly reify   'D:\\musicnew\\ResVibesync\\frontend\\node_modules\\@img\\sharp-darwin-x64'
88 silly reify ]
89 verbose reify failed optional dependency D:\musicnew\ResVibesync\frontend\node_modules\@img\sharp-darwin-arm64
90 silly reify mark deleted [
90 silly reify   'D:\\musicnew\\ResVibesync\\frontend\\node_modules\\@img\\sharp-darwin-arm64'
90 silly reify ]
91 http cache @emnapi/runtime@https://registry.npmjs.org/@emnapi/runtime/-/runtime-1.4.3.tgz 0ms (cache hit)
92 http fetch POST 200 https://registry.npmjs.org/-/npm/v1/security/advisories/bulk 412ms
93 silly audit report {
93 silly audit report   axios: [
93 silly audit report     {
93 silly audit report       id: 1106660,
93 silly audit report       url: 'https://github.com/advisories/GHSA-rm8p-cx58-hcvx',
93 silly audit report       title: 'Axios has Transitive Critical Vulnerability via form-data — Predictable Boundary Values (CVE-2025-7783)',
93 silly audit report       severity: 'high',
93 silly audit report       vulnerable_versions: '=1.10.0',
93 silly audit report       cwe: [],
93 silly audit report       cvss: [Object]
93 silly audit report     }
93 silly audit report   ],
93 silly audit report   'form-data': [
93 silly audit report     {
93 silly audit report       id: 1106507,
93 silly audit report       url: 'https://github.com/advisories/GHSA-fjxv-7rqg-78g4',
93 silly audit report       title: 'form-data uses unsafe random function in form-data for choosing boundary',
93 silly audit report       severity: 'critical',
93 silly audit report       vulnerable_versions: '>=4.0.0 <4.0.4',
93 silly audit report       cwe: [Array],
93 silly audit report       cvss: [Object]
93 silly audit report     }
93 silly audit report   ]
93 silly audit report }
94 silly packumentCache corgi:https://registry.npmjs.org/axios cache-miss
95 silly packumentCache corgi:https://registry.npmjs.org/form-data cache-miss
96 http fetch GET 200 https://registry.npmjs.org/form-data 63ms (cache miss)
97 silly packumentCache corgi:https://registry.npmjs.org/form-data set size:undefined disposed:false
98 http fetch GET 200 https://registry.npmjs.org/axios 212ms (cache miss)
99 silly packumentCache corgi:https://registry.npmjs.org/axios set size:undefined disposed:false
100 silly packumentCache corgi:https://registry.npmjs.org/axios-retry cache-miss
101 http fetch GET 200 https://registry.npmjs.org/axios-retry 65ms (cache miss)
102 silly packumentCache corgi:https://registry.npmjs.org/axios-retry set size:undefined disposed:false
103 silly ADD
104 silly ADD
105 silly ADD
106 silly ADD
107 silly ADD
108 silly ADD
109 silly ADD
110 silly ADD
111 silly ADD
112 silly ADD
113 silly ADD
114 silly ADD
115 silly ADD
116 silly ADD
117 silly ADD
118 silly ADD
119 silly ADD
120 silly ADD
121 silly ADD
122 silly ADD
123 silly ADD
124 silly ADD
125 silly ADD
126 silly ADD
127 silly ADD
128 silly ADD
129 silly ADD
130 verbose cwd D:\musicnew\ResVibesync\frontend
131 verbose os Windows_NT 10.0.26100
132 verbose node v22.16.0
133 verbose npm  v10.9.2
134 verbose exit 0
135 info ok
